Éxito (11):
group 330 33e562ab-777e-47f8-a585-33f8e145ebfe "CB Administradores"
group 331 eaa9c8a8-8f07-44ae-a2c0-596aa04c4d48 "CB Usuarios"
content 207317 05026428-f647-445b-bdbb-47ab8fd56011 "CB Reglas y constantes"
content 207318 82024408-941c-495a-bf0f-f2c1de61ed9b "CB Centro de conocimientos"
content 207319 f690b02c-6b42-4c79-863b-8c662a2ee2b4 "CB Documentación de aplicación"
content 207320 e309d5eb-db9e-4dc5-91e2-2a3af5b941de "CB Artefactos"
content 207363 _a-0000ee92-fba5-8000-9c16-011c48011c48_4423423 "CB_CONS_1"
content 208342 _a-0000ee92-fba5-8000-9c16-011c48011c48_4436971 "CB_aaaa"
processModelFolder 71 b108a5a7-0992-4c86-83d1-3d9725c3e0fb "CB Modelos de procesos"
application 207321 9c354868-5dcd-4514-866d-19c6b14ecba7 "CICD-Flow B"
connectedSystem 207364 _a-0000ee92-fba5-8000-9c16-011c48011c48_4423429 "CB _SISTEMA CONECTADO"

Trace:
2025-10-13 15:32:08.203 DEBUG application 207321 9c354868-5dcd-4514-866d-19c6b14ecba7 Begin transport.
2025-10-13 15:32:08.203 DEBUG application 207321 9c354868-5dcd-4514-866d-19c6b14ecba7 Retrieving object data.
2025-10-13 15:32:08.209 DEBUG application 207321 9c354868-5dcd-4514-866d-19c6b14ecba7 App associated objects: [group=[33e562ab-777e-47f8-a585-33f8e145ebfe, eaa9c8a8-8f07-44ae-a2c0-596aa04c4d48],content=[05026428-f647-445b-bdbb-47ab8fd56011, f690b02c-6b42-4c79-863b-8c662a2ee2b4, e309d5eb-db9e-4dc5-91e2-2a3af5b941de, 82024408-941c-495a-bf0f-f2c1de61ed9b, _a-0000ee92-fba5-8000-9c16-011c48011c48_4423423, _a-0000ee92-fba5-8000-9c16-011c48011c48_4436971],processModelFolder=[b108a5a7-0992-4c86-83d1-3d9725c3e0fb],connectedSystem=[_a-0000ee92-fba5-8000-9c16-011c48011c48_4423429]]
2025-10-13 15:32:08.224 DEBUG application 207321 9c354868-5dcd-4514-866d-19c6b14ecba7 Invalid associated objects: []
2025-10-13 15:32:08.224 DEBUG application 207321 9c354868-5dcd-4514-866d-19c6b14ecba7 Adding valid associated objects to be exported: GlobalBindingMap[group={33e562ab-777e-47f8-a585-33f8e145ebfe=330, eaa9c8a8-8f07-44ae-a2c0-596aa04c4d48=331},content={05026428-f647-445b-bdbb-47ab8fd56011=207317, f690b02c-6b42-4c79-863b-8c662a2ee2b4=207319, e309d5eb-db9e-4dc5-91e2-2a3af5b941de=207320, 82024408-941c-495a-bf0f-f2c1de61ed9b=207318, _a-0000ee92-fba5-8000-9c16-011c48011c48_4423423=207363, _a-0000ee92-fba5-8000-9c16-011c48011c48_4436971=208342},processModelFolder={b108a5a7-0992-4c86-83d1-3d9725c3e0fb=71},connectedSystem={_a-0000ee92-fba5-8000-9c16-011c48011c48_4423429=207364}]
2025-10-13 15:32:08.224 DEBUG application 207321 9c354868-5dcd-4514-866d-19c6b14ecba7 Setting uuids of object references.
2025-10-13 15:32:08.224 DEBUG application 207321 9c354868-5dcd-4514-866d-19c6b14ecba7 Processing reference: Application.forum
2025-10-13 15:32:08.224 DEBUG application 207321 9c354868-5dcd-4514-866d-19c6b14ecba7 Processing reference: Application.parent
2025-10-13 15:32:08.227 DEBUG application 207321 9c354868-5dcd-4514-866d-19c6b14ecba7 Processing reference: com.appiancorp.suiteapi.content.ContentRoleMap@294c6cbe[
  ContentRole[name=readers,groupIds=[331],inherit=false,allowForAll=false]
  ContentRole[name=authors,inherit=false,allowForAll=false]
  ContentRole[name=administrators,groupIds=[330],inherit=false,allowForAll=false]
  ContentRole[name=denyReaders,inherit=false,allowForAll=false]
  ContentRole[name=denyAuthors,inherit=false,allowForAll=false]
  ContentRole[name=denyAdministrators,inherit=false,allowForAll=false]
  securityVector=1:SEC_PUBLIC=true,SEC_CREATOR_ADMIN=false,SEC_INH_ADMIN=false,SEC_INH_EDITOR=false,SEC_INH_VIEWER=false,SEC_ALL_ADMIN=false,SEC_ALL_EDITOR=false,SEC_ALL_VIEWER=false
]
2025-10-13 15:32:08.227 DEBUG application 207321 9c354868-5dcd-4514-866d-19c6b14ecba7 Processing reference: ContentRole[name=readers,groupIds=[331],inherit=false,allowForAll=false]
2025-10-13 15:32:08.228 DEBUG group 331 eaa9c8a8-8f07-44ae-a2c0-596aa04c4d48 Begin transport.
2025-10-13 15:32:08.228 DEBUG group 331 eaa9c8a8-8f07-44ae-a2c0-596aa04c4d48 Retrieving object data.
2025-10-13 15:32:08.238 DEBUG group 331 eaa9c8a8-8f07-44ae-a2c0-596aa04c4d48 Setting uuids of object references.
2025-10-13 15:32:08.238 DEBUG group 331 eaa9c8a8-8f07-44ae-a2c0-596aa04c4d48 Processing reference: Role[name=<null>,groupIds=[330]]
2025-10-13 15:32:08.239 DEBUG group 330 33e562ab-777e-47f8-a585-33f8e145ebfe Begin transport.
2025-10-13 15:32:08.239 DEBUG group 330 33e562ab-777e-47f8-a585-33f8e145ebfe Retrieving object data.
2025-10-13 15:32:08.248 DEBUG group 330 33e562ab-777e-47f8-a585-33f8e145ebfe Setting uuids of object references.
2025-10-13 15:32:08.248 DEBUG group 330 33e562ab-777e-47f8-a585-33f8e145ebfe Processing reference: Role[name=<null>,groupIds=[330]]
2025-10-13 15:32:08.25 DEBUG group 330 33e562ab-777e-47f8-a585-33f8e145ebfe Begin transport.
2025-10-13 15:32:08.25 DEBUG group 330 33e562ab-777e-47f8-a585-33f8e145ebfe Loop detected: [group:330]
2025-10-13 15:32:08.25 DEBUG group 330 Breaking loop [group:330]. group:330 will be transported with its reference to 330 nulled out and will require a second pass.
2025-10-13 15:32:08.25 DEBUG group 330 33e562ab-777e-47f8-a585-33f8e145ebfe Processing reference: Attribute[name=ADGroup,type=STRING,value=foobar]
2025-10-13 15:32:08.25 DEBUG group 330 33e562ab-777e-47f8-a585-33f8e145ebfe Processing reference: Attribute[name=ADGroup-QA,type=STRING,value=foobar]
2025-10-13 15:32:08.25 DEBUG group 330 33e562ab-777e-47f8-a585-33f8e145ebfe Processing reference: Attribute[name=ADGroup-DEV,type=STRING,value=foobar]
2025-10-13 15:32:08.25 DEBUG group 330 33e562ab-777e-47f8-a585-33f8e145ebfe Processing reference: Group.groupTypeId
2025-10-13 15:32:08.251 DEBUG group 330 33e562ab-777e-47f8-a585-33f8e145ebfe Processing reference: Group.parentId
2025-10-13 15:32:08.252 DEBUG group 330 33e562ab-777e-47f8-a585-33f8e145ebfe Processing reference: Group.homePageId
2025-10-13 15:32:08.252 DEBUG group 330 33e562ab-777e-47f8-a585-33f8e145ebfe Processing reference: Role[name=<null>]
2025-10-13 15:32:08.252 DEBUG group 330 33e562ab-777e-47f8-a585-33f8e145ebfe Object transported with these references nulled out: [group:330]
2025-10-13 15:32:08.252 DEBUG group 330 33e562ab-777e-47f8-a585-33f8e145ebfe Binding pending incomplete: group:330
2025-10-13 15:32:08.253 DEBUG group 330 33e562ab-777e-47f8-a585-33f8e145ebfe Begin transport.
2025-10-13 15:32:08.253 DEBUG group 330 33e562ab-777e-47f8-a585-33f8e145ebfe Retrieving object data.
2025-10-13 15:32:08.261 DEBUG group 330 33e562ab-777e-47f8-a585-33f8e145ebfe Setting uuids of object references.
2025-10-13 15:32:08.261 DEBUG group 330 33e562ab-777e-47f8-a585-33f8e145ebfe Processing reference: Role[name=<null>,groupIds=[330]]
2025-10-13 15:32:08.263 DEBUG group 330 33e562ab-777e-47f8-a585-33f8e145ebfe Processing reference: Attribute[name=ADGroup,type=STRING,value=foobar]
2025-10-13 15:32:08.263 DEBUG group 330 33e562ab-777e-47f8-a585-33f8e145ebfe Processing reference: Attribute[name=ADGroup-QA,type=STRING,value=foobar]
2025-10-13 15:32:08.263 DEBUG group 330 33e562ab-777e-47f8-a585-33f8e145ebfe Processing reference: Attribute[name=ADGroup-DEV,type=STRING,value=foobar]
2025-10-13 15:32:08.263 DEBUG group 330 33e562ab-777e-47f8-a585-33f8e145ebfe Processing reference: Group.groupTypeId
2025-10-13 15:32:08.264 DEBUG group 330 33e562ab-777e-47f8-a585-33f8e145ebfe Processing reference: Group.parentId
2025-10-13 15:32:08.264 DEBUG group 330 33e562ab-777e-47f8-a585-33f8e145ebfe Processing reference: Group.homePageId
2025-10-13 15:32:08.264 DEBUG group 330 33e562ab-777e-47f8-a585-33f8e145ebfe Processing reference: Role[name=<null>]
2025-10-13 15:32:08.264 DEBUG group 330 33e562ab-777e-47f8-a585-33f8e145ebfe Exporting binary resources.
2025-10-13 15:32:08.264 DEBUG group 330 33e562ab-777e-47f8-a585-33f8e145ebfe Serializing object to XML.
2025-10-13 15:32:08.264 DEBUG group 330 33e562ab-777e-47f8-a585-33f8e145ebfe Removed object from incomplete list.
2025-10-13 15:32:08.264 DEBUG group 330 33e562ab-777e-47f8-a585-33f8e145ebfe Object transported.
2025-10-13 15:32:08.264 DEBUG group 330 33e562ab-777e-47f8-a585-33f8e145ebfe Binding pending incomplete: group:330
2025-10-13 15:32:08.266 DEBUG group 331 eaa9c8a8-8f07-44ae-a2c0-596aa04c4d48 Processing reference: Attribute[name=ADGroup,type=STRING,value=foobar]
2025-10-13 15:32:08.266 DEBUG group 331 eaa9c8a8-8f07-44ae-a2c0-596aa04c4d48 Processing reference: Attribute[name=ADGroup-QA,type=STRING,value=foobar]
2025-10-13 15:32:08.266 DEBUG group 331 eaa9c8a8-8f07-44ae-a2c0-596aa04c4d48 Processing reference: Attribute[name=ADGroup-DEV,type=STRING,value=foobar]
2025-10-13 15:32:08.266 DEBUG group 331 eaa9c8a8-8f07-44ae-a2c0-596aa04c4d48 Processing reference: Group.groupTypeId
2025-10-13 15:32:08.267 DEBUG group 331 eaa9c8a8-8f07-44ae-a2c0-596aa04c4d48 Processing reference: Group.parentId
2025-10-13 15:32:08.267 DEBUG group 331 eaa9c8a8-8f07-44ae-a2c0-596aa04c4d48 Processing reference: Group.homePageId
2025-10-13 15:32:08.267 DEBUG group 331 eaa9c8a8-8f07-44ae-a2c0-596aa04c4d48 Processing reference: Role[name=<null>,groupIds=[330]]
2025-10-13 15:32:08.268 DEBUG group 331 eaa9c8a8-8f07-44ae-a2c0-596aa04c4d48 Exporting binary resources.
2025-10-13 15:32:08.268 DEBUG group 331 eaa9c8a8-8f07-44ae-a2c0-596aa04c4d48 Serializing object to XML.
2025-10-13 15:32:08.268 DEBUG group 331 eaa9c8a8-8f07-44ae-a2c0-596aa04c4d48 Object transported.
2025-10-13 15:32:08.268 DEBUG application 207321 9c354868-5dcd-4514-866d-19c6b14ecba7 Processing reference: ContentRole[name=authors,inherit=false,allowForAll=false]
2025-10-13 15:32:08.268 DEBUG application 207321 9c354868-5dcd-4514-866d-19c6b14ecba7 Processing reference: ContentRole[name=administrators,groupIds=[330],inherit=false,allowForAll=false]
2025-10-13 15:32:08.27 DEBUG application 207321 9c354868-5dcd-4514-866d-19c6b14ecba7 Processing reference: ContentRole[name=denyReaders,inherit=false,allowForAll=false]
2025-10-13 15:32:08.27 DEBUG application 207321 9c354868-5dcd-4514-866d-19c6b14ecba7 Processing reference: ContentRole[name=denyAuthors,inherit=false,allowForAll=false]
2025-10-13 15:32:08.27 DEBUG application 207321 9c354868-5dcd-4514-866d-19c6b14ecba7 Processing reference: ContentRole[name=denyAdministrators,inherit=false,allowForAll=false]
2025-10-13 15:32:08.297 DEBUG content 207317 05026428-f647-445b-bdbb-47ab8fd56011 Begin transport.
2025-10-13 15:32:08.297 DEBUG content 207317 05026428-f647-445b-bdbb-47ab8fd56011 Retrieving object data.
2025-10-13 15:32:08.305 DEBUG content 207317 05026428-f647-445b-bdbb-47ab8fd56011 Setting uuids of object references.
2025-10-13 15:32:08.305 DEBUG content 207317 05026428-f647-445b-bdbb-47ab8fd56011 Processing reference: RulesFolder.forum
2025-10-13 15:32:08.305 DEBUG content 207317 05026428-f647-445b-bdbb-47ab8fd56011 Processing reference: RulesFolder.parent
2025-10-13 15:32:08.307 DEBUG content 207317 05026428-f647-445b-bdbb-47ab8fd56011 Processing reference: com.appiancorp.suiteapi.content.ContentRoleMap@735780fb[
  ContentRole[name=readers,groupIds=[331],inherit=false,allowForAll=false]
  ContentRole[name=authors,inherit=false,allowForAll=false]
  ContentRole[name=administrators,groupIds=[330],inherit=false,allowForAll=false]
  ContentRole[name=denyReaders,inherit=false,allowForAll=false]
  ContentRole[name=denyAuthors,inherit=false,allowForAll=false]
  ContentRole[name=denyAdministrators,inherit=false,allowForAll=false]
  securityVector=1:SEC_PUBLIC=true,SEC_CREATOR_ADMIN=false,SEC_INH_ADMIN=false,SEC_INH_EDITOR=false,SEC_INH_VIEWER=false,SEC_ALL_ADMIN=false,SEC_ALL_EDITOR=false,SEC_ALL_VIEWER=false
]
2025-10-13 15:32:08.307 DEBUG content 207317 05026428-f647-445b-bdbb-47ab8fd56011 Processing reference: ContentRole[name=readers,groupIds=[331],inherit=false,allowForAll=false]
2025-10-13 15:32:08.308 DEBUG content 207317 05026428-f647-445b-bdbb-47ab8fd56011 Processing reference: ContentRole[name=authors,inherit=false,allowForAll=false]
2025-10-13 15:32:08.308 DEBUG content 207317 05026428-f647-445b-bdbb-47ab8fd56011 Processing reference: ContentRole[name=administrators,groupIds=[330],inherit=false,allowForAll=false]
2025-10-13 15:32:08.31 DEBUG content 207317 05026428-f647-445b-bdbb-47ab8fd56011 Processing reference: ContentRole[name=denyReaders,inherit=false,allowForAll=false]
2025-10-13 15:32:08.31 DEBUG content 207317 05026428-f647-445b-bdbb-47ab8fd56011 Processing reference: ContentRole[name=denyAuthors,inherit=false,allowForAll=false]
2025-10-13 15:32:08.31 DEBUG content 207317 05026428-f647-445b-bdbb-47ab8fd56011 Processing reference: ContentRole[name=denyAdministrators,inherit=false,allowForAll=false]
2025-10-13 15:32:08.31 DEBUG content 207317 05026428-f647-445b-bdbb-47ab8fd56011 Exporting binary resources.
2025-10-13 15:32:08.31 DEBUG content 207317 05026428-f647-445b-bdbb-47ab8fd56011 Serializing object to XML.
2025-10-13 15:32:08.31 DEBUG content 207317 05026428-f647-445b-bdbb-47ab8fd56011 Object transported.
2025-10-13 15:32:08.31 DEBUG content 207319 f690b02c-6b42-4c79-863b-8c662a2ee2b4 Begin transport.
2025-10-13 15:32:08.31 DEBUG content 207319 f690b02c-6b42-4c79-863b-8c662a2ee2b4 Retrieving object data.
2025-10-13 15:32:08.317 DEBUG content 207319 f690b02c-6b42-4c79-863b-8c662a2ee2b4 Setting uuids of object references.
2025-10-13 15:32:08.317 DEBUG content 207319 f690b02c-6b42-4c79-863b-8c662a2ee2b4 Processing reference: KnowledgeFolder.forum
2025-10-13 15:32:08.317 DEBUG content 207319 f690b02c-6b42-4c79-863b-8c662a2ee2b4 Processing reference: KnowledgeFolder.parent
2025-10-13 15:32:08.319 DEBUG content 207318 82024408-941c-495a-bf0f-f2c1de61ed9b Begin transport.
2025-10-13 15:32:08.319 DEBUG content 207318 82024408-941c-495a-bf0f-f2c1de61ed9b Retrieving object data.
2025-10-13 15:32:08.327 DEBUG content 207318 82024408-941c-495a-bf0f-f2c1de61ed9b Setting uuids of object references.
2025-10-13 15:32:08.327 DEBUG content 207318 82024408-941c-495a-bf0f-f2c1de61ed9b Processing reference: CommunityKnowledgeCenter.forum
2025-10-13 15:32:08.327 DEBUG content 207318 82024408-941c-495a-bf0f-f2c1de61ed9b Processing reference: CommunityKnowledgeCenter.parent
2025-10-13 15:32:08.329 DEBUG content 207318 82024408-941c-495a-bf0f-f2c1de61ed9b Processing reference: com.appiancorp.suiteapi.content.ContentRoleMap@6b0cf3aa[
  ContentRole[name=readers,groupIds=[331],inherit=false,allowForAll=false]
  ContentRole[name=authors,inherit=false,allowForAll=false]
  ContentRole[name=administrators,groupIds=[330],inherit=false,allowForAll=false]
  ContentRole[name=denyReaders,inherit=false,allowForAll=false]
  ContentRole[name=denyAuthors,inherit=false,allowForAll=false]
  ContentRole[name=denyAdministrators,inherit=false,allowForAll=false]
  securityVector=1:SEC_PUBLIC=true,SEC_CREATOR_ADMIN=false,SEC_INH_ADMIN=false,SEC_INH_EDITOR=false,SEC_INH_VIEWER=false,SEC_ALL_ADMIN=false,SEC_ALL_EDITOR=false,SEC_ALL_VIEWER=false
]
2025-10-13 15:32:08.329 DEBUG content 207318 82024408-941c-495a-bf0f-f2c1de61ed9b Processing reference: ContentRole[name=readers,groupIds=[331],inherit=false,allowForAll=false]
2025-10-13 15:32:08.335 DEBUG content 207318 82024408-941c-495a-bf0f-f2c1de61ed9b Processing reference: ContentRole[name=authors,inherit=false,allowForAll=false]
2025-10-13 15:32:08.335 DEBUG content 207318 82024408-941c-495a-bf0f-f2c1de61ed9b Processing reference: ContentRole[name=administrators,groupIds=[330],inherit=false,allowForAll=false]
2025-10-13 15:32:08.337 DEBUG content 207318 82024408-941c-495a-bf0f-f2c1de61ed9b Processing reference: ContentRole[name=denyReaders,inherit=false,allowForAll=false]
2025-10-13 15:32:08.337 DEBUG content 207318 82024408-941c-495a-bf0f-f2c1de61ed9b Processing reference: ContentRole[name=denyAuthors,inherit=false,allowForAll=false]
2025-10-13 15:32:08.337 DEBUG content 207318 82024408-941c-495a-bf0f-f2c1de61ed9b Processing reference: ContentRole[name=denyAdministrators,inherit=false,allowForAll=false]
2025-10-13 15:32:08.337 DEBUG content 207318 82024408-941c-495a-bf0f-f2c1de61ed9b Exporting binary resources.
2025-10-13 15:32:08.337 DEBUG content 207318 82024408-941c-495a-bf0f-f2c1de61ed9b Serializing object to XML.
2025-10-13 15:32:08.338 DEBUG content 207318 82024408-941c-495a-bf0f-f2c1de61ed9b Object transported.
2025-10-13 15:32:08.338 DEBUG content 207319 f690b02c-6b42-4c79-863b-8c662a2ee2b4 Processing reference: com.appiancorp.suiteapi.content.ContentRoleMap@2831db30[
  ContentRole[name=readers,inherit=true,allowForAll=false]
  ContentRole[name=authors,inherit=true,allowForAll=false]
  ContentRole[name=administrators,inherit=true,allowForAll=false]
  ContentRole[name=denyReaders,inherit=false,allowForAll=false]
  ContentRole[name=denyAuthors,inherit=false,allowForAll=false]
  ContentRole[name=denyAdministrators,inherit=false,allowForAll=false]
  securityVector=15:SEC_PUBLIC=true,SEC_CREATOR_ADMIN=false,SEC_INH_ADMIN=true,SEC_INH_EDITOR=true,SEC_INH_VIEWER=true,SEC_ALL_ADMIN=false,SEC_ALL_EDITOR=false,SEC_ALL_VIEWER=false
]
2025-10-13 15:32:08.338 DEBUG content 207319 f690b02c-6b42-4c79-863b-8c662a2ee2b4 Processing reference: ContentRole[name=readers,inherit=true,allowForAll=false]
2025-10-13 15:32:08.338 DEBUG content 207319 f690b02c-6b42-4c79-863b-8c662a2ee2b4 Processing reference: ContentRole[name=authors,inherit=true,allowForAll=false]
2025-10-13 15:32:08.338 DEBUG content 207319 f690b02c-6b42-4c79-863b-8c662a2ee2b4 Processing reference: ContentRole[name=administrators,inherit=true,allowForAll=false]
2025-10-13 15:32:08.338 DEBUG content 207319 f690b02c-6b42-4c79-863b-8c662a2ee2b4 Processing reference: ContentRole[name=denyReaders,inherit=false,allowForAll=false]
2025-10-13 15:32:08.338 DEBUG content 207319 f690b02c-6b42-4c79-863b-8c662a2ee2b4 Processing reference: ContentRole[name=denyAuthors,inherit=false,allowForAll=false]
2025-10-13 15:32:08.338 DEBUG content 207319 f690b02c-6b42-4c79-863b-8c662a2ee2b4 Processing reference: ContentRole[name=denyAdministrators,inherit=false,allowForAll=false]
2025-10-13 15:32:08.338 DEBUG content 207319 f690b02c-6b42-4c79-863b-8c662a2ee2b4 Exporting binary resources.
2025-10-13 15:32:08.338 DEBUG content 207319 f690b02c-6b42-4c79-863b-8c662a2ee2b4 Serializing object to XML.
2025-10-13 15:32:08.338 DEBUG content 207319 f690b02c-6b42-4c79-863b-8c662a2ee2b4 Object transported.
2025-10-13 15:32:08.338 DEBUG content 207320 e309d5eb-db9e-4dc5-91e2-2a3af5b941de Begin transport.
2025-10-13 15:32:08.338 DEBUG content 207320 e309d5eb-db9e-4dc5-91e2-2a3af5b941de Retrieving object data.
2025-10-13 15:32:08.346 DEBUG content 207320 e309d5eb-db9e-4dc5-91e2-2a3af5b941de Setting uuids of object references.
2025-10-13 15:32:08.346 DEBUG content 207320 e309d5eb-db9e-4dc5-91e2-2a3af5b941de Processing reference: KnowledgeFolder.forum
2025-10-13 15:32:08.347 DEBUG content 207320 e309d5eb-db9e-4dc5-91e2-2a3af5b941de Processing reference: KnowledgeFolder.parent
2025-10-13 15:32:08.349 DEBUG content 207320 e309d5eb-db9e-4dc5-91e2-2a3af5b941de Processing reference: com.appiancorp.suiteapi.content.ContentRoleMap@1fbe0518[
  ContentRole[name=readers,inherit=true,allowForAll=false]
  ContentRole[name=authors,inherit=true,allowForAll=false]
  ContentRole[name=administrators,inherit=true,allowForAll=false]
  ContentRole[name=denyReaders,inherit=false,allowForAll=false]
  ContentRole[name=denyAuthors,inherit=false,allowForAll=false]
  ContentRole[name=denyAdministrators,inherit=false,allowForAll=false]
  securityVector=15:SEC_PUBLIC=true,SEC_CREATOR_ADMIN=false,SEC_INH_ADMIN=true,SEC_INH_EDITOR=true,SEC_INH_VIEWER=true,SEC_ALL_ADMIN=false,SEC_ALL_EDITOR=false,SEC_ALL_VIEWER=false
]
2025-10-13 15:32:08.349 DEBUG content 207320 e309d5eb-db9e-4dc5-91e2-2a3af5b941de Processing reference: ContentRole[name=readers,inherit=true,allowForAll=false]
2025-10-13 15:32:08.349 DEBUG content 207320 e309d5eb-db9e-4dc5-91e2-2a3af5b941de Processing reference: ContentRole[name=authors,inherit=true,allowForAll=false]
2025-10-13 15:32:08.349 DEBUG content 207320 e309d5eb-db9e-4dc5-91e2-2a3af5b941de Processing reference: ContentRole[name=administrators,inherit=true,allowForAll=false]
2025-10-13 15:32:08.349 DEBUG content 207320 e309d5eb-db9e-4dc5-91e2-2a3af5b941de Processing reference: ContentRole[name=denyReaders,inherit=false,allowForAll=false]
2025-10-13 15:32:08.349 DEBUG content 207320 e309d5eb-db9e-4dc5-91e2-2a3af5b941de Processing reference: ContentRole[name=denyAuthors,inherit=false,allowForAll=false]
2025-10-13 15:32:08.349 DEBUG content 207320 e309d5eb-db9e-4dc5-91e2-2a3af5b941de Processing reference: ContentRole[name=denyAdministrators,inherit=false,allowForAll=false]
2025-10-13 15:32:08.349 DEBUG content 207320 e309d5eb-db9e-4dc5-91e2-2a3af5b941de Exporting binary resources.
2025-10-13 15:32:08.349 DEBUG content 207320 e309d5eb-db9e-4dc5-91e2-2a3af5b941de Serializing object to XML.
2025-10-13 15:32:08.349 DEBUG content 207320 e309d5eb-db9e-4dc5-91e2-2a3af5b941de Object transported.
2025-10-13 15:32:08.349 DEBUG content 207363 _a-0000ee92-fba5-8000-9c16-011c48011c48_4423423 Begin transport.
2025-10-13 15:32:08.349 DEBUG content 207363 _a-0000ee92-fba5-8000-9c16-011c48011c48_4423423 Retrieving object data.
2025-10-13 15:32:08.355 DEBUG content 207363 _a-0000ee92-fba5-8000-9c16-011c48011c48_4423423 Setting uuids of object references.
2025-10-13 15:32:08.355 DEBUG content 207363 _a-0000ee92-fba5-8000-9c16-011c48011c48_4423423 Processing reference: [Content:id=207363,versionId=-1,name=CB_CONS_1,type=32,subtype=0,uuid=_a-0000ee92-fba5-8000-9c16-011c48011c48_4423423,parent=207317]
2025-10-13 15:32:08.356 DEBUG content 207363 _a-0000ee92-fba5-8000-9c16-011c48011c48_4423423 Processing reference: Constant.forum
2025-10-13 15:32:08.356 DEBUG content 207363 _a-0000ee92-fba5-8000-9c16-011c48011c48_4423423 Processing reference: Constant.parent
2025-10-13 15:32:08.358 DEBUG content 207363 _a-0000ee92-fba5-8000-9c16-011c48011c48_4423423 Processing reference: com.appiancorp.suiteapi.content.ContentRoleMap@10db100d[
  ContentRole[name=readers,inherit=true,allowForAll=false]
  ContentRole[name=authors,inherit=true,allowForAll=false]
  ContentRole[name=administrators,inherit=true,allowForAll=false]
  ContentRole[name=denyReaders,inherit=false,allowForAll=false]
  ContentRole[name=denyAuthors,inherit=false,allowForAll=false]
  ContentRole[name=denyAdministrators,inherit=false,allowForAll=false]
  securityVector=15:SEC_PUBLIC=true,SEC_CREATOR_ADMIN=false,SEC_INH_ADMIN=true,SEC_INH_EDITOR=true,SEC_INH_VIEWER=true,SEC_ALL_ADMIN=false,SEC_ALL_EDITOR=false,SEC_ALL_VIEWER=false
]
2025-10-13 15:32:08.358 DEBUG content 207363 _a-0000ee92-fba5-8000-9c16-011c48011c48_4423423 Processing reference: ContentRole[name=readers,inherit=true,allowForAll=false]
2025-10-13 15:32:08.358 DEBUG content 207363 _a-0000ee92-fba5-8000-9c16-011c48011c48_4423423 Processing reference: ContentRole[name=authors,inherit=true,allowForAll=false]
2025-10-13 15:32:08.358 DEBUG content 207363 _a-0000ee92-fba5-8000-9c16-011c48011c48_4423423 Processing reference: ContentRole[name=administrators,inherit=true,allowForAll=false]
2025-10-13 15:32:08.358 DEBUG content 207363 _a-0000ee92-fba5-8000-9c16-011c48011c48_4423423 Processing reference: ContentRole[name=denyReaders,inherit=false,allowForAll=false]
2025-10-13 15:32:08.358 DEBUG content 207363 _a-0000ee92-fba5-8000-9c16-011c48011c48_4423423 Processing reference: ContentRole[name=denyAuthors,inherit=false,allowForAll=false]
2025-10-13 15:32:08.358 DEBUG content 207363 _a-0000ee92-fba5-8000-9c16-011c48011c48_4423423 Processing reference: ContentRole[name=denyAdministrators,inherit=false,allowForAll=false]
2025-10-13 15:32:08.358 DEBUG content 207363 _a-0000ee92-fba5-8000-9c16-011c48011c48_4423423 Registering export properties.
2025-10-13 15:32:08.358 DEBUG content 207363 _a-0000ee92-fba5-8000-9c16-011c48011c48_4423423 Exporting binary resources.
2025-10-13 15:32:08.358 DEBUG content 207363 _a-0000ee92-fba5-8000-9c16-011c48011c48_4423423 Serializing object to XML.
2025-10-13 15:32:08.366 DEBUG content 207363 _a-0000ee92-fba5-8000-9c16-011c48011c48_4423423 Object transported.
2025-10-13 15:32:08.366 DEBUG content 208342 _a-0000ee92-fba5-8000-9c16-011c48011c48_4436971 Begin transport.
2025-10-13 15:32:08.366 DEBUG content 208342 _a-0000ee92-fba5-8000-9c16-011c48011c48_4436971 Retrieving object data.
2025-10-13 15:32:08.379 DEBUG content 208342 _a-0000ee92-fba5-8000-9c16-011c48011c48_4436971 Setting uuids of object references.
2025-10-13 15:32:08.379 DEBUG content 208342 _a-0000ee92-fba5-8000-9c16-011c48011c48_4436971 Processing reference: [Content:id=208342,versionId=-1,name=CB_aaaa,type=32,subtype=0,uuid=_a-0000ee92-fba5-8000-9c16-011c48011c48_4436971,parent=207317]
2025-10-13 15:32:08.379 DEBUG content 208342 _a-0000ee92-fba5-8000-9c16-011c48011c48_4436971 Processing reference: Constant.forum
2025-10-13 15:32:08.379 DEBUG content 208342 _a-0000ee92-fba5-8000-9c16-011c48011c48_4436971 Processing reference: Constant.parent
2025-10-13 15:32:08.381 DEBUG content 208342 _a-0000ee92-fba5-8000-9c16-011c48011c48_4436971 Processing reference: com.appiancorp.suiteapi.content.ContentRoleMap@7c8d8812[
  ContentRole[name=readers,inherit=true,allowForAll=false]
  ContentRole[name=authors,inherit=true,allowForAll=false]
  ContentRole[name=administrators,inherit=true,allowForAll=false]
  ContentRole[name=denyReaders,inherit=false,allowForAll=false]
  ContentRole[name=denyAuthors,inherit=false,allowForAll=false]
  ContentRole[name=denyAdministrators,inherit=false,allowForAll=false]
  securityVector=15:SEC_PUBLIC=true,SEC_CREATOR_ADMIN=false,SEC_INH_ADMIN=true,SEC_INH_EDITOR=true,SEC_INH_VIEWER=true,SEC_ALL_ADMIN=false,SEC_ALL_EDITOR=false,SEC_ALL_VIEWER=false
]
2025-10-13 15:32:08.381 DEBUG content 208342 _a-0000ee92-fba5-8000-9c16-011c48011c48_4436971 Processing reference: ContentRole[name=readers,inherit=true,allowForAll=false]
2025-10-13 15:32:08.381 DEBUG content 208342 _a-0000ee92-fba5-8000-9c16-011c48011c48_4436971 Processing reference: ContentRole[name=authors,inherit=true,allowForAll=false]
2025-10-13 15:32:08.381 DEBUG content 208342 _a-0000ee92-fba5-8000-9c16-011c48011c48_4436971 Processing reference: ContentRole[name=administrators,inherit=true,allowForAll=false]
2025-10-13 15:32:08.381 DEBUG content 208342 _a-0000ee92-fba5-8000-9c16-011c48011c48_4436971 Processing reference: ContentRole[name=denyReaders,inherit=false,allowForAll=false]
2025-10-13 15:32:08.381 DEBUG content 208342 _a-0000ee92-fba5-8000-9c16-011c48011c48_4436971 Processing reference: ContentRole[name=denyAuthors,inherit=false,allowForAll=false]
2025-10-13 15:32:08.381 DEBUG content 208342 _a-0000ee92-fba5-8000-9c16-011c48011c48_4436971 Processing reference: ContentRole[name=denyAdministrators,inherit=false,allowForAll=false]
2025-10-13 15:32:08.381 DEBUG content 208342 _a-0000ee92-fba5-8000-9c16-011c48011c48_4436971 Exporting binary resources.
2025-10-13 15:32:08.381 DEBUG content 208342 _a-0000ee92-fba5-8000-9c16-011c48011c48_4436971 Serializing object to XML.
2025-10-13 15:32:08.383 DEBUG content 208342 _a-0000ee92-fba5-8000-9c16-011c48011c48_4436971 Object transported.
2025-10-13 15:32:08.393 DEBUG processModelFolder 71 b108a5a7-0992-4c86-83d1-3d9725c3e0fb Begin transport.
2025-10-13 15:32:08.393 DEBUG processModelFolder 71 b108a5a7-0992-4c86-83d1-3d9725c3e0fb Retrieving object data.
2025-10-13 15:32:08.396 DEBUG processModelFolder 71 b108a5a7-0992-4c86-83d1-3d9725c3e0fb Setting uuids of object references.
2025-10-13 15:32:08.396 DEBUG processModelFolder 71 b108a5a7-0992-4c86-83d1-3d9725c3e0fb Processing reference: ProcessModelFolder.parentFolderId
2025-10-13 15:32:08.396 DEBUG processModelFolder 71 b108a5a7-0992-4c86-83d1-3d9725c3e0fb Processing reference: com.appiancorp.suiteapi.process.ProcessRoleMap@40e27533[
  Role[name=ADMIN_OWNER,groupIds=[330]]
  Role[name=EDITOR]
  Role[name=EXPLICIT_NONMEMBER]
  Role[name=VIEWER,groupIds=[331]]
  Role[name=MANAGER]
  Role[name=INITIATOR]
]
2025-10-13 15:32:08.396 DEBUG processModelFolder 71 b108a5a7-0992-4c86-83d1-3d9725c3e0fb Processing reference: Role[name=ADMIN_OWNER,groupIds=[330]]
2025-10-13 15:32:08.397 DEBUG processModelFolder 71 b108a5a7-0992-4c86-83d1-3d9725c3e0fb Processing reference: Role[name=EDITOR]
2025-10-13 15:32:08.397 DEBUG processModelFolder 71 b108a5a7-0992-4c86-83d1-3d9725c3e0fb Processing reference: Role[name=EXPLICIT_NONMEMBER]
2025-10-13 15:32:08.397 DEBUG processModelFolder 71 b108a5a7-0992-4c86-83d1-3d9725c3e0fb Processing reference: Role[name=VIEWER,groupIds=[331]]
2025-10-13 15:32:08.399 DEBUG processModelFolder 71 b108a5a7-0992-4c86-83d1-3d9725c3e0fb Processing reference: Role[name=MANAGER]
2025-10-13 15:32:08.399 DEBUG processModelFolder 71 b108a5a7-0992-4c86-83d1-3d9725c3e0fb Processing reference: Role[name=INITIATOR]
2025-10-13 15:32:08.399 DEBUG processModelFolder 71 b108a5a7-0992-4c86-83d1-3d9725c3e0fb Exporting binary resources.
2025-10-13 15:32:08.399 DEBUG processModelFolder 71 b108a5a7-0992-4c86-83d1-3d9725c3e0fb Serializing object to XML.
2025-10-13 15:32:08.399 DEBUG processModelFolder 71 b108a5a7-0992-4c86-83d1-3d9725c3e0fb Object transported.
2025-10-13 15:32:08.501 DEBUG connectedSystem 207364 _a-0000ee92-fba5-8000-9c16-011c48011c48_4423429 Begin transport.
2025-10-13 15:32:08.501 DEBUG connectedSystem 207364 _a-0000ee92-fba5-8000-9c16-011c48011c48_4423429 Retrieving object data.
2025-10-13 15:32:08.508 DEBUG connectedSystem 207364 _a-0000ee92-fba5-8000-9c16-011c48011c48_4423429 Setting uuids of object references.
2025-10-13 15:32:08.508 DEBUG connectedSystem 207364 _a-0000ee92-fba5-8000-9c16-011c48011c48_4423429 Processing reference: ConnectedSystem.forum
2025-10-13 15:32:08.508 DEBUG connectedSystem 207364 _a-0000ee92-fba5-8000-9c16-011c48011c48_4423429 Processing reference: ConnectedSystem.integrationType
2025-10-13 15:32:08.508 DEBUG connectedSystem 207364 _a-0000ee92-fba5-8000-9c16-011c48011c48_4423429 Processing reference: ConnectedSystem.logoId
2025-10-13 15:32:08.509 DEBUG connectedSystem 207364 _a-0000ee92-fba5-8000-9c16-011c48011c48_4423429 Processing reference: ConnectedSystem.sharedConfigParameters
2025-10-13 15:32:08.509 DEBUG connectedSystem 207364 _a-0000ee92-fba5-8000-9c16-011c48011c48_4423429 Processing reference: com.appiancorp.suiteapi.content.ContentRoleMap@6a9024e5[
  ContentRole[name=readers,groupIds=[331],inherit=false,allowForAll=false]
  ContentRole[name=authors,inherit=false,allowForAll=false]
  ContentRole[name=administrators,groupIds=[330],inherit=false,allowForAll=false]
  ContentRole[name=denyReaders,inherit=false,allowForAll=false]
  ContentRole[name=denyAuthors,inherit=false,allowForAll=false]
  ContentRole[name=denyAdministrators,inherit=false,allowForAll=false]
  securityVector=1:SEC_PUBLIC=true,SEC_CREATOR_ADMIN=false,SEC_INH_ADMIN=false,SEC_INH_EDITOR=false,SEC_INH_VIEWER=false,SEC_ALL_ADMIN=false,SEC_ALL_EDITOR=false,SEC_ALL_VIEWER=false
]
2025-10-13 15:32:08.509 DEBUG connectedSystem 207364 _a-0000ee92-fba5-8000-9c16-011c48011c48_4423429 Processing reference: ContentRole[name=readers,groupIds=[331],inherit=false,allowForAll=false]
2025-10-13 15:32:08.523 DEBUG connectedSystem 207364 _a-0000ee92-fba5-8000-9c16-011c48011c48_4423429 Processing reference: ContentRole[name=authors,inherit=false,allowForAll=false]
2025-10-13 15:32:08.523 DEBUG connectedSystem 207364 _a-0000ee92-fba5-8000-9c16-011c48011c48_4423429 Processing reference: ContentRole[name=administrators,groupIds=[330],inherit=false,allowForAll=false]
2025-10-13 15:32:08.524 DEBUG connectedSystem 207364 _a-0000ee92-fba5-8000-9c16-011c48011c48_4423429 Processing reference: ContentRole[name=denyReaders,inherit=false,allowForAll=false]
2025-10-13 15:32:08.524 DEBUG connectedSystem 207364 _a-0000ee92-fba5-8000-9c16-011c48011c48_4423429 Processing reference: ContentRole[name=denyAuthors,inherit=false,allowForAll=false]
2025-10-13 15:32:08.524 DEBUG connectedSystem 207364 _a-0000ee92-fba5-8000-9c16-011c48011c48_4423429 Processing reference: ContentRole[name=denyAdministrators,inherit=false,allowForAll=false]
2025-10-13 15:32:08.525 DEBUG connectedSystem 207364 _a-0000ee92-fba5-8000-9c16-011c48011c48_4423429 Registering export properties.
2025-10-13 15:32:08.525 DEBUG connectedSystem 207364 _a-0000ee92-fba5-8000-9c16-011c48011c48_4423429 Exporting binary resources.
2025-10-13 15:32:08.525 DEBUG connectedSystem 207364 _a-0000ee92-fba5-8000-9c16-011c48011c48_4423429 Serializing object to XML.
2025-10-13 15:32:08.527 DEBUG connectedSystem 207364 _a-0000ee92-fba5-8000-9c16-011c48011c48_4423429 Object transported.
2025-10-13 15:32:08.62 DEBUG application 207321 9c354868-5dcd-4514-866d-19c6b14ecba7 Exporting binary resources.
2025-10-13 15:32:08.62 DEBUG application 207321 9c354868-5dcd-4514-866d-19c6b14ecba7 Serializing object to XML.
2025-10-13 15:32:08.62 DEBUG application 207321 9c354868-5dcd-4514-866d-19c6b14ecba7 Object transported.
