Éxito (2):
recordType 420 ae79803c-5196-4511-8cab-5856e05e35ed "CB Pasillo"
connectedSystem 214500 _a-0000ee92-fba5-8000-9c16-011c48011c48_4544089 "CB testing"

Celdas precedentes referenciadas que no se exportaron (3):
group 330 33e562ab-777e-47f8-a585-33f8e145ebfe
group 331 eaa9c8a8-8f07-44ae-a2c0-596aa04c4d48
recordType 416 51a77589-a1ba-40e9-a476-a42b33e44bce

Trace:
2025-10-24 16:26:26.855 DEBUG recordType 420 ae79803c-5196-4511-8cab-5856e05e35ed Begin transport.
2025-10-24 16:26:26.855 DEBUG recordType 420 ae79803c-5196-4511-8cab-5856e05e35ed Retrieving object data.
2025-10-24 16:26:26.898 DEBUG recordType 420 ae79803c-5196-4511-8cab-5856e05e35ed Setting uuids of object references.
2025-10-24 16:26:26.899 DEBUG recordType 420 ae79803c-5196-4511-8cab-5856e05e35ed Processing reference: RecordTypeDefinition.dataSrcExpr
2025-10-24 16:26:26.899 DEBUG recordType 420 ae79803c-5196-4511-8cab-5856e05e35ed Processing reference: RecordTypeDefinition.defaultFilters
2025-10-24 16:26:26.899 DEBUG recordType 420 ae79803c-5196-4511-8cab-5856e05e35ed Processing reference: RecordTypeDefinition.defaultFiltersExpr
2025-10-24 16:26:26.899 DEBUG recordType 420 ae79803c-5196-4511-8cab-5856e05e35ed Processing reference: RecordTypeDefinition.defaultSortInfoAsQueryInfos
2025-10-24 16:26:26.899 DEBUG recordType 420 ae79803c-5196-4511-8cab-5856e05e35ed Processing reference: DetailViewCfg.headerExpr
2025-10-24 16:26:26.899 DEBUG recordType 420 ae79803c-5196-4511-8cab-5856e05e35ed Processing reference: DetailViewCfg.nameExpr
2025-10-24 16:26:26.899 DEBUG recordType 420 ae79803c-5196-4511-8cab-5856e05e35ed Processing reference: DetailViewCfg.uiExpr
2025-10-24 16:26:26.899 DEBUG recordType 420 ae79803c-5196-4511-8cab-5856e05e35ed Processing reference: DetailViewCfg.visibilityExpr
2025-10-24 16:26:26.899 DEBUG recordType 420 ae79803c-5196-4511-8cab-5856e05e35ed Processing reference: RecordTypeDefinition.facetsListExpr
2025-10-24 16:26:26.9 DEBUG recordType 420 ae79803c-5196-4511-8cab-5856e05e35ed Processing reference: RecordTypeDefinition.listViewSrcExpr
2025-10-24 16:26:26.9 DEBUG recordType 420 ae79803c-5196-4511-8cab-5856e05e35ed Processing reference: RecordTypeDefinition.listViewTemplateExpr
2025-10-24 16:26:26.918 DEBUG recordType 420 ae79803c-5196-4511-8cab-5856e05e35ed Processing reference: com.appiancorp.record.entities.RecordSourceCfg@2c0d005f
2025-10-24 16:26:26.923 DEBUG recordType 420 ae79803c-5196-4511-8cab-5856e05e35ed Processing reference: RecordSourceFieldCfg.customFieldExpr
2025-10-24 16:26:26.923 DEBUG recordType 420 ae79803c-5196-4511-8cab-5856e05e35ed Processing reference: RecordSourceFieldCfg.recordFieldSecurityMembershipFilter
2025-10-24 16:26:26.923 DEBUG recordType 420 ae79803c-5196-4511-8cab-5856e05e35ed Processing reference: RecordSourceFieldCfg.customFieldExpr
2025-10-24 16:26:26.923 DEBUG recordType 420 ae79803c-5196-4511-8cab-5856e05e35ed Processing reference: RecordSourceFieldCfg.recordFieldSecurityMembershipFilter
2025-10-24 16:26:26.923 DEBUG recordType 420 ae79803c-5196-4511-8cab-5856e05e35ed Processing reference: RecordSourceFieldCfg.customFieldExpr
2025-10-24 16:26:26.923 DEBUG recordType 420 ae79803c-5196-4511-8cab-5856e05e35ed Processing reference: RecordSourceFieldCfg.recordFieldSecurityMembershipFilter
2025-10-24 16:26:26.923 DEBUG recordType 420 ae79803c-5196-4511-8cab-5856e05e35ed Processing reference: RecordSourceFieldCfg.customFieldExpr
2025-10-24 16:26:26.923 DEBUG recordType 420 ae79803c-5196-4511-8cab-5856e05e35ed Processing reference: RecordSourceFieldCfg.recordFieldSecurityMembershipFilter
2025-10-24 16:26:26.923 DEBUG recordType 420 ae79803c-5196-4511-8cab-5856e05e35ed Processing reference: RecordSourceFieldCfg.customFieldExpr
2025-10-24 16:26:26.923 DEBUG recordType 420 ae79803c-5196-4511-8cab-5856e05e35ed Processing reference: RecordSourceFieldCfg.recordFieldSecurityMembershipFilter
2025-10-24 16:26:26.923 DEBUG recordType 420 ae79803c-5196-4511-8cab-5856e05e35ed Processing reference: RecordSourceFieldCfg.customFieldExpr
2025-10-24 16:26:26.923 DEBUG recordType 420 ae79803c-5196-4511-8cab-5856e05e35ed Processing reference: RecordSourceFieldCfg.recordFieldSecurityMembershipFilter
2025-10-24 16:26:26.923 DEBUG recordType 420 ae79803c-5196-4511-8cab-5856e05e35ed Processing reference: RecordSourceCfg.sourceContextExpr
2025-10-24 16:26:26.923 DEBUG recordType 420 ae79803c-5196-4511-8cab-5856e05e35ed Processing reference: RecordSourceCfg.sourceFilterExpr
2025-10-24 16:26:26.923 DEBUG recordType 420 ae79803c-5196-4511-8cab-5856e05e35ed Processing reference: RecordRelationshipCfg.relationshipData
2025-10-24 16:26:26.923 DEBUG recordType 420 ae79803c-5196-4511-8cab-5856e05e35ed Processing reference: RecordRelationshipCfg.sourceRecordTypeFieldUuid
2025-10-24 16:26:26.923 DEBUG recordType 420 ae79803c-5196-4511-8cab-5856e05e35ed Processing reference: RecordRelationshipCfg.targetJoinFieldStoredForm
2025-10-24 16:26:26.923 DEBUG recordType 420 ae79803c-5196-4511-8cab-5856e05e35ed Processing reference: RecordRelationshipCfg.targetRecordTypeRef
2025-10-24 16:26:26.925 DEBUG recordType 420 ae79803c-5196-4511-8cab-5856e05e35ed Processing reference: RecordTypeSearchCfg.placeholder
2025-10-24 16:26:26.925 DEBUG recordType 420 ae79803c-5196-4511-8cab-5856e05e35ed Processing reference: RecordTypeSearchCfg.searchFieldQueryInfos
2025-10-24 16:26:26.925 DEBUG recordType 420 ae79803c-5196-4511-8cab-5856e05e35ed Processing reference: RecordTypeDefinition.recordViewSrcExpr
2025-10-24 16:26:26.925 DEBUG recordType 420 ae79803c-5196-4511-8cab-5856e05e35ed Processing reference: RecordTypeDefinition.source
2025-10-24 16:26:26.925 DEBUG recordType 420 ae79803c-5196-4511-8cab-5856e05e35ed Processing reference: RecordTypeDefinition.titleExpr
2025-10-24 16:26:26.926 DEBUG recordType 420 ae79803c-5196-4511-8cab-5856e05e35ed Processing reference: Role[name=record_type_administrator,groupIds=[330]]
2025-10-24 16:26:26.927 DEBUG recordType 420 ae79803c-5196-4511-8cab-5856e05e35ed Processing reference: Role[name=record_type_viewer,groupIds=[331]]
2025-10-24 16:26:26.928 DEBUG recordType 420 ae79803c-5196-4511-8cab-5856e05e35ed Exporting binary resources.
2025-10-24 16:26:26.928 DEBUG recordType 420 ae79803c-5196-4511-8cab-5856e05e35ed Serializing object to XML.
2025-10-24 16:26:26.93 DEBUG recordType 420 ae79803c-5196-4511-8cab-5856e05e35ed Object transported.
2025-10-24 16:26:26.931 DEBUG connectedSystem 214500 _a-0000ee92-fba5-8000-9c16-011c48011c48_4544089 Begin transport.
2025-10-24 16:26:26.931 DEBUG connectedSystem 214500 _a-0000ee92-fba5-8000-9c16-011c48011c48_4544089 Retrieving object data.
2025-10-24 16:26:26.937 DEBUG connectedSystem 214500 _a-0000ee92-fba5-8000-9c16-011c48011c48_4544089 Setting uuids of object references.
2025-10-24 16:26:26.937 DEBUG connectedSystem 214500 _a-0000ee92-fba5-8000-9c16-011c48011c48_4544089 Processing reference: ConnectedSystem.forum
2025-10-24 16:26:26.937 DEBUG connectedSystem 214500 _a-0000ee92-fba5-8000-9c16-011c48011c48_4544089 Processing reference: ConnectedSystem.integrationType
2025-10-24 16:26:26.937 DEBUG connectedSystem 214500 _a-0000ee92-fba5-8000-9c16-011c48011c48_4544089 Processing reference: ConnectedSystem.logoId
2025-10-24 16:26:26.937 DEBUG connectedSystem 214500 _a-0000ee92-fba5-8000-9c16-011c48011c48_4544089 Processing reference: ConnectedSystem.sharedConfigParameters
2025-10-24 16:26:26.937 DEBUG connectedSystem 214500 _a-0000ee92-fba5-8000-9c16-011c48011c48_4544089 Processing reference: com.appiancorp.suiteapi.content.ContentRoleMap@5f2a060b[
  ContentRole[name=readers,groupIds=[331],inherit=false,allowForAll=false]
  ContentRole[name=authors,inherit=false,allowForAll=false]
  ContentRole[name=administrators,groupIds=[330],inherit=false,allowForAll=false]
  ContentRole[name=denyReaders,inherit=false,allowForAll=false]
  ContentRole[name=denyAuthors,inherit=false,allowForAll=false]
  ContentRole[name=denyAdministrators,inherit=false,allowForAll=false]
  securityVector=1:SEC_PUBLIC=true,SEC_CREATOR_ADMIN=false,SEC_INH_ADMIN=false,SEC_INH_EDITOR=false,SEC_INH_VIEWER=false,SEC_ALL_ADMIN=false,SEC_ALL_EDITOR=false,SEC_ALL_VIEWER=false
]
2025-10-24 16:26:26.937 DEBUG connectedSystem 214500 _a-0000ee92-fba5-8000-9c16-011c48011c48_4544089 Processing reference: ContentRole[name=readers,groupIds=[331],inherit=false,allowForAll=false]
2025-10-24 16:26:26.939 DEBUG connectedSystem 214500 _a-0000ee92-fba5-8000-9c16-011c48011c48_4544089 Processing reference: ContentRole[name=authors,inherit=false,allowForAll=false]
2025-10-24 16:26:26.939 DEBUG connectedSystem 214500 _a-0000ee92-fba5-8000-9c16-011c48011c48_4544089 Processing reference: ContentRole[name=administrators,groupIds=[330],inherit=false,allowForAll=false]
2025-10-24 16:26:26.94 DEBUG connectedSystem 214500 _a-0000ee92-fba5-8000-9c16-011c48011c48_4544089 Processing reference: ContentRole[name=denyReaders,inherit=false,allowForAll=false]
2025-10-24 16:26:26.94 DEBUG connectedSystem 214500 _a-0000ee92-fba5-8000-9c16-011c48011c48_4544089 Processing reference: ContentRole[name=denyAuthors,inherit=false,allowForAll=false]
2025-10-24 16:26:26.94 DEBUG connectedSystem 214500 _a-0000ee92-fba5-8000-9c16-011c48011c48_4544089 Processing reference: ContentRole[name=denyAdministrators,inherit=false,allowForAll=false]
2025-10-24 16:26:26.941 DEBUG connectedSystem 214500 _a-0000ee92-fba5-8000-9c16-011c48011c48_4544089 Registering export properties.
2025-10-24 16:26:26.941 DEBUG connectedSystem 214500 _a-0000ee92-fba5-8000-9c16-011c48011c48_4544089 Exporting binary resources.
2025-10-24 16:26:26.941 DEBUG connectedSystem 214500 _a-0000ee92-fba5-8000-9c16-011c48011c48_4544089 Serializing object to XML.
2025-10-24 16:26:26.959 DEBUG connectedSystem 214500 _a-0000ee92-fba5-8000-9c16-011c48011c48_4544089 Object transported.
