Éxito (1):
content 214487 _a-0000ee92-fba5-8000-9c16-011c48011c48_4543808 "CB_cons_flowB"

Celdas precedentes referenciadas que no se exportaron (1):
content 207317 05026428-f647-445b-bdbb-47ab8fd56011

Trace:
2025-10-24 16:17:22.305 DEBUG content 214487 _a-0000ee92-fba5-8000-9c16-011c48011c48_4543808 Begin transport.
2025-10-24 16:17:22.305 DEBUG content 214487 _a-0000ee92-fba5-8000-9c16-011c48011c48_4543808 Retrieving object data.
2025-10-24 16:17:22.326 DEBUG content 214487 _a-0000ee92-fba5-8000-9c16-011c48011c48_4543808 Setting uuids of object references.
2025-10-24 16:17:22.326 DEBUG content 214487 _a-0000ee92-fba5-8000-9c16-011c48011c48_4543808 Processing reference: [Content:id=214487,versionId=-1,name=CB_cons_flowB,type=32,subtype=0,uuid=_a-0000ee92-fba5-8000-9c16-011c48011c48_4543808,parent=207317]
2025-10-24 16:17:22.326 DEBUG content 214487 _a-0000ee92-fba5-8000-9c16-011c48011c48_4543808 Processing reference: Constant.forum
2025-10-24 16:17:22.326 DEBUG content 214487 _a-0000ee92-fba5-8000-9c16-011c48011c48_4543808 Processing reference: Constant.parent
2025-10-24 16:17:22.334 DEBUG content 214487 _a-0000ee92-fba5-8000-9c16-011c48011c48_4543808 Processing reference: com.appiancorp.suiteapi.content.ContentRoleMap@d8d8ac8[
  ContentRole[name=readers,inherit=true,allowForAll=false]
  ContentRole[name=authors,inherit=true,allowForAll=false]
  ContentRole[name=administrators,inherit=true,allowForAll=false]
  ContentRole[name=denyReaders,inherit=false,allowForAll=false]
  ContentRole[name=denyAuthors,inherit=false,allowForAll=false]
  ContentRole[name=denyAdministrators,inherit=false,allowForAll=false]
  securityVector=15:SEC_PUBLIC=true,SEC_CREATOR_ADMIN=false,SEC_INH_ADMIN=true,SEC_INH_EDITOR=true,SEC_INH_VIEWER=true,SEC_ALL_ADMIN=false,SEC_ALL_EDITOR=false,SEC_ALL_VIEWER=false
]
2025-10-24 16:17:22.334 DEBUG content 214487 _a-0000ee92-fba5-8000-9c16-011c48011c48_4543808 Processing reference: ContentRole[name=readers,inherit=true,allowForAll=false]
2025-10-24 16:17:22.334 DEBUG content 214487 _a-0000ee92-fba5-8000-9c16-011c48011c48_4543808 Processing reference: ContentRole[name=authors,inherit=true,allowForAll=false]
2025-10-24 16:17:22.334 DEBUG content 214487 _a-0000ee92-fba5-8000-9c16-011c48011c48_4543808 Processing reference: ContentRole[name=administrators,inherit=true,allowForAll=false]
2025-10-24 16:17:22.334 DEBUG content 214487 _a-0000ee92-fba5-8000-9c16-011c48011c48_4543808 Processing reference: ContentRole[name=denyReaders,inherit=false,allowForAll=false]
2025-10-24 16:17:22.334 DEBUG content 214487 _a-0000ee92-fba5-8000-9c16-011c48011c48_4543808 Processing reference: ContentRole[name=denyAuthors,inherit=false,allowForAll=false]
2025-10-24 16:17:22.334 DEBUG content 214487 _a-0000ee92-fba5-8000-9c16-011c48011c48_4543808 Processing reference: ContentRole[name=denyAdministrators,inherit=false,allowForAll=false]
2025-10-24 16:17:22.334 DEBUG content 214487 _a-0000ee92-fba5-8000-9c16-011c48011c48_4543808 Registering export properties.
2025-10-24 16:17:22.334 DEBUG content 214487 _a-0000ee92-fba5-8000-9c16-011c48011c48_4543808 Exporting binary resources.
2025-10-24 16:17:22.334 DEBUG content 214487 _a-0000ee92-fba5-8000-9c16-011c48011c48_4543808 Serializing object to XML.
2025-10-24 16:17:22.336 DEBUG content 214487 _a-0000ee92-fba5-8000-9c16-011c48011c48_4543808 Object transported.
