Las instrucciones de diseño se exportaron correctamente.

Trace:
2025-10-24 15:43:08.024 DEBUG datatype null {urn:com:appian:types}RWM_PROCESS_ONBOARDING_NEW Successfully exported design guidance with key: sysrule.designGuidance.datatype.tooManyFields
2025-10-24 15:43:08.024 DEBUG processModel null 0002e244-748c-8000-f92f-7f0000014e7a Successfully exported design guidance with key: sysrule.designGuidance.processModel.tooManyNodes
2025-10-24 15:43:08.024 DEBUG processModel null 0002e33c-7e5b-8000-f92f-7f0000014e7a Successfully exported design guidance with key: sysrule.designGuidance.processModel.tooManyNodes
2025-10-24 15:43:08.024 DEBUG processModel null 0002e2f7-9ba2-8000-e99f-014d98014d98 Successfully exported design guidance with key: sysrule.designGuidance.processModel.tooManyNodes
2025-10-24 15:43:08.024 DEBUG webApi null de69d28f-e8dd-4304-bdcb-42941a2b61c7 Successfully exported design guidance with key: sysrule.designGuidance.expressions.unusedLocalVariables
2025-10-24 15:43:08.024 DEBUG webApi null df5fe657-a235-44a6-a018-8ce75e726c97 Successfully exported design guidance with key: sysrule.designGuidance.expressions.unusedLocalVariables
2025-10-24 15:43:08.024 DEBUG webApi null d6b11d51-472e-4cf6-a0b9-153f2bb80415 Successfully exported design guidance with key: sysrule.designGuidance.expressions.unusedLocalVariables
2025-10-24 15:43:08.024 DEBUG webApi null 0af1116b-dbea-4989-bcf7-c123c6c0dca0 Successfully exported design guidance with key: sysrule.designGuidance.expressions.unusedLocalVariables
2025-10-24 15:43:08.024 DEBUG webApi null 476ea393-72a6-4a39-befe-8ab1ae886f66 Successfully exported design guidance with key: sysrule.designGuidance.expressions.unusedLocalVariables
2025-10-24 15:43:08.024 DEBUG webApi null 8e5c9e2d-5d02-47bc-b850-fd1adc7a681c Successfully exported design guidance with key: sysrule.designGuidance.expressions.unusedLocalVariables
2025-10-24 15:43:08.024 DEBUG webApi null ce9537fb-66a6-4889-93f3-7a63d638d655 Successfully exported design guidance with key: sysrule.designGuidance.expressions.unusedLocalVariables
2025-10-24 15:43:08.024 DEBUG processModel null 0002e4ef-3453-8000-fbc5-7f0000014e7a Successfully exported design guidance with key: sysrule.designGuidance.processModel.activityChainedMniNode
2025-10-24 15:43:08.024 DEBUG processModel null 0002e379-6e3f-8000-54df-5f4d985f4d98 Successfully exported design guidance with key: sysrule.designGuidance.processModel.tooManyNodes
2025-10-24 15:43:08.024 DEBUG processModel null 0002e379-6e3f-8000-54df-5f4d985f4d98 Successfully exported design guidance with key: sysrule.designGuidance.processModel.taskNameNotDynamic
2025-10-24 15:43:08.024 DEBUG processModel null 0002e88e-6424-8000-fce4-7f0000014e7a Successfully exported design guidance with key: sysrule.designGuidance.processModel.alertSettingsNotCustomized
2025-10-24 15:43:08.024 DEBUG processModel null 0002e8cf-2e55-8000-ffb1-7f0000014e7a Successfully exported design guidance with key: sysrule.designGuidance.processModel.alertSettingsNotCustomized
2025-10-24 15:43:08.024 DEBUG processModel null 0002e8cf-2e55-8000-ffb1-7f0000014e7a Successfully exported design guidance with key: sysrule.designGuidance.processModel.tooManyNodes
2025-10-24 15:43:08.024 DEBUG processModel null 0002e8cf-2e55-8000-ffb1-7f0000014e7a Successfully exported design guidance with key: sysrule.designGuidance.processModel.datatypesPassedByReference
2025-10-24 15:43:08.024 DEBUG processModel null 0002e98e-a79d-8000-0c03-7f0000014e7a Successfully exported design guidance with key: sysrule.designGuidance.processModel.displayNameNotDynamic
2025-10-24 15:43:08.024 DEBUG processModel null 0002e9a2-4129-8000-0ebe-7f0000014e7a Successfully exported design guidance with key: sysrule.designGuidance.processModel.alertSettingsNotCustomized
2025-10-24 15:43:08.024 DEBUG processModel null 0002e9a2-4129-8000-0ebe-7f0000014e7a Successfully exported design guidance with key: sysrule.designGuidance.processModel.displayNameNotDynamic
2025-10-24 15:43:08.024 DEBUG processModel null 0002e9c6-cdec-8000-1258-7f0000014e7a Successfully exported design guidance with key: sysrule.designGuidance.processModel.alertSettingsNotCustomized
2025-10-24 15:43:08.024 DEBUG processModel null 0002e9c6-cdec-8000-1258-7f0000014e7a Successfully exported design guidance with key: sysrule.designGuidance.processModel.displayNameNotDynamic
2025-10-24 15:43:08.024 DEBUG processModel null 0002ea86-822a-8000-2106-7f0000014e7a Successfully exported design guidance with key: sysrule.designGuidance.processModel.alertSettingsNotCustomized
2025-10-24 15:43:08.024 DEBUG processModel null 0002eaea-9694-8000-2620-7f0000014e7a Successfully exported design guidance with key: sysrule.designGuidance.processModel.alertSettingsNotCustomized
2025-10-24 15:43:08.024 DEBUG processModel null 0002eb26-c55c-8000-2a25-7f0000014e7a Successfully exported design guidance with key: sysrule.designGuidance.processModel.alertSettingsNotCustomized
2025-10-24 15:43:08.024 DEBUG processModel null 0002eb26-c55c-8000-2a25-7f0000014e7a Successfully exported design guidance with key: sysrule.designGuidance.processModel.displayNameNotDynamic
2025-10-24 15:43:08.024 DEBUG processModel null 0002eb3e-6d2f-8000-2c7f-7f0000014e7a Successfully exported design guidance with key: sysrule.designGuidance.processModel.alertSettingsNotCustomized
2025-10-24 15:43:08.024 DEBUG processModel null 0002eb92-cea1-8000-3895-7f0000014e7a Successfully exported design guidance with key: sysrule.designGuidance.processModel.alertSettingsNotCustomized
2025-10-24 15:43:08.024 DEBUG content null _a-0000ebad-c9ae-8000-9bdf-011c48011c48_1519868 Successfully exported design guidance with key: sysrule.designGuidance.expressions.unusedLocalVariables
2025-10-24 15:43:08.024 DEBUG content null _a-0000e7e4-40f1-8000-9ba5-011c48011c48_17183 Successfully exported design guidance with key: sysrule.designGuidance.expressions.unusedLocalVariables
2025-10-24 15:43:08.024 DEBUG processModel null 0002ec0b-03d8-8000-469f-7f0000014e7a Successfully exported design guidance with key: sysrule.designGuidance.processModel.alertSettingsNotCustomized
2025-10-24 15:43:08.024 DEBUG processModel null 000bec52-776e-8000-4fc6-7f0000014e7a Successfully exported design guidance with key: sysrule.designGuidance.processModel.displayNameNotDynamic
2025-10-24 15:43:08.024 DEBUG processModel null 0003ec54-de3c-8000-5015-7f0000014e7a Successfully exported design guidance with key: sysrule.designGuidance.processModel.displayNameNotDynamic
2025-10-24 15:43:08.024 DEBUG processModel null 000bec8d-9be5-8000-5820-7f0000014e7a Successfully exported design guidance with key: sysrule.designGuidance.processModel.displayNameNotDynamic
2025-10-24 15:43:08.024 DEBUG processModel null 000bec96-a54a-8000-5908-7f0000014e7a Successfully exported design guidance with key: sysrule.designGuidance.processModel.alertSettingsNotCustomized
2025-10-24 15:43:08.024 DEBUG processModel null 000bec96-a54a-8000-5908-7f0000014e7a Successfully exported design guidance with key: sysrule.designGuidance.processModel.displayNameNotDynamic
2025-10-24 15:43:08.024 DEBUG processModel null 0004ec96-f17b-8000-5979-7f0000014e7a Successfully exported design guidance with key: sysrule.designGuidance.processModel.alertSettingsNotCustomized
2025-10-24 15:43:08.024 DEBUG processModel null 0004ec96-f17b-8000-5979-7f0000014e7a Successfully exported design guidance with key: sysrule.designGuidance.processModel.displayNameNotDynamic
2025-10-24 15:43:08.024 DEBUG processModel null 0002ec9d-5e44-8000-5a2c-7f0000014e7a Successfully exported design guidance with key: sysrule.designGuidance.processModel.alertSettingsNotCustomized
2025-10-24 15:43:08.024 DEBUG processModel null 0002ec9d-5e44-8000-5a2c-7f0000014e7a Successfully exported design guidance with key: sysrule.designGuidance.processModel.displayNameNotDynamic
2025-10-24 15:43:08.024 DEBUG processModel null 000beca5-0ffa-8000-5ad3-7f0000014e7a Successfully exported design guidance with key: sysrule.designGuidance.processModel.displayNameNotDynamic
2025-10-24 15:43:08.024 DEBUG processModel null 000beca5-51d0-8000-5af1-7f0000014e7a Successfully exported design guidance with key: sysrule.designGuidance.processModel.displayNameNotDynamic
2025-10-24 15:43:08.024 DEBUG processModel null 0004ecb1-01b8-8000-5b84-7f0000014e7a Successfully exported design guidance with key: sysrule.designGuidance.processModel.alertSettingsNotCustomized
2025-10-24 15:43:08.024 DEBUG processModel null 0004ecb1-01b8-8000-5b84-7f0000014e7a Successfully exported design guidance with key: sysrule.designGuidance.processModel.displayNameNotDynamic
2025-10-24 15:43:08.024 DEBUG processModel null 0004ecb1-58a7-8000-5bda-7f0000014e7a Successfully exported design guidance with key: sysrule.designGuidance.processModel.alertSettingsNotCustomized
2025-10-24 15:43:08.024 DEBUG processModel null 0004ecb1-58a7-8000-5bda-7f0000014e7a Successfully exported design guidance with key: sysrule.designGuidance.processModel.displayNameNotDynamic
2025-10-24 15:43:08.024 DEBUG processModel null 000becb1-5e1d-8000-5bee-7f0000014e7a Successfully exported design guidance with key: sysrule.designGuidance.processModel.alertSettingsNotCustomized
2025-10-24 15:43:08.024 DEBUG processModel null 000becb1-5e1d-8000-5bee-7f0000014e7a Successfully exported design guidance with key: sysrule.designGuidance.processModel.displayNameNotDynamic
2025-10-24 15:43:08.024 DEBUG processModel null 000becb1-5fb7-8000-5bf3-7f0000014e7a Successfully exported design guidance with key: sysrule.designGuidance.processModel.alertSettingsNotCustomized
2025-10-24 15:43:08.024 DEBUG processModel null 000becb1-5fb7-8000-5bf3-7f0000014e7a Successfully exported design guidance with key: sysrule.designGuidance.processModel.displayNameNotDynamic
2025-10-24 15:43:08.024 DEBUG processModel null 0008ecb1-6b48-8000-5c00-7f0000014e7a Successfully exported design guidance with key: sysrule.designGuidance.processModel.alertSettingsNotCustomized
2025-10-24 15:43:08.024 DEBUG processModel null 0008ecb1-6b48-8000-5c00-7f0000014e7a Successfully exported design guidance with key: sysrule.designGuidance.processModel.displayNameNotDynamic
2025-10-24 15:43:08.024 DEBUG processModel null 000becb1-7c23-8000-5c0b-7f0000014e7a Successfully exported design guidance with key: sysrule.designGuidance.processModel.alertSettingsNotCustomized
2025-10-24 15:43:08.024 DEBUG processModel null 000becb1-7c23-8000-5c0b-7f0000014e7a Successfully exported design guidance with key: sysrule.designGuidance.processModel.displayNameNotDynamic
2025-10-24 15:43:08.024 DEBUG processModel null 000becb2-c34d-8000-5ca8-7f0000014e7a Successfully exported design guidance with key: sysrule.designGuidance.processModel.displayNameNotDynamic
2025-10-24 15:43:08.024 DEBUG processModel null 0006ecb2-ce27-8000-5cb0-7f0000014e7a Successfully exported design guidance with key: sysrule.designGuidance.processModel.alertSettingsNotCustomized
2025-10-24 15:43:08.024 DEBUG processModel null 0006ecb2-ce27-8000-5cb0-7f0000014e7a Successfully exported design guidance with key: sysrule.designGuidance.processModel.displayNameNotDynamic
2025-10-24 15:43:08.024 DEBUG processModel null 000becb3-f7f1-8000-5d0c-7f0000014e7a Successfully exported design guidance with key: sysrule.designGuidance.processModel.alertSettingsNotCustomized
2025-10-24 15:43:08.024 DEBUG processModel null 000becb3-f7f1-8000-5d0c-7f0000014e7a Successfully exported design guidance with key: sysrule.designGuidance.processModel.displayNameNotDynamic
2025-10-24 15:43:08.024 DEBUG processModel null 000beccd-e577-8000-5f67-7f0000014e7a Successfully exported design guidance with key: sysrule.designGuidance.processModel.alertSettingsNotCustomized
2025-10-24 15:43:08.024 DEBUG processModel null 000beccd-e577-8000-5f67-7f0000014e7a Successfully exported design guidance with key: sysrule.designGuidance.processModel.displayNameNotDynamic
2025-10-24 15:43:08.024 DEBUG processModel null 000beccd-f0fe-8000-5f89-7f0000014e7a Successfully exported design guidance with key: sysrule.designGuidance.processModel.alertSettingsNotCustomized
2025-10-24 15:43:08.024 DEBUG processModel null 000beccd-f0fe-8000-5f89-7f0000014e7a Successfully exported design guidance with key: sysrule.designGuidance.processModel.displayNameNotDynamic
2025-10-24 15:43:08.024 DEBUG content null _a-0000ea62-5ede-8000-9bc4-011c48011c48_452801 Successfully exported design guidance with key: sysrule.designGuidance.expressions.unusedRuleInput
2025-10-24 15:43:08.024 DEBUG processModel null 0002edcc-8914-8000-7358-7f0000014e7a Successfully exported design guidance with key: sysrule.designGuidance.processModel.alertSettingsNotCustomized
2025-10-24 15:43:08.024 DEBUG processModel null 0002edcc-8914-8000-7358-7f0000014e7a Successfully exported design guidance with key: sysrule.designGuidance.processModel.displayNameNotDynamic
2025-10-24 15:43:08.024 DEBUG content null _a-0000eb92-003a-8000-9bdb-011c48011c48_1448782 Successfully exported design guidance with key: sysrule.designGuidance.expressions.unusedLocalVariables
2025-10-24 15:43:08.024 DEBUG processModel null 0002e393-2dbe-8000-855d-014d98014d98 Successfully exported design guidance with key: sysrule.designGuidance.processModel.asynchronousSubprocess
