Éxito (12):
group 330 33e562ab-777e-47f8-a585-33f8e145ebfe "CB Administradores"
group 331 eaa9c8a8-8f07-44ae-a2c0-596aa04c4d48 "CB Usuarios"
content 207317 05026428-f647-445b-bdbb-47ab8fd56011 "CB Reglas y constantes"
content 207318 82024408-941c-495a-bf0f-f2c1de61ed9b "CB Centro de conocimientos"
content 207319 f690b02c-6b42-4c79-863b-8c662a2ee2b4 "CB Documentación de aplicación"
content 207320 e309d5eb-db9e-4dc5-91e2-2a3af5b941de "CB Artefactos"
processModelFolder 71 b108a5a7-0992-4c86-83d1-3d9725c3e0fb "CB Modelos de procesos"
application 207321 9c354868-5dcd-4514-866d-19c6b14ecba7 "CICD-Flow B"
recordType 416 51a77589-a1ba-40e9-a476-a42b33e44bce "CB Producto"
recordType 417 ec56ef8e-621e-47d6-9de0-e78d1e8d25d6 "CB Cliente"
recordType 418 d7234f80-979e-4793-85b9-abecbb8a85a8 "CB Carro"
recordType 419 a241907b-a8d3-4e73-9560-f16259b1fac5 "CB Carro Item"

Trace:
2025-10-24 16:09:54.213 DEBUG application 207321 9c354868-5dcd-4514-866d-19c6b14ecba7 Begin transport.
2025-10-24 16:09:54.213 DEBUG application 207321 9c354868-5dcd-4514-866d-19c6b14ecba7 Retrieving object data.
2025-10-24 16:09:54.221 DEBUG application 207321 9c354868-5dcd-4514-866d-19c6b14ecba7 App associated objects: [group=[33e562ab-777e-47f8-a585-33f8e145ebfe, eaa9c8a8-8f07-44ae-a2c0-596aa04c4d48],content=[05026428-f647-445b-bdbb-47ab8fd56011, f690b02c-6b42-4c79-863b-8c662a2ee2b4, e309d5eb-db9e-4dc5-91e2-2a3af5b941de, 82024408-941c-495a-bf0f-f2c1de61ed9b, _a-0000ee92-fba5-8000-9c16-011c48011c48_4423423, _a-0000ee92-fba5-8000-9c16-011c48011c48_4436971, _a-0000ee92-fba5-8000-9c16-011c48011c48_4437432, _a-0000ee92-fba5-8000-9c16-011c48011c48_4439712, _a-0000ee92-fba5-8000-9c16-011c48011c48_4441052, _a-0000ee92-fba5-8000-9c16-011c48011c48_4441473, _a-0000ee92-fba5-8000-9c16-011c48011c48_4461165, _a-0000ee92-fba5-8000-9c16-011c48011c48_4461320, _a-0000ee92-fba5-8000-9c16-011c48011c48_4462250, _a-0000ee92-fba5-8000-9c16-011c48011c48_4489196, _a-0000ee92-fba5-8000-9c16-011c48011c48_4490475, _a-0000ee92-fba5-8000-9c16-011c48011c48_4490787, _a-0000ee92-fba5-8000-9c16-011c48011c48_4490793],processModelFolder=[b108a5a7-0992-4c86-83d1-3d9725c3e0fb],recordType=[3f2b7f04-cfd2-4cab-9374-7022869c366a, 85ded477-e55d-4556-9418-bb7218382da3, 51a77589-a1ba-40e9-a476-a42b33e44bce, ec56ef8e-621e-47d6-9de0-e78d1e8d25d6, d7234f80-979e-4793-85b9-abecbb8a85a8, a241907b-a8d3-4e73-9560-f16259b1fac5],connectedSystem=[_a-0000ee92-fba5-8000-9c16-011c48011c48_4423429, _a-0000ee92-fba5-8000-9c16-011c48011c48_4438147, _a-0000ee92-fba5-8000-9c16-011c48011c48_4438154, _a-0000ee92-fba5-8000-9c16-011c48011c48_4439799, _a-0000ee92-fba5-8000-9c16-011c48011c48_4441479, _a-0000ee92-fba5-8000-9c16-011c48011c48_4462292]]
2025-10-24 16:09:54.242 DEBUG application 207321 9c354868-5dcd-4514-866d-19c6b14ecba7 Invalid associated objects: [content=[_a-0000ee92-fba5-8000-9c16-011c48011c48_4423423, _a-0000ee92-fba5-8000-9c16-011c48011c48_4436971, _a-0000ee92-fba5-8000-9c16-011c48011c48_4437432, _a-0000ee92-fba5-8000-9c16-011c48011c48_4439712, _a-0000ee92-fba5-8000-9c16-011c48011c48_4441052, _a-0000ee92-fba5-8000-9c16-011c48011c48_4441473, _a-0000ee92-fba5-8000-9c16-011c48011c48_4461165, _a-0000ee92-fba5-8000-9c16-011c48011c48_4461320, _a-0000ee92-fba5-8000-9c16-011c48011c48_4462250, _a-0000ee92-fba5-8000-9c16-011c48011c48_4489196, _a-0000ee92-fba5-8000-9c16-011c48011c48_4490475, _a-0000ee92-fba5-8000-9c16-011c48011c48_4490787, _a-0000ee92-fba5-8000-9c16-011c48011c48_4490793],recordType=[3f2b7f04-cfd2-4cab-9374-7022869c366a, 85ded477-e55d-4556-9418-bb7218382da3],connectedSystem=[_a-0000ee92-fba5-8000-9c16-011c48011c48_4423429, _a-0000ee92-fba5-8000-9c16-011c48011c48_4438147, _a-0000ee92-fba5-8000-9c16-011c48011c48_4438154, _a-0000ee92-fba5-8000-9c16-011c48011c48_4439799, _a-0000ee92-fba5-8000-9c16-011c48011c48_4441479, _a-0000ee92-fba5-8000-9c16-011c48011c48_4462292]]
2025-10-24 16:09:54.242 DEBUG application 207321 9c354868-5dcd-4514-866d-19c6b14ecba7 Adding valid associated objects to be exported: GlobalBindingMap[group={33e562ab-777e-47f8-a585-33f8e145ebfe=330, eaa9c8a8-8f07-44ae-a2c0-596aa04c4d48=331},content={05026428-f647-445b-bdbb-47ab8fd56011=207317, f690b02c-6b42-4c79-863b-8c662a2ee2b4=207319, e309d5eb-db9e-4dc5-91e2-2a3af5b941de=207320, 82024408-941c-495a-bf0f-f2c1de61ed9b=207318},processModelFolder={b108a5a7-0992-4c86-83d1-3d9725c3e0fb=71},recordType={51a77589-a1ba-40e9-a476-a42b33e44bce=416, ec56ef8e-621e-47d6-9de0-e78d1e8d25d6=417, d7234f80-979e-4793-85b9-abecbb8a85a8=418, a241907b-a8d3-4e73-9560-f16259b1fac5=419}]
2025-10-24 16:09:54.243 DEBUG application 207321 9c354868-5dcd-4514-866d-19c6b14ecba7 Setting uuids of object references.
2025-10-24 16:09:54.245 DEBUG application 207321 9c354868-5dcd-4514-866d-19c6b14ecba7 Processing reference: Application.forum
2025-10-24 16:09:54.246 DEBUG application 207321 9c354868-5dcd-4514-866d-19c6b14ecba7 Processing reference: Application.parent
2025-10-24 16:09:54.25 DEBUG application 207321 9c354868-5dcd-4514-866d-19c6b14ecba7 Processing reference: com.appiancorp.suiteapi.content.ContentRoleMap@779f1ab6[
  ContentRole[name=readers,groupIds=[331],inherit=false,allowForAll=false]
  ContentRole[name=authors,inherit=false,allowForAll=false]
  ContentRole[name=administrators,groupIds=[330],inherit=false,allowForAll=false]
  ContentRole[name=denyReaders,inherit=false,allowForAll=false]
  ContentRole[name=denyAuthors,inherit=false,allowForAll=false]
  ContentRole[name=denyAdministrators,inherit=false,allowForAll=false]
  securityVector=1:SEC_PUBLIC=true,SEC_CREATOR_ADMIN=false,SEC_INH_ADMIN=false,SEC_INH_EDITOR=false,SEC_INH_VIEWER=false,SEC_ALL_ADMIN=false,SEC_ALL_EDITOR=false,SEC_ALL_VIEWER=false
]
2025-10-24 16:09:54.25 DEBUG application 207321 9c354868-5dcd-4514-866d-19c6b14ecba7 Processing reference: ContentRole[name=readers,groupIds=[331],inherit=false,allowForAll=false]
2025-10-24 16:09:54.252 DEBUG group 331 eaa9c8a8-8f07-44ae-a2c0-596aa04c4d48 Begin transport.
2025-10-24 16:09:54.252 DEBUG group 331 eaa9c8a8-8f07-44ae-a2c0-596aa04c4d48 Retrieving object data.
2025-10-24 16:09:54.266 DEBUG group 331 eaa9c8a8-8f07-44ae-a2c0-596aa04c4d48 Setting uuids of object references.
2025-10-24 16:09:54.266 DEBUG group 331 eaa9c8a8-8f07-44ae-a2c0-596aa04c4d48 Processing reference: Role[name=<null>,groupIds=[330]]
2025-10-24 16:09:54.268 DEBUG group 330 33e562ab-777e-47f8-a585-33f8e145ebfe Begin transport.
2025-10-24 16:09:54.268 DEBUG group 330 33e562ab-777e-47f8-a585-33f8e145ebfe Retrieving object data.
2025-10-24 16:09:54.274 DEBUG group 330 33e562ab-777e-47f8-a585-33f8e145ebfe Setting uuids of object references.
2025-10-24 16:09:54.274 DEBUG group 330 33e562ab-777e-47f8-a585-33f8e145ebfe Processing reference: Role[name=<null>,groupIds=[330]]
2025-10-24 16:09:54.275 DEBUG group 330 33e562ab-777e-47f8-a585-33f8e145ebfe Begin transport.
2025-10-24 16:09:54.275 DEBUG group 330 33e562ab-777e-47f8-a585-33f8e145ebfe Loop detected: [group:330]
2025-10-24 16:09:54.275 DEBUG group 330 Breaking loop [group:330]. group:330 will be transported with its reference to 330 nulled out and will require a second pass.
2025-10-24 16:09:54.276 DEBUG group 330 33e562ab-777e-47f8-a585-33f8e145ebfe Processing reference: Attribute[name=ADGroup,type=STRING,value=foobar]
2025-10-24 16:09:54.276 DEBUG group 330 33e562ab-777e-47f8-a585-33f8e145ebfe Processing reference: Attribute[name=ADGroup-QA,type=STRING,value=foobar]
2025-10-24 16:09:54.276 DEBUG group 330 33e562ab-777e-47f8-a585-33f8e145ebfe Processing reference: Attribute[name=ADGroup-DEV,type=STRING,value=foobar]
2025-10-24 16:09:54.276 DEBUG group 330 33e562ab-777e-47f8-a585-33f8e145ebfe Processing reference: Group.groupTypeId
2025-10-24 16:09:54.278 DEBUG group 330 33e562ab-777e-47f8-a585-33f8e145ebfe Processing reference: Group.parentId
2025-10-24 16:09:54.278 DEBUG group 330 33e562ab-777e-47f8-a585-33f8e145ebfe Processing reference: Group.homePageId
2025-10-24 16:09:54.279 DEBUG group 330 33e562ab-777e-47f8-a585-33f8e145ebfe Processing reference: Role[name=<null>]
2025-10-24 16:09:54.279 DEBUG group 330 33e562ab-777e-47f8-a585-33f8e145ebfe Object transported with these references nulled out: [group:330]
2025-10-24 16:09:54.279 DEBUG group 330 33e562ab-777e-47f8-a585-33f8e145ebfe Binding pending incomplete: group:330
2025-10-24 16:09:54.28 DEBUG group 330 33e562ab-777e-47f8-a585-33f8e145ebfe Begin transport.
2025-10-24 16:09:54.28 DEBUG group 330 33e562ab-777e-47f8-a585-33f8e145ebfe Retrieving object data.
2025-10-24 16:09:54.286 DEBUG group 330 33e562ab-777e-47f8-a585-33f8e145ebfe Setting uuids of object references.
2025-10-24 16:09:54.286 DEBUG group 330 33e562ab-777e-47f8-a585-33f8e145ebfe Processing reference: Role[name=<null>,groupIds=[330]]
2025-10-24 16:09:54.288 DEBUG group 330 33e562ab-777e-47f8-a585-33f8e145ebfe Processing reference: Attribute[name=ADGroup,type=STRING,value=foobar]
2025-10-24 16:09:54.288 DEBUG group 330 33e562ab-777e-47f8-a585-33f8e145ebfe Processing reference: Attribute[name=ADGroup-QA,type=STRING,value=foobar]
2025-10-24 16:09:54.288 DEBUG group 330 33e562ab-777e-47f8-a585-33f8e145ebfe Processing reference: Attribute[name=ADGroup-DEV,type=STRING,value=foobar]
2025-10-24 16:09:54.288 DEBUG group 330 33e562ab-777e-47f8-a585-33f8e145ebfe Processing reference: Group.groupTypeId
2025-10-24 16:09:54.289 DEBUG group 330 33e562ab-777e-47f8-a585-33f8e145ebfe Processing reference: Group.parentId
2025-10-24 16:09:54.289 DEBUG group 330 33e562ab-777e-47f8-a585-33f8e145ebfe Processing reference: Group.homePageId
2025-10-24 16:09:54.289 DEBUG group 330 33e562ab-777e-47f8-a585-33f8e145ebfe Processing reference: Role[name=<null>]
2025-10-24 16:09:54.289 DEBUG group 330 33e562ab-777e-47f8-a585-33f8e145ebfe Exporting binary resources.
2025-10-24 16:09:54.289 DEBUG group 330 33e562ab-777e-47f8-a585-33f8e145ebfe Serializing object to XML.
2025-10-24 16:09:54.291 DEBUG group 330 33e562ab-777e-47f8-a585-33f8e145ebfe Removed object from incomplete list.
2025-10-24 16:09:54.291 DEBUG group 330 33e562ab-777e-47f8-a585-33f8e145ebfe Object transported.
2025-10-24 16:09:54.291 DEBUG group 330 33e562ab-777e-47f8-a585-33f8e145ebfe Binding pending incomplete: group:330
2025-10-24 16:09:54.292 DEBUG group 331 eaa9c8a8-8f07-44ae-a2c0-596aa04c4d48 Processing reference: Attribute[name=ADGroup,type=STRING,value=foobar]
2025-10-24 16:09:54.292 DEBUG group 331 eaa9c8a8-8f07-44ae-a2c0-596aa04c4d48 Processing reference: Attribute[name=ADGroup-QA,type=STRING,value=foobar]
2025-10-24 16:09:54.292 DEBUG group 331 eaa9c8a8-8f07-44ae-a2c0-596aa04c4d48 Processing reference: Attribute[name=ADGroup-DEV,type=STRING,value=foobar]
2025-10-24 16:09:54.292 DEBUG group 331 eaa9c8a8-8f07-44ae-a2c0-596aa04c4d48 Processing reference: Group.groupTypeId
2025-10-24 16:09:54.293 DEBUG group 331 eaa9c8a8-8f07-44ae-a2c0-596aa04c4d48 Processing reference: Group.parentId
2025-10-24 16:09:54.293 DEBUG group 331 eaa9c8a8-8f07-44ae-a2c0-596aa04c4d48 Processing reference: Group.homePageId
2025-10-24 16:09:54.293 DEBUG group 331 eaa9c8a8-8f07-44ae-a2c0-596aa04c4d48 Processing reference: Role[name=<null>,groupIds=[330]]
2025-10-24 16:09:54.294 DEBUG group 331 eaa9c8a8-8f07-44ae-a2c0-596aa04c4d48 Exporting binary resources.
2025-10-24 16:09:54.294 DEBUG group 331 eaa9c8a8-8f07-44ae-a2c0-596aa04c4d48 Serializing object to XML.
2025-10-24 16:09:54.295 DEBUG group 331 eaa9c8a8-8f07-44ae-a2c0-596aa04c4d48 Object transported.
2025-10-24 16:09:54.295 DEBUG application 207321 9c354868-5dcd-4514-866d-19c6b14ecba7 Processing reference: ContentRole[name=authors,inherit=false,allowForAll=false]
2025-10-24 16:09:54.295 DEBUG application 207321 9c354868-5dcd-4514-866d-19c6b14ecba7 Processing reference: ContentRole[name=administrators,groupIds=[330],inherit=false,allowForAll=false]
2025-10-24 16:09:54.296 DEBUG application 207321 9c354868-5dcd-4514-866d-19c6b14ecba7 Processing reference: ContentRole[name=denyReaders,inherit=false,allowForAll=false]
2025-10-24 16:09:54.296 DEBUG application 207321 9c354868-5dcd-4514-866d-19c6b14ecba7 Processing reference: ContentRole[name=denyAuthors,inherit=false,allowForAll=false]
2025-10-24 16:09:54.296 DEBUG application 207321 9c354868-5dcd-4514-866d-19c6b14ecba7 Processing reference: ContentRole[name=denyAdministrators,inherit=false,allowForAll=false]
2025-10-24 16:09:54.32 DEBUG content 207317 05026428-f647-445b-bdbb-47ab8fd56011 Begin transport.
2025-10-24 16:09:54.32 DEBUG content 207317 05026428-f647-445b-bdbb-47ab8fd56011 Retrieving object data.
2025-10-24 16:09:54.331 DEBUG content 207317 05026428-f647-445b-bdbb-47ab8fd56011 Setting uuids of object references.
2025-10-24 16:09:54.331 DEBUG content 207317 05026428-f647-445b-bdbb-47ab8fd56011 Processing reference: RulesFolder.forum
2025-10-24 16:09:54.331 DEBUG content 207317 05026428-f647-445b-bdbb-47ab8fd56011 Processing reference: RulesFolder.parent
2025-10-24 16:09:54.337 DEBUG content 207317 05026428-f647-445b-bdbb-47ab8fd56011 Processing reference: com.appiancorp.suiteapi.content.ContentRoleMap@161dc810[
  ContentRole[name=readers,groupIds=[331],inherit=false,allowForAll=false]
  ContentRole[name=authors,inherit=false,allowForAll=false]
  ContentRole[name=administrators,groupIds=[330],inherit=false,allowForAll=false]
  ContentRole[name=denyReaders,inherit=false,allowForAll=false]
  ContentRole[name=denyAuthors,inherit=false,allowForAll=false]
  ContentRole[name=denyAdministrators,inherit=false,allowForAll=false]
  securityVector=1:SEC_PUBLIC=true,SEC_CREATOR_ADMIN=false,SEC_INH_ADMIN=false,SEC_INH_EDITOR=false,SEC_INH_VIEWER=false,SEC_ALL_ADMIN=false,SEC_ALL_EDITOR=false,SEC_ALL_VIEWER=false
]
2025-10-24 16:09:54.337 DEBUG content 207317 05026428-f647-445b-bdbb-47ab8fd56011 Processing reference: ContentRole[name=readers,groupIds=[331],inherit=false,allowForAll=false]
2025-10-24 16:09:54.339 DEBUG content 207317 05026428-f647-445b-bdbb-47ab8fd56011 Processing reference: ContentRole[name=authors,inherit=false,allowForAll=false]
2025-10-24 16:09:54.339 DEBUG content 207317 05026428-f647-445b-bdbb-47ab8fd56011 Processing reference: ContentRole[name=administrators,groupIds=[330],inherit=false,allowForAll=false]
2025-10-24 16:09:54.341 DEBUG content 207317 05026428-f647-445b-bdbb-47ab8fd56011 Processing reference: ContentRole[name=denyReaders,inherit=false,allowForAll=false]
2025-10-24 16:09:54.341 DEBUG content 207317 05026428-f647-445b-bdbb-47ab8fd56011 Processing reference: ContentRole[name=denyAuthors,inherit=false,allowForAll=false]
2025-10-24 16:09:54.341 DEBUG content 207317 05026428-f647-445b-bdbb-47ab8fd56011 Processing reference: ContentRole[name=denyAdministrators,inherit=false,allowForAll=false]
2025-10-24 16:09:54.342 DEBUG content 207317 05026428-f647-445b-bdbb-47ab8fd56011 Exporting binary resources.
2025-10-24 16:09:54.342 DEBUG content 207317 05026428-f647-445b-bdbb-47ab8fd56011 Serializing object to XML.
2025-10-24 16:09:54.342 DEBUG content 207317 05026428-f647-445b-bdbb-47ab8fd56011 Object transported.
2025-10-24 16:09:54.342 DEBUG content 207319 f690b02c-6b42-4c79-863b-8c662a2ee2b4 Begin transport.
2025-10-24 16:09:54.342 DEBUG content 207319 f690b02c-6b42-4c79-863b-8c662a2ee2b4 Retrieving object data.
2025-10-24 16:09:54.354 DEBUG content 207319 f690b02c-6b42-4c79-863b-8c662a2ee2b4 Setting uuids of object references.
2025-10-24 16:09:54.354 DEBUG content 207319 f690b02c-6b42-4c79-863b-8c662a2ee2b4 Processing reference: KnowledgeFolder.forum
2025-10-24 16:09:54.355 DEBUG content 207319 f690b02c-6b42-4c79-863b-8c662a2ee2b4 Processing reference: KnowledgeFolder.parent
2025-10-24 16:09:54.359 DEBUG content 207318 82024408-941c-495a-bf0f-f2c1de61ed9b Begin transport.
2025-10-24 16:09:54.359 DEBUG content 207318 82024408-941c-495a-bf0f-f2c1de61ed9b Retrieving object data.
2025-10-24 16:09:54.37 DEBUG content 207318 82024408-941c-495a-bf0f-f2c1de61ed9b Setting uuids of object references.
2025-10-24 16:09:54.37 DEBUG content 207318 82024408-941c-495a-bf0f-f2c1de61ed9b Processing reference: CommunityKnowledgeCenter.forum
2025-10-24 16:09:54.371 DEBUG content 207318 82024408-941c-495a-bf0f-f2c1de61ed9b Processing reference: CommunityKnowledgeCenter.parent
2025-10-24 16:09:54.373 DEBUG content 207318 82024408-941c-495a-bf0f-f2c1de61ed9b Processing reference: com.appiancorp.suiteapi.content.ContentRoleMap@7041a5d9[
  ContentRole[name=readers,groupIds=[331],inherit=false,allowForAll=false]
  ContentRole[name=authors,inherit=false,allowForAll=false]
  ContentRole[name=administrators,groupIds=[330],inherit=false,allowForAll=false]
  ContentRole[name=denyReaders,inherit=false,allowForAll=false]
  ContentRole[name=denyAuthors,inherit=false,allowForAll=false]
  ContentRole[name=denyAdministrators,inherit=false,allowForAll=false]
  securityVector=1:SEC_PUBLIC=true,SEC_CREATOR_ADMIN=false,SEC_INH_ADMIN=false,SEC_INH_EDITOR=false,SEC_INH_VIEWER=false,SEC_ALL_ADMIN=false,SEC_ALL_EDITOR=false,SEC_ALL_VIEWER=false
]
2025-10-24 16:09:54.373 DEBUG content 207318 82024408-941c-495a-bf0f-f2c1de61ed9b Processing reference: ContentRole[name=readers,groupIds=[331],inherit=false,allowForAll=false]
2025-10-24 16:09:54.376 DEBUG content 207318 82024408-941c-495a-bf0f-f2c1de61ed9b Processing reference: ContentRole[name=authors,inherit=false,allowForAll=false]
2025-10-24 16:09:54.376 DEBUG content 207318 82024408-941c-495a-bf0f-f2c1de61ed9b Processing reference: ContentRole[name=administrators,groupIds=[330],inherit=false,allowForAll=false]
2025-10-24 16:09:54.378 DEBUG content 207318 82024408-941c-495a-bf0f-f2c1de61ed9b Processing reference: ContentRole[name=denyReaders,inherit=false,allowForAll=false]
2025-10-24 16:09:54.378 DEBUG content 207318 82024408-941c-495a-bf0f-f2c1de61ed9b Processing reference: ContentRole[name=denyAuthors,inherit=false,allowForAll=false]
2025-10-24 16:09:54.378 DEBUG content 207318 82024408-941c-495a-bf0f-f2c1de61ed9b Processing reference: ContentRole[name=denyAdministrators,inherit=false,allowForAll=false]
2025-10-24 16:09:54.378 DEBUG content 207318 82024408-941c-495a-bf0f-f2c1de61ed9b Exporting binary resources.
2025-10-24 16:09:54.378 DEBUG content 207318 82024408-941c-495a-bf0f-f2c1de61ed9b Serializing object to XML.
2025-10-24 16:09:54.379 DEBUG content 207318 82024408-941c-495a-bf0f-f2c1de61ed9b Object transported.
2025-10-24 16:09:54.379 DEBUG content 207319 f690b02c-6b42-4c79-863b-8c662a2ee2b4 Processing reference: com.appiancorp.suiteapi.content.ContentRoleMap@ce6afcb[
  ContentRole[name=readers,inherit=true,allowForAll=false]
  ContentRole[name=authors,inherit=true,allowForAll=false]
  ContentRole[name=administrators,inherit=true,allowForAll=false]
  ContentRole[name=denyReaders,inherit=false,allowForAll=false]
  ContentRole[name=denyAuthors,inherit=false,allowForAll=false]
  ContentRole[name=denyAdministrators,inherit=false,allowForAll=false]
  securityVector=15:SEC_PUBLIC=true,SEC_CREATOR_ADMIN=false,SEC_INH_ADMIN=true,SEC_INH_EDITOR=true,SEC_INH_VIEWER=true,SEC_ALL_ADMIN=false,SEC_ALL_EDITOR=false,SEC_ALL_VIEWER=false
]
2025-10-24 16:09:54.379 DEBUG content 207319 f690b02c-6b42-4c79-863b-8c662a2ee2b4 Processing reference: ContentRole[name=readers,inherit=true,allowForAll=false]
2025-10-24 16:09:54.379 DEBUG content 207319 f690b02c-6b42-4c79-863b-8c662a2ee2b4 Processing reference: ContentRole[name=authors,inherit=true,allowForAll=false]
2025-10-24 16:09:54.379 DEBUG content 207319 f690b02c-6b42-4c79-863b-8c662a2ee2b4 Processing reference: ContentRole[name=administrators,inherit=true,allowForAll=false]
2025-10-24 16:09:54.379 DEBUG content 207319 f690b02c-6b42-4c79-863b-8c662a2ee2b4 Processing reference: ContentRole[name=denyReaders,inherit=false,allowForAll=false]
2025-10-24 16:09:54.379 DEBUG content 207319 f690b02c-6b42-4c79-863b-8c662a2ee2b4 Processing reference: ContentRole[name=denyAuthors,inherit=false,allowForAll=false]
2025-10-24 16:09:54.379 DEBUG content 207319 f690b02c-6b42-4c79-863b-8c662a2ee2b4 Processing reference: ContentRole[name=denyAdministrators,inherit=false,allowForAll=false]
2025-10-24 16:09:54.379 DEBUG content 207319 f690b02c-6b42-4c79-863b-8c662a2ee2b4 Exporting binary resources.
2025-10-24 16:09:54.379 DEBUG content 207319 f690b02c-6b42-4c79-863b-8c662a2ee2b4 Serializing object to XML.
2025-10-24 16:09:54.379 DEBUG content 207319 f690b02c-6b42-4c79-863b-8c662a2ee2b4 Object transported.
2025-10-24 16:09:54.379 DEBUG content 207320 e309d5eb-db9e-4dc5-91e2-2a3af5b941de Begin transport.
2025-10-24 16:09:54.379 DEBUG content 207320 e309d5eb-db9e-4dc5-91e2-2a3af5b941de Retrieving object data.
2025-10-24 16:09:54.39 DEBUG content 207320 e309d5eb-db9e-4dc5-91e2-2a3af5b941de Setting uuids of object references.
2025-10-24 16:09:54.39 DEBUG content 207320 e309d5eb-db9e-4dc5-91e2-2a3af5b941de Processing reference: KnowledgeFolder.forum
2025-10-24 16:09:54.391 DEBUG content 207320 e309d5eb-db9e-4dc5-91e2-2a3af5b941de Processing reference: KnowledgeFolder.parent
2025-10-24 16:09:54.395 DEBUG content 207320 e309d5eb-db9e-4dc5-91e2-2a3af5b941de Processing reference: com.appiancorp.suiteapi.content.ContentRoleMap@3c7a82b8[
  ContentRole[name=readers,inherit=true,allowForAll=false]
  ContentRole[name=authors,inherit=true,allowForAll=false]
  ContentRole[name=administrators,inherit=true,allowForAll=false]
  ContentRole[name=denyReaders,inherit=false,allowForAll=false]
  ContentRole[name=denyAuthors,inherit=false,allowForAll=false]
  ContentRole[name=denyAdministrators,inherit=false,allowForAll=false]
  securityVector=15:SEC_PUBLIC=true,SEC_CREATOR_ADMIN=false,SEC_INH_ADMIN=true,SEC_INH_EDITOR=true,SEC_INH_VIEWER=true,SEC_ALL_ADMIN=false,SEC_ALL_EDITOR=false,SEC_ALL_VIEWER=false
]
2025-10-24 16:09:54.395 DEBUG content 207320 e309d5eb-db9e-4dc5-91e2-2a3af5b941de Processing reference: ContentRole[name=readers,inherit=true,allowForAll=false]
2025-10-24 16:09:54.395 DEBUG content 207320 e309d5eb-db9e-4dc5-91e2-2a3af5b941de Processing reference: ContentRole[name=authors,inherit=true,allowForAll=false]
2025-10-24 16:09:54.395 DEBUG content 207320 e309d5eb-db9e-4dc5-91e2-2a3af5b941de Processing reference: ContentRole[name=administrators,inherit=true,allowForAll=false]
2025-10-24 16:09:54.395 DEBUG content 207320 e309d5eb-db9e-4dc5-91e2-2a3af5b941de Processing reference: ContentRole[name=denyReaders,inherit=false,allowForAll=false]
2025-10-24 16:09:54.395 DEBUG content 207320 e309d5eb-db9e-4dc5-91e2-2a3af5b941de Processing reference: ContentRole[name=denyAuthors,inherit=false,allowForAll=false]
2025-10-24 16:09:54.395 DEBUG content 207320 e309d5eb-db9e-4dc5-91e2-2a3af5b941de Processing reference: ContentRole[name=denyAdministrators,inherit=false,allowForAll=false]
2025-10-24 16:09:54.395 DEBUG content 207320 e309d5eb-db9e-4dc5-91e2-2a3af5b941de Exporting binary resources.
2025-10-24 16:09:54.395 DEBUG content 207320 e309d5eb-db9e-4dc5-91e2-2a3af5b941de Serializing object to XML.
2025-10-24 16:09:54.395 DEBUG content 207320 e309d5eb-db9e-4dc5-91e2-2a3af5b941de Object transported.
2025-10-24 16:09:54.408 DEBUG processModelFolder 71 b108a5a7-0992-4c86-83d1-3d9725c3e0fb Begin transport.
2025-10-24 16:09:54.409 DEBUG processModelFolder 71 b108a5a7-0992-4c86-83d1-3d9725c3e0fb Retrieving object data.
2025-10-24 16:09:54.415 DEBUG processModelFolder 71 b108a5a7-0992-4c86-83d1-3d9725c3e0fb Setting uuids of object references.
2025-10-24 16:09:54.415 DEBUG processModelFolder 71 b108a5a7-0992-4c86-83d1-3d9725c3e0fb Processing reference: ProcessModelFolder.parentFolderId
2025-10-24 16:09:54.416 DEBUG processModelFolder 71 b108a5a7-0992-4c86-83d1-3d9725c3e0fb Processing reference: com.appiancorp.suiteapi.process.ProcessRoleMap@5f720fa[
  Role[name=ADMIN_OWNER,groupIds=[330]]
  Role[name=EDITOR]
  Role[name=EXPLICIT_NONMEMBER]
  Role[name=VIEWER,groupIds=[331]]
  Role[name=MANAGER]
  Role[name=INITIATOR]
]
2025-10-24 16:09:54.416 DEBUG processModelFolder 71 b108a5a7-0992-4c86-83d1-3d9725c3e0fb Processing reference: Role[name=ADMIN_OWNER,groupIds=[330]]
2025-10-24 16:09:54.418 DEBUG processModelFolder 71 b108a5a7-0992-4c86-83d1-3d9725c3e0fb Processing reference: Role[name=EDITOR]
2025-10-24 16:09:54.418 DEBUG processModelFolder 71 b108a5a7-0992-4c86-83d1-3d9725c3e0fb Processing reference: Role[name=EXPLICIT_NONMEMBER]
2025-10-24 16:09:54.418 DEBUG processModelFolder 71 b108a5a7-0992-4c86-83d1-3d9725c3e0fb Processing reference: Role[name=VIEWER,groupIds=[331]]
2025-10-24 16:09:54.419 DEBUG processModelFolder 71 b108a5a7-0992-4c86-83d1-3d9725c3e0fb Processing reference: Role[name=MANAGER]
2025-10-24 16:09:54.419 DEBUG processModelFolder 71 b108a5a7-0992-4c86-83d1-3d9725c3e0fb Processing reference: Role[name=INITIATOR]
2025-10-24 16:09:54.42 DEBUG processModelFolder 71 b108a5a7-0992-4c86-83d1-3d9725c3e0fb Exporting binary resources.
2025-10-24 16:09:54.42 DEBUG processModelFolder 71 b108a5a7-0992-4c86-83d1-3d9725c3e0fb Serializing object to XML.
2025-10-24 16:09:54.42 DEBUG processModelFolder 71 b108a5a7-0992-4c86-83d1-3d9725c3e0fb Object transported.
2025-10-24 16:09:54.462 DEBUG recordType 416 51a77589-a1ba-40e9-a476-a42b33e44bce Begin transport.
2025-10-24 16:09:54.462 DEBUG recordType 416 51a77589-a1ba-40e9-a476-a42b33e44bce Retrieving object data.
2025-10-24 16:09:54.531 DEBUG recordType 416 51a77589-a1ba-40e9-a476-a42b33e44bce Setting uuids of object references.
2025-10-24 16:09:54.532 DEBUG recordType 416 51a77589-a1ba-40e9-a476-a42b33e44bce Processing reference: RecordTypeDefinition.dataSrcExpr
2025-10-24 16:09:54.532 DEBUG recordType 416 51a77589-a1ba-40e9-a476-a42b33e44bce Processing reference: RecordTypeDefinition.defaultFilters
2025-10-24 16:09:54.532 DEBUG recordType 416 51a77589-a1ba-40e9-a476-a42b33e44bce Processing reference: RecordTypeDefinition.defaultFiltersExpr
2025-10-24 16:09:54.532 DEBUG recordType 416 51a77589-a1ba-40e9-a476-a42b33e44bce Processing reference: RecordTypeDefinition.defaultSortInfoAsQueryInfos
2025-10-24 16:09:54.532 DEBUG recordType 416 51a77589-a1ba-40e9-a476-a42b33e44bce Processing reference: DetailViewCfg.headerExpr
2025-10-24 16:09:54.533 DEBUG recordType 416 51a77589-a1ba-40e9-a476-a42b33e44bce Processing reference: DetailViewCfg.nameExpr
2025-10-24 16:09:54.533 DEBUG recordType 416 51a77589-a1ba-40e9-a476-a42b33e44bce Processing reference: DetailViewCfg.uiExpr
2025-10-24 16:09:54.533 DEBUG recordType 416 51a77589-a1ba-40e9-a476-a42b33e44bce Processing reference: DetailViewCfg.visibilityExpr
2025-10-24 16:09:54.534 DEBUG recordType 416 51a77589-a1ba-40e9-a476-a42b33e44bce Processing reference: RecordTypeDefinition.facetsListExpr
2025-10-24 16:09:54.534 DEBUG recordType 416 51a77589-a1ba-40e9-a476-a42b33e44bce Processing reference: RecordTypeDefinition.listViewSrcExpr
2025-10-24 16:09:54.534 DEBUG recordType 416 51a77589-a1ba-40e9-a476-a42b33e44bce Processing reference: RecordTypeDefinition.listViewTemplateExpr
2025-10-24 16:09:54.558 DEBUG recordType 416 51a77589-a1ba-40e9-a476-a42b33e44bce Processing reference: com.appiancorp.record.entities.RecordSourceCfg@a2128011
2025-10-24 16:09:54.566 DEBUG recordType 416 51a77589-a1ba-40e9-a476-a42b33e44bce Processing reference: RecordSourceFieldCfg.customFieldExpr
2025-10-24 16:09:54.567 DEBUG recordType 416 51a77589-a1ba-40e9-a476-a42b33e44bce Processing reference: RecordSourceFieldCfg.recordFieldSecurityMembershipFilter
2025-10-24 16:09:54.567 DEBUG recordType 416 51a77589-a1ba-40e9-a476-a42b33e44bce Processing reference: RecordSourceFieldCfg.customFieldExpr
2025-10-24 16:09:54.568 DEBUG recordType 416 51a77589-a1ba-40e9-a476-a42b33e44bce Processing reference: RecordSourceFieldMetaDataCfg.metaDataExpression
2025-10-24 16:09:54.568 DEBUG recordType 416 51a77589-a1ba-40e9-a476-a42b33e44bce Processing reference: RecordSourceFieldMetaDataCfg.metaDataExpression
2025-10-24 16:09:54.568 DEBUG recordType 416 51a77589-a1ba-40e9-a476-a42b33e44bce Processing reference: RecordSourceFieldMetaDataCfg.metaDataExpression
2025-10-24 16:09:54.568 DEBUG recordType 416 51a77589-a1ba-40e9-a476-a42b33e44bce Processing reference: RecordSourceFieldMetaDataCfg.metaDataExpression
2025-10-24 16:09:54.568 DEBUG recordType 416 51a77589-a1ba-40e9-a476-a42b33e44bce Processing reference: RecordSourceFieldCfg.recordFieldSecurityMembershipFilter
2025-10-24 16:09:54.568 DEBUG recordType 416 51a77589-a1ba-40e9-a476-a42b33e44bce Processing reference: RecordSourceFieldCfg.customFieldExpr
2025-10-24 16:09:54.568 DEBUG recordType 416 51a77589-a1ba-40e9-a476-a42b33e44bce Processing reference: RecordSourceFieldCfg.recordFieldSecurityMembershipFilter
2025-10-24 16:09:54.568 DEBUG recordType 416 51a77589-a1ba-40e9-a476-a42b33e44bce Processing reference: RecordSourceFieldCfg.customFieldExpr
2025-10-24 16:09:54.568 DEBUG recordType 416 51a77589-a1ba-40e9-a476-a42b33e44bce Processing reference: RecordSourceFieldCfg.recordFieldSecurityMembershipFilter
2025-10-24 16:09:54.568 DEBUG recordType 416 51a77589-a1ba-40e9-a476-a42b33e44bce Processing reference: RecordSourceFieldCfg.customFieldExpr
2025-10-24 16:09:54.568 DEBUG recordType 416 51a77589-a1ba-40e9-a476-a42b33e44bce Processing reference: RecordSourceFieldCfg.recordFieldSecurityMembershipFilter
2025-10-24 16:09:54.568 DEBUG recordType 416 51a77589-a1ba-40e9-a476-a42b33e44bce Processing reference: RecordSourceFieldCfg.customFieldExpr
2025-10-24 16:09:54.568 DEBUG recordType 416 51a77589-a1ba-40e9-a476-a42b33e44bce Processing reference: RecordSourceFieldCfg.recordFieldSecurityMembershipFilter
2025-10-24 16:09:54.568 DEBUG recordType 416 51a77589-a1ba-40e9-a476-a42b33e44bce Processing reference: RecordSourceCfg.sourceContextExpr
2025-10-24 16:09:54.568 DEBUG recordType 416 51a77589-a1ba-40e9-a476-a42b33e44bce Processing reference: RecordSourceCfg.sourceFilterExpr
2025-10-24 16:09:54.568 DEBUG recordType 416 51a77589-a1ba-40e9-a476-a42b33e44bce Processing reference: RecordTypeSearchCfg.placeholder
2025-10-24 16:09:54.568 DEBUG recordType 416 51a77589-a1ba-40e9-a476-a42b33e44bce Processing reference: RecordTypeSearchCfg.searchFieldQueryInfos
2025-10-24 16:09:54.568 DEBUG recordType 416 51a77589-a1ba-40e9-a476-a42b33e44bce Processing reference: RecordTypeDefinition.recordViewSrcExpr
2025-10-24 16:09:54.568 DEBUG recordType 416 51a77589-a1ba-40e9-a476-a42b33e44bce Processing reference: RecordTypeDefinition.source
2025-10-24 16:09:54.568 DEBUG recordType 416 51a77589-a1ba-40e9-a476-a42b33e44bce Processing reference: RecordTypeDefinition.titleExpr
2025-10-24 16:09:54.569 DEBUG recordType 416 51a77589-a1ba-40e9-a476-a42b33e44bce Processing reference: Role[name=record_type_administrator,groupIds=[330]]
2025-10-24 16:09:54.572 DEBUG recordType 416 51a77589-a1ba-40e9-a476-a42b33e44bce Processing reference: Role[name=record_type_viewer,groupIds=[331]]
2025-10-24 16:09:54.574 DEBUG recordType 416 51a77589-a1ba-40e9-a476-a42b33e44bce Exporting binary resources.
2025-10-24 16:09:54.574 DEBUG recordType 416 51a77589-a1ba-40e9-a476-a42b33e44bce Serializing object to XML.
2025-10-24 16:09:54.577 DEBUG recordType 416 51a77589-a1ba-40e9-a476-a42b33e44bce Object transported.
2025-10-24 16:09:54.577 DEBUG recordType 417 ec56ef8e-621e-47d6-9de0-e78d1e8d25d6 Begin transport.
2025-10-24 16:09:54.577 DEBUG recordType 417 ec56ef8e-621e-47d6-9de0-e78d1e8d25d6 Retrieving object data.
2025-10-24 16:09:54.655 DEBUG recordType 417 ec56ef8e-621e-47d6-9de0-e78d1e8d25d6 Setting uuids of object references.
2025-10-24 16:09:54.655 DEBUG recordType 417 ec56ef8e-621e-47d6-9de0-e78d1e8d25d6 Processing reference: RecordTypeDefinition.dataSrcExpr
2025-10-24 16:09:54.656 DEBUG recordType 417 ec56ef8e-621e-47d6-9de0-e78d1e8d25d6 Processing reference: RecordTypeDefinition.defaultFilters
2025-10-24 16:09:54.656 DEBUG recordType 417 ec56ef8e-621e-47d6-9de0-e78d1e8d25d6 Processing reference: RecordTypeDefinition.defaultFiltersExpr
2025-10-24 16:09:54.656 DEBUG recordType 417 ec56ef8e-621e-47d6-9de0-e78d1e8d25d6 Processing reference: RecordTypeDefinition.defaultSortInfoAsQueryInfos
2025-10-24 16:09:54.656 DEBUG recordType 417 ec56ef8e-621e-47d6-9de0-e78d1e8d25d6 Processing reference: DetailViewCfg.headerExpr
2025-10-24 16:09:54.656 DEBUG recordType 417 ec56ef8e-621e-47d6-9de0-e78d1e8d25d6 Processing reference: DetailViewCfg.nameExpr
2025-10-24 16:09:54.656 DEBUG recordType 417 ec56ef8e-621e-47d6-9de0-e78d1e8d25d6 Processing reference: DetailViewCfg.uiExpr
2025-10-24 16:09:54.656 DEBUG recordType 417 ec56ef8e-621e-47d6-9de0-e78d1e8d25d6 Processing reference: DetailViewCfg.visibilityExpr
2025-10-24 16:09:54.656 DEBUG recordType 417 ec56ef8e-621e-47d6-9de0-e78d1e8d25d6 Processing reference: RecordTypeDefinition.facetsListExpr
2025-10-24 16:09:54.656 DEBUG recordType 417 ec56ef8e-621e-47d6-9de0-e78d1e8d25d6 Processing reference: RecordTypeDefinition.listViewSrcExpr
2025-10-24 16:09:54.656 DEBUG recordType 417 ec56ef8e-621e-47d6-9de0-e78d1e8d25d6 Processing reference: RecordTypeDefinition.listViewTemplateExpr
2025-10-24 16:09:54.682 DEBUG recordType 417 ec56ef8e-621e-47d6-9de0-e78d1e8d25d6 Processing reference: com.appiancorp.record.entities.RecordSourceCfg@24287df9
2025-10-24 16:09:54.688 DEBUG recordType 417 ec56ef8e-621e-47d6-9de0-e78d1e8d25d6 Processing reference: RecordSourceFieldCfg.customFieldExpr
2025-10-24 16:09:54.688 DEBUG recordType 417 ec56ef8e-621e-47d6-9de0-e78d1e8d25d6 Processing reference: RecordSourceFieldCfg.recordFieldSecurityMembershipFilter
2025-10-24 16:09:54.689 DEBUG recordType 417 ec56ef8e-621e-47d6-9de0-e78d1e8d25d6 Processing reference: RecordSourceFieldCfg.customFieldExpr
2025-10-24 16:09:54.689 DEBUG recordType 417 ec56ef8e-621e-47d6-9de0-e78d1e8d25d6 Processing reference: RecordSourceFieldCfg.recordFieldSecurityMembershipFilter
2025-10-24 16:09:54.689 DEBUG recordType 417 ec56ef8e-621e-47d6-9de0-e78d1e8d25d6 Processing reference: RecordSourceFieldCfg.customFieldExpr
2025-10-24 16:09:54.689 DEBUG recordType 417 ec56ef8e-621e-47d6-9de0-e78d1e8d25d6 Processing reference: RecordSourceFieldCfg.recordFieldSecurityMembershipFilter
2025-10-24 16:09:54.689 DEBUG recordType 417 ec56ef8e-621e-47d6-9de0-e78d1e8d25d6 Processing reference: RecordSourceFieldCfg.customFieldExpr
2025-10-24 16:09:54.689 DEBUG recordType 417 ec56ef8e-621e-47d6-9de0-e78d1e8d25d6 Processing reference: RecordSourceFieldCfg.recordFieldSecurityMembershipFilter
2025-10-24 16:09:54.689 DEBUG recordType 417 ec56ef8e-621e-47d6-9de0-e78d1e8d25d6 Processing reference: RecordSourceFieldCfg.customFieldExpr
2025-10-24 16:09:54.689 DEBUG recordType 417 ec56ef8e-621e-47d6-9de0-e78d1e8d25d6 Processing reference: RecordSourceFieldCfg.recordFieldSecurityMembershipFilter
2025-10-24 16:09:54.689 DEBUG recordType 417 ec56ef8e-621e-47d6-9de0-e78d1e8d25d6 Processing reference: RecordSourceFieldCfg.customFieldExpr
2025-10-24 16:09:54.689 DEBUG recordType 417 ec56ef8e-621e-47d6-9de0-e78d1e8d25d6 Processing reference: RecordSourceFieldCfg.recordFieldSecurityMembershipFilter
2025-10-24 16:09:54.689 DEBUG recordType 417 ec56ef8e-621e-47d6-9de0-e78d1e8d25d6 Processing reference: RecordSourceCfg.sourceContextExpr
2025-10-24 16:09:54.689 DEBUG recordType 417 ec56ef8e-621e-47d6-9de0-e78d1e8d25d6 Processing reference: RecordSourceCfg.sourceFilterExpr
2025-10-24 16:09:54.689 DEBUG recordType 417 ec56ef8e-621e-47d6-9de0-e78d1e8d25d6 Processing reference: RecordRelationshipCfg.relationshipData
2025-10-24 16:09:54.69 DEBUG recordType 417 ec56ef8e-621e-47d6-9de0-e78d1e8d25d6 Processing reference: RecordRelationshipCfg.sourceRecordTypeFieldUuid
2025-10-24 16:09:54.69 DEBUG recordType 417 ec56ef8e-621e-47d6-9de0-e78d1e8d25d6 Processing reference: RecordRelationshipCfg.targetJoinFieldStoredForm
2025-10-24 16:09:54.69 DEBUG recordType 417 ec56ef8e-621e-47d6-9de0-e78d1e8d25d6 Processing reference: RecordRelationshipCfg.targetRecordTypeRef
2025-10-24 16:09:54.693 DEBUG recordType 418 d7234f80-979e-4793-85b9-abecbb8a85a8 Begin transport.
2025-10-24 16:09:54.693 DEBUG recordType 418 d7234f80-979e-4793-85b9-abecbb8a85a8 Retrieving object data.
2025-10-24 16:09:54.793 DEBUG recordType 418 d7234f80-979e-4793-85b9-abecbb8a85a8 Setting uuids of object references.
2025-10-24 16:09:54.793 DEBUG recordType 418 d7234f80-979e-4793-85b9-abecbb8a85a8 Processing reference: RecordTypeDefinition.dataSrcExpr
2025-10-24 16:09:54.793 DEBUG recordType 418 d7234f80-979e-4793-85b9-abecbb8a85a8 Processing reference: RecordTypeDefinition.defaultFilters
2025-10-24 16:09:54.793 DEBUG recordType 418 d7234f80-979e-4793-85b9-abecbb8a85a8 Processing reference: RecordTypeDefinition.defaultFiltersExpr
2025-10-24 16:09:54.793 DEBUG recordType 418 d7234f80-979e-4793-85b9-abecbb8a85a8 Processing reference: RecordTypeDefinition.defaultSortInfoAsQueryInfos
2025-10-24 16:09:54.793 DEBUG recordType 418 d7234f80-979e-4793-85b9-abecbb8a85a8 Processing reference: DetailViewCfg.headerExpr
2025-10-24 16:09:54.793 DEBUG recordType 418 d7234f80-979e-4793-85b9-abecbb8a85a8 Processing reference: DetailViewCfg.nameExpr
2025-10-24 16:09:54.794 DEBUG recordType 418 d7234f80-979e-4793-85b9-abecbb8a85a8 Processing reference: DetailViewCfg.uiExpr
2025-10-24 16:09:54.794 DEBUG recordType 418 d7234f80-979e-4793-85b9-abecbb8a85a8 Processing reference: DetailViewCfg.visibilityExpr
2025-10-24 16:09:54.794 DEBUG recordType 418 d7234f80-979e-4793-85b9-abecbb8a85a8 Processing reference: RecordTypeDefinition.facetsListExpr
2025-10-24 16:09:54.795 DEBUG recordType 418 d7234f80-979e-4793-85b9-abecbb8a85a8 Processing reference: FieldCfg.defaultOptionExpr
2025-10-24 16:09:54.795 DEBUG recordType 418 d7234f80-979e-4793-85b9-abecbb8a85a8 Processing reference: FieldCfg.facetLabelExpr
2025-10-24 16:09:54.796 DEBUG recordType 418 d7234f80-979e-4793-85b9-abecbb8a85a8 Processing reference: FieldCfg.relatedRecordFieldUuid
2025-10-24 16:09:54.8 DEBUG recordType 417 ec56ef8e-621e-47d6-9de0-e78d1e8d25d6 Begin transport.
2025-10-24 16:09:54.8 DEBUG recordType 417 ec56ef8e-621e-47d6-9de0-e78d1e8d25d6 Loop detected: [recordType:417, recordType:418]
2025-10-24 16:09:54.8 DEBUG recordType 417 Breaking loop [recordType:417, recordType:418]. recordType:418 will be transported with its reference to 417 nulled out and will require a second pass.
2025-10-24 16:09:54.8 DEBUG recordType 418 d7234f80-979e-4793-85b9-abecbb8a85a8 Processing reference: FieldCfg.sourceRef
2025-10-24 16:09:54.803 DEBUG recordType 417 ec56ef8e-621e-47d6-9de0-e78d1e8d25d6 Begin transport.
2025-10-24 16:09:54.803 DEBUG recordType 417 ec56ef8e-621e-47d6-9de0-e78d1e8d25d6 Loop detected: [recordType:417, recordType:418]
2025-10-24 16:09:54.803 DEBUG recordType 417 Breaking loop [recordType:417, recordType:418]. recordType:418 will be transported with its reference to 417 nulled out and will require a second pass.
2025-10-24 16:09:54.803 DEBUG recordType 418 d7234f80-979e-4793-85b9-abecbb8a85a8 Processing reference: FieldCfg.visibilityExpr
2025-10-24 16:09:54.805 DEBUG recordType 418 d7234f80-979e-4793-85b9-abecbb8a85a8 Processing reference: RecordTypeDefinition.listViewSrcExpr
2025-10-24 16:09:54.805 DEBUG recordType 418 d7234f80-979e-4793-85b9-abecbb8a85a8 Processing reference: RecordTypeDefinition.listViewTemplateExpr
2025-10-24 16:09:54.837 DEBUG recordType 417 ec56ef8e-621e-47d6-9de0-e78d1e8d25d6 Begin transport.
2025-10-24 16:09:54.837 DEBUG recordType 417 ec56ef8e-621e-47d6-9de0-e78d1e8d25d6 Loop detected: [recordType:417, recordType:418]
2025-10-24 16:09:54.837 DEBUG recordType 417 Breaking loop [recordType:417, recordType:418]. recordType:418 will be transported with its reference to 417 nulled out and will require a second pass.
2025-10-24 16:09:54.84 DEBUG recordType 417 ec56ef8e-621e-47d6-9de0-e78d1e8d25d6 Begin transport.
2025-10-24 16:09:54.84 DEBUG recordType 417 ec56ef8e-621e-47d6-9de0-e78d1e8d25d6 Loop detected: [recordType:417, recordType:418]
2025-10-24 16:09:54.84 DEBUG recordType 417 Breaking loop [recordType:417, recordType:418]. recordType:418 will be transported with its reference to 417 nulled out and will require a second pass.
2025-10-24 16:09:54.84 DEBUG recordType 418 d7234f80-979e-4793-85b9-abecbb8a85a8 Processing reference: com.appiancorp.record.entities.RecordSourceCfg@25f75c84
2025-10-24 16:09:54.848 DEBUG recordType 418 d7234f80-979e-4793-85b9-abecbb8a85a8 Processing reference: RecordSourceFieldCfg.customFieldExpr
2025-10-24 16:09:54.848 DEBUG recordType 418 d7234f80-979e-4793-85b9-abecbb8a85a8 Processing reference: RecordSourceFieldCfg.recordFieldSecurityMembershipFilter
2025-10-24 16:09:54.848 DEBUG recordType 418 d7234f80-979e-4793-85b9-abecbb8a85a8 Processing reference: RecordSourceFieldCfg.customFieldExpr
2025-10-24 16:09:54.848 DEBUG recordType 418 d7234f80-979e-4793-85b9-abecbb8a85a8 Processing reference: RecordSourceFieldCfg.recordFieldSecurityMembershipFilter
2025-10-24 16:09:54.848 DEBUG recordType 418 d7234f80-979e-4793-85b9-abecbb8a85a8 Processing reference: RecordSourceFieldCfg.customFieldExpr
2025-10-24 16:09:54.848 DEBUG recordType 418 d7234f80-979e-4793-85b9-abecbb8a85a8 Processing reference: RecordSourceFieldCfg.recordFieldSecurityMembershipFilter
2025-10-24 16:09:54.848 DEBUG recordType 418 d7234f80-979e-4793-85b9-abecbb8a85a8 Processing reference: RecordSourceFieldCfg.customFieldExpr
2025-10-24 16:09:54.848 DEBUG recordType 418 d7234f80-979e-4793-85b9-abecbb8a85a8 Processing reference: RecordSourceFieldCfg.recordFieldSecurityMembershipFilter
2025-10-24 16:09:54.848 DEBUG recordType 418 d7234f80-979e-4793-85b9-abecbb8a85a8 Processing reference: RecordSourceFieldCfg.customFieldExpr
2025-10-24 16:09:54.848 DEBUG recordType 418 d7234f80-979e-4793-85b9-abecbb8a85a8 Processing reference: RecordSourceFieldCfg.recordFieldSecurityMembershipFilter
2025-10-24 16:09:54.848 DEBUG recordType 418 d7234f80-979e-4793-85b9-abecbb8a85a8 Processing reference: RecordSourceFieldCfg.customFieldExpr
2025-10-24 16:09:54.848 DEBUG recordType 418 d7234f80-979e-4793-85b9-abecbb8a85a8 Processing reference: RecordSourceFieldCfg.recordFieldSecurityMembershipFilter
2025-10-24 16:09:54.848 DEBUG recordType 418 d7234f80-979e-4793-85b9-abecbb8a85a8 Processing reference: RecordSourceFieldCfg.customFieldExpr
2025-10-24 16:09:54.848 DEBUG recordType 418 d7234f80-979e-4793-85b9-abecbb8a85a8 Processing reference: RecordSourceFieldCfg.recordFieldSecurityMembershipFilter
2025-10-24 16:09:54.848 DEBUG recordType 418 d7234f80-979e-4793-85b9-abecbb8a85a8 Processing reference: RecordSourceCfg.sourceContextExpr
2025-10-24 16:09:54.848 DEBUG recordType 418 d7234f80-979e-4793-85b9-abecbb8a85a8 Processing reference: RecordSourceCfg.sourceFilterExpr
2025-10-24 16:09:54.848 DEBUG recordType 418 d7234f80-979e-4793-85b9-abecbb8a85a8 Processing reference: RecordRelationshipCfg.relationshipData
2025-10-24 16:09:54.848 DEBUG recordType 418 d7234f80-979e-4793-85b9-abecbb8a85a8 Processing reference: RecordRelationshipCfg.sourceRecordTypeFieldUuid
2025-10-24 16:09:54.848 DEBUG recordType 418 d7234f80-979e-4793-85b9-abecbb8a85a8 Processing reference: RecordRelationshipCfg.targetJoinFieldStoredForm
2025-10-24 16:09:54.848 DEBUG recordType 418 d7234f80-979e-4793-85b9-abecbb8a85a8 Processing reference: RecordRelationshipCfg.targetRecordTypeRef
2025-10-24 16:09:54.852 DEBUG recordType 417 ec56ef8e-621e-47d6-9de0-e78d1e8d25d6 Begin transport.
2025-10-24 16:09:54.852 DEBUG recordType 417 ec56ef8e-621e-47d6-9de0-e78d1e8d25d6 Loop detected: [recordType:417, recordType:418]
2025-10-24 16:09:54.852 DEBUG recordType 417 Breaking loop [recordType:417, recordType:418]. recordType:418 will be transported with its reference to 417 nulled out and will require a second pass.
2025-10-24 16:09:54.854 DEBUG recordType 418 d7234f80-979e-4793-85b9-abecbb8a85a8 Processing reference: RecordTypeSearchCfg.placeholder
2025-10-24 16:09:54.854 DEBUG recordType 418 d7234f80-979e-4793-85b9-abecbb8a85a8 Processing reference: RecordTypeSearchCfg.searchFieldQueryInfos
2025-10-24 16:09:54.854 DEBUG recordType 418 d7234f80-979e-4793-85b9-abecbb8a85a8 Processing reference: RecordTypeDefinition.recordViewSrcExpr
2025-10-24 16:09:54.854 DEBUG recordType 418 d7234f80-979e-4793-85b9-abecbb8a85a8 Processing reference: RecordTypeDefinition.source
2025-10-24 16:09:54.854 DEBUG recordType 418 d7234f80-979e-4793-85b9-abecbb8a85a8 Processing reference: RecordTypeDefinition.titleExpr
2025-10-24 16:09:54.855 DEBUG recordType 418 d7234f80-979e-4793-85b9-abecbb8a85a8 Processing reference: Role[name=record_type_administrator,groupIds=[330]]
2025-10-24 16:09:54.86 DEBUG recordType 418 d7234f80-979e-4793-85b9-abecbb8a85a8 Processing reference: Role[name=record_type_viewer,groupIds=[331]]
2025-10-24 16:09:54.862 DEBUG recordType 418 d7234f80-979e-4793-85b9-abecbb8a85a8 Object transported with these references nulled out: [recordType:417]
2025-10-24 16:09:54.864 DEBUG recordType 417 ec56ef8e-621e-47d6-9de0-e78d1e8d25d6 Processing reference: RecordTypeSearchCfg.placeholder
2025-10-24 16:09:54.864 DEBUG recordType 417 ec56ef8e-621e-47d6-9de0-e78d1e8d25d6 Processing reference: RecordTypeSearchCfg.searchFieldQueryInfos
2025-10-24 16:09:54.864 DEBUG recordType 417 ec56ef8e-621e-47d6-9de0-e78d1e8d25d6 Processing reference: RecordTypeDefinition.recordViewSrcExpr
2025-10-24 16:09:54.864 DEBUG recordType 417 ec56ef8e-621e-47d6-9de0-e78d1e8d25d6 Processing reference: RecordTypeDefinition.source
2025-10-24 16:09:54.864 DEBUG recordType 417 ec56ef8e-621e-47d6-9de0-e78d1e8d25d6 Processing reference: RecordTypeDefinition.titleExpr
2025-10-24 16:09:54.864 DEBUG recordType 417 ec56ef8e-621e-47d6-9de0-e78d1e8d25d6 Processing reference: Role[name=record_type_administrator,groupIds=[330]]
2025-10-24 16:09:54.867 DEBUG recordType 417 ec56ef8e-621e-47d6-9de0-e78d1e8d25d6 Processing reference: Role[name=record_type_viewer,groupIds=[331]]
2025-10-24 16:09:54.87 DEBUG recordType 417 ec56ef8e-621e-47d6-9de0-e78d1e8d25d6 Exporting binary resources.
2025-10-24 16:09:54.87 DEBUG recordType 417 ec56ef8e-621e-47d6-9de0-e78d1e8d25d6 Serializing object to XML.
2025-10-24 16:09:54.873 DEBUG recordType 417 ec56ef8e-621e-47d6-9de0-e78d1e8d25d6 Object transported.
2025-10-24 16:09:54.873 DEBUG recordType 417 ec56ef8e-621e-47d6-9de0-e78d1e8d25d6 Binding pending incomplete: recordType:418
2025-10-24 16:09:54.879 DEBUG recordType 418 d7234f80-979e-4793-85b9-abecbb8a85a8 Begin transport.
2025-10-24 16:09:54.879 DEBUG recordType 418 d7234f80-979e-4793-85b9-abecbb8a85a8 Retrieving object data.
2025-10-24 16:09:54.943 DEBUG recordType 418 d7234f80-979e-4793-85b9-abecbb8a85a8 Setting uuids of object references.
2025-10-24 16:09:54.943 DEBUG recordType 418 d7234f80-979e-4793-85b9-abecbb8a85a8 Processing reference: RecordTypeDefinition.dataSrcExpr
2025-10-24 16:09:54.943 DEBUG recordType 418 d7234f80-979e-4793-85b9-abecbb8a85a8 Processing reference: RecordTypeDefinition.defaultFilters
2025-10-24 16:09:54.943 DEBUG recordType 418 d7234f80-979e-4793-85b9-abecbb8a85a8 Processing reference: RecordTypeDefinition.defaultFiltersExpr
2025-10-24 16:09:54.943 DEBUG recordType 418 d7234f80-979e-4793-85b9-abecbb8a85a8 Processing reference: RecordTypeDefinition.defaultSortInfoAsQueryInfos
2025-10-24 16:09:54.943 DEBUG recordType 418 d7234f80-979e-4793-85b9-abecbb8a85a8 Processing reference: DetailViewCfg.headerExpr
2025-10-24 16:09:54.943 DEBUG recordType 418 d7234f80-979e-4793-85b9-abecbb8a85a8 Processing reference: DetailViewCfg.nameExpr
2025-10-24 16:09:54.943 DEBUG recordType 418 d7234f80-979e-4793-85b9-abecbb8a85a8 Processing reference: DetailViewCfg.uiExpr
2025-10-24 16:09:54.943 DEBUG recordType 418 d7234f80-979e-4793-85b9-abecbb8a85a8 Processing reference: DetailViewCfg.visibilityExpr
2025-10-24 16:09:54.943 DEBUG recordType 418 d7234f80-979e-4793-85b9-abecbb8a85a8 Processing reference: RecordTypeDefinition.facetsListExpr
2025-10-24 16:09:54.943 DEBUG recordType 418 d7234f80-979e-4793-85b9-abecbb8a85a8 Processing reference: FieldCfg.defaultOptionExpr
2025-10-24 16:09:54.943 DEBUG recordType 418 d7234f80-979e-4793-85b9-abecbb8a85a8 Processing reference: FieldCfg.facetLabelExpr
2025-10-24 16:09:54.943 DEBUG recordType 418 d7234f80-979e-4793-85b9-abecbb8a85a8 Processing reference: FieldCfg.relatedRecordFieldUuid
2025-10-24 16:09:54.948 DEBUG recordType 418 d7234f80-979e-4793-85b9-abecbb8a85a8 Processing reference: FieldCfg.sourceRef
2025-10-24 16:09:54.951 DEBUG recordType 418 d7234f80-979e-4793-85b9-abecbb8a85a8 Processing reference: FieldCfg.visibilityExpr
2025-10-24 16:09:54.951 DEBUG recordType 418 d7234f80-979e-4793-85b9-abecbb8a85a8 Processing reference: RecordTypeDefinition.listViewSrcExpr
2025-10-24 16:09:54.951 DEBUG recordType 418 d7234f80-979e-4793-85b9-abecbb8a85a8 Processing reference: RecordTypeDefinition.listViewTemplateExpr
2025-10-24 16:09:54.988 DEBUG recordType 418 d7234f80-979e-4793-85b9-abecbb8a85a8 Processing reference: com.appiancorp.record.entities.RecordSourceCfg@25f75c84
2025-10-24 16:09:55.0 DEBUG recordType 418 d7234f80-979e-4793-85b9-abecbb8a85a8 Processing reference: RecordSourceFieldCfg.customFieldExpr
2025-10-24 16:09:55.0 DEBUG recordType 418 d7234f80-979e-4793-85b9-abecbb8a85a8 Processing reference: RecordSourceFieldCfg.recordFieldSecurityMembershipFilter
2025-10-24 16:09:55.0 DEBUG recordType 418 d7234f80-979e-4793-85b9-abecbb8a85a8 Processing reference: RecordSourceFieldCfg.customFieldExpr
2025-10-24 16:09:55.0 DEBUG recordType 418 d7234f80-979e-4793-85b9-abecbb8a85a8 Processing reference: RecordSourceFieldCfg.recordFieldSecurityMembershipFilter
2025-10-24 16:09:55.0 DEBUG recordType 418 d7234f80-979e-4793-85b9-abecbb8a85a8 Processing reference: RecordSourceFieldCfg.customFieldExpr
2025-10-24 16:09:55.0 DEBUG recordType 418 d7234f80-979e-4793-85b9-abecbb8a85a8 Processing reference: RecordSourceFieldCfg.recordFieldSecurityMembershipFilter
2025-10-24 16:09:55.0 DEBUG recordType 418 d7234f80-979e-4793-85b9-abecbb8a85a8 Processing reference: RecordSourceFieldCfg.customFieldExpr
2025-10-24 16:09:55.0 DEBUG recordType 418 d7234f80-979e-4793-85b9-abecbb8a85a8 Processing reference: RecordSourceFieldCfg.recordFieldSecurityMembershipFilter
2025-10-24 16:09:55.0 DEBUG recordType 418 d7234f80-979e-4793-85b9-abecbb8a85a8 Processing reference: RecordSourceFieldCfg.customFieldExpr
2025-10-24 16:09:55.0 DEBUG recordType 418 d7234f80-979e-4793-85b9-abecbb8a85a8 Processing reference: RecordSourceFieldCfg.recordFieldSecurityMembershipFilter
2025-10-24 16:09:55.0 DEBUG recordType 418 d7234f80-979e-4793-85b9-abecbb8a85a8 Processing reference: RecordSourceFieldCfg.customFieldExpr
2025-10-24 16:09:55.0 DEBUG recordType 418 d7234f80-979e-4793-85b9-abecbb8a85a8 Processing reference: RecordSourceFieldCfg.recordFieldSecurityMembershipFilter
2025-10-24 16:09:55.0 DEBUG recordType 418 d7234f80-979e-4793-85b9-abecbb8a85a8 Processing reference: RecordSourceFieldCfg.customFieldExpr
2025-10-24 16:09:55.0 DEBUG recordType 418 d7234f80-979e-4793-85b9-abecbb8a85a8 Processing reference: RecordSourceFieldCfg.recordFieldSecurityMembershipFilter
2025-10-24 16:09:55.0 DEBUG recordType 418 d7234f80-979e-4793-85b9-abecbb8a85a8 Processing reference: RecordSourceCfg.sourceContextExpr
2025-10-24 16:09:55.0 DEBUG recordType 418 d7234f80-979e-4793-85b9-abecbb8a85a8 Processing reference: RecordSourceCfg.sourceFilterExpr
2025-10-24 16:09:55.001 DEBUG recordType 418 d7234f80-979e-4793-85b9-abecbb8a85a8 Processing reference: RecordRelationshipCfg.relationshipData
2025-10-24 16:09:55.001 DEBUG recordType 418 d7234f80-979e-4793-85b9-abecbb8a85a8 Processing reference: RecordRelationshipCfg.sourceRecordTypeFieldUuid
2025-10-24 16:09:55.001 DEBUG recordType 418 d7234f80-979e-4793-85b9-abecbb8a85a8 Processing reference: RecordRelationshipCfg.targetJoinFieldStoredForm
2025-10-24 16:09:55.001 DEBUG recordType 418 d7234f80-979e-4793-85b9-abecbb8a85a8 Processing reference: RecordRelationshipCfg.targetRecordTypeRef
2025-10-24 16:09:55.005 DEBUG recordType 418 d7234f80-979e-4793-85b9-abecbb8a85a8 Processing reference: RecordTypeSearchCfg.placeholder
2025-10-24 16:09:55.005 DEBUG recordType 418 d7234f80-979e-4793-85b9-abecbb8a85a8 Processing reference: RecordTypeSearchCfg.searchFieldQueryInfos
2025-10-24 16:09:55.005 DEBUG recordType 418 d7234f80-979e-4793-85b9-abecbb8a85a8 Processing reference: RecordTypeDefinition.recordViewSrcExpr
2025-10-24 16:09:55.005 DEBUG recordType 418 d7234f80-979e-4793-85b9-abecbb8a85a8 Processing reference: RecordTypeDefinition.source
2025-10-24 16:09:55.005 DEBUG recordType 418 d7234f80-979e-4793-85b9-abecbb8a85a8 Processing reference: RecordTypeDefinition.titleExpr
2025-10-24 16:09:55.006 DEBUG recordType 418 d7234f80-979e-4793-85b9-abecbb8a85a8 Processing reference: Role[name=record_type_administrator,groupIds=[330]]
2025-10-24 16:09:55.009 DEBUG recordType 418 d7234f80-979e-4793-85b9-abecbb8a85a8 Processing reference: Role[name=record_type_viewer,groupIds=[331]]
2025-10-24 16:09:55.011 DEBUG recordType 418 d7234f80-979e-4793-85b9-abecbb8a85a8 Exporting binary resources.
2025-10-24 16:09:55.011 DEBUG recordType 418 d7234f80-979e-4793-85b9-abecbb8a85a8 Serializing object to XML.
2025-10-24 16:09:55.014 DEBUG recordType 418 d7234f80-979e-4793-85b9-abecbb8a85a8 Removed object from incomplete list.
2025-10-24 16:09:55.014 DEBUG recordType 418 d7234f80-979e-4793-85b9-abecbb8a85a8 Object transported.
2025-10-24 16:09:55.014 DEBUG recordType 419 a241907b-a8d3-4e73-9560-f16259b1fac5 Begin transport.
2025-10-24 16:09:55.014 DEBUG recordType 419 a241907b-a8d3-4e73-9560-f16259b1fac5 Retrieving object data.
2025-10-24 16:09:55.121 DEBUG recordType 419 a241907b-a8d3-4e73-9560-f16259b1fac5 Setting uuids of object references.
2025-10-24 16:09:55.121 DEBUG recordType 419 a241907b-a8d3-4e73-9560-f16259b1fac5 Processing reference: RecordTypeDefinition.dataSrcExpr
2025-10-24 16:09:55.121 DEBUG recordType 419 a241907b-a8d3-4e73-9560-f16259b1fac5 Processing reference: RecordTypeDefinition.defaultFilters
2025-10-24 16:09:55.121 DEBUG recordType 419 a241907b-a8d3-4e73-9560-f16259b1fac5 Processing reference: RecordTypeDefinition.defaultFiltersExpr
2025-10-24 16:09:55.121 DEBUG recordType 419 a241907b-a8d3-4e73-9560-f16259b1fac5 Processing reference: RecordTypeDefinition.defaultSortInfoAsQueryInfos
2025-10-24 16:09:55.121 DEBUG recordType 419 a241907b-a8d3-4e73-9560-f16259b1fac5 Processing reference: DetailViewCfg.headerExpr
2025-10-24 16:09:55.121 DEBUG recordType 419 a241907b-a8d3-4e73-9560-f16259b1fac5 Processing reference: DetailViewCfg.nameExpr
2025-10-24 16:09:55.122 DEBUG recordType 419 a241907b-a8d3-4e73-9560-f16259b1fac5 Processing reference: DetailViewCfg.uiExpr
2025-10-24 16:09:55.122 DEBUG recordType 419 a241907b-a8d3-4e73-9560-f16259b1fac5 Processing reference: DetailViewCfg.visibilityExpr
2025-10-24 16:09:55.122 DEBUG recordType 419 a241907b-a8d3-4e73-9560-f16259b1fac5 Processing reference: RecordTypeDefinition.facetsListExpr
2025-10-24 16:09:55.122 DEBUG recordType 419 a241907b-a8d3-4e73-9560-f16259b1fac5 Processing reference: FieldCfg.defaultOptionExpr
2025-10-24 16:09:55.122 DEBUG recordType 419 a241907b-a8d3-4e73-9560-f16259b1fac5 Processing reference: FieldCfg.facetLabelExpr
2025-10-24 16:09:55.123 DEBUG recordType 419 a241907b-a8d3-4e73-9560-f16259b1fac5 Processing reference: FieldCfg.relatedRecordFieldUuid
2025-10-24 16:09:55.133 DEBUG recordType 419 a241907b-a8d3-4e73-9560-f16259b1fac5 Processing reference: FieldCfg.sourceRef
2025-10-24 16:09:55.137 DEBUG recordType 419 a241907b-a8d3-4e73-9560-f16259b1fac5 Processing reference: FieldCfg.visibilityExpr
2025-10-24 16:09:55.138 DEBUG recordType 419 a241907b-a8d3-4e73-9560-f16259b1fac5 Processing reference: FieldCfg.defaultOptionExpr
2025-10-24 16:09:55.138 DEBUG recordType 419 a241907b-a8d3-4e73-9560-f16259b1fac5 Processing reference: FieldCfg.facetLabelExpr
2025-10-24 16:09:55.138 DEBUG recordType 419 a241907b-a8d3-4e73-9560-f16259b1fac5 Processing reference: FieldCfg.relatedRecordFieldUuid
2025-10-24 16:09:55.141 DEBUG recordType 419 a241907b-a8d3-4e73-9560-f16259b1fac5 Processing reference: FieldCfg.sourceRef
2025-10-24 16:09:55.144 DEBUG recordType 419 a241907b-a8d3-4e73-9560-f16259b1fac5 Processing reference: FieldCfg.visibilityExpr
2025-10-24 16:09:55.144 DEBUG recordType 419 a241907b-a8d3-4e73-9560-f16259b1fac5 Processing reference: RecordTypeDefinition.listViewSrcExpr
2025-10-24 16:09:55.144 DEBUG recordType 419 a241907b-a8d3-4e73-9560-f16259b1fac5 Processing reference: RecordTypeDefinition.listViewTemplateExpr
2025-10-24 16:09:55.218 DEBUG recordType 419 a241907b-a8d3-4e73-9560-f16259b1fac5 Processing reference: com.appiancorp.record.entities.RecordSourceCfg@ffcf2301
2025-10-24 16:09:55.224 DEBUG recordType 419 a241907b-a8d3-4e73-9560-f16259b1fac5 Processing reference: RecordSourceFieldCfg.customFieldExpr
2025-10-24 16:09:55.224 DEBUG recordType 419 a241907b-a8d3-4e73-9560-f16259b1fac5 Processing reference: RecordSourceFieldCfg.recordFieldSecurityMembershipFilter
2025-10-24 16:09:55.224 DEBUG recordType 419 a241907b-a8d3-4e73-9560-f16259b1fac5 Processing reference: RecordSourceFieldCfg.customFieldExpr
2025-10-24 16:09:55.224 DEBUG recordType 419 a241907b-a8d3-4e73-9560-f16259b1fac5 Processing reference: RecordSourceFieldCfg.recordFieldSecurityMembershipFilter
2025-10-24 16:09:55.224 DEBUG recordType 419 a241907b-a8d3-4e73-9560-f16259b1fac5 Processing reference: RecordSourceFieldCfg.customFieldExpr
2025-10-24 16:09:55.224 DEBUG recordType 419 a241907b-a8d3-4e73-9560-f16259b1fac5 Processing reference: RecordSourceFieldCfg.recordFieldSecurityMembershipFilter
2025-10-24 16:09:55.224 DEBUG recordType 419 a241907b-a8d3-4e73-9560-f16259b1fac5 Processing reference: RecordSourceFieldCfg.customFieldExpr
2025-10-24 16:09:55.224 DEBUG recordType 419 a241907b-a8d3-4e73-9560-f16259b1fac5 Processing reference: RecordSourceFieldCfg.recordFieldSecurityMembershipFilter
2025-10-24 16:09:55.224 DEBUG recordType 419 a241907b-a8d3-4e73-9560-f16259b1fac5 Processing reference: RecordSourceFieldCfg.customFieldExpr
2025-10-24 16:09:55.224 DEBUG recordType 419 a241907b-a8d3-4e73-9560-f16259b1fac5 Processing reference: RecordSourceFieldCfg.recordFieldSecurityMembershipFilter
2025-10-24 16:09:55.224 DEBUG recordType 419 a241907b-a8d3-4e73-9560-f16259b1fac5 Processing reference: RecordSourceFieldCfg.customFieldExpr
2025-10-24 16:09:55.224 DEBUG recordType 419 a241907b-a8d3-4e73-9560-f16259b1fac5 Processing reference: RecordSourceFieldCfg.recordFieldSecurityMembershipFilter
2025-10-24 16:09:55.224 DEBUG recordType 419 a241907b-a8d3-4e73-9560-f16259b1fac5 Processing reference: RecordSourceFieldCfg.customFieldExpr
2025-10-24 16:09:55.224 DEBUG recordType 419 a241907b-a8d3-4e73-9560-f16259b1fac5 Processing reference: RecordSourceFieldCfg.recordFieldSecurityMembershipFilter
2025-10-24 16:09:55.224 DEBUG recordType 419 a241907b-a8d3-4e73-9560-f16259b1fac5 Processing reference: RecordSourceFieldCfg.customFieldExpr
2025-10-24 16:09:55.224 DEBUG recordType 419 a241907b-a8d3-4e73-9560-f16259b1fac5 Processing reference: RecordSourceFieldCfg.recordFieldSecurityMembershipFilter
2025-10-24 16:09:55.224 DEBUG recordType 419 a241907b-a8d3-4e73-9560-f16259b1fac5 Processing reference: RecordSourceFieldCfg.customFieldExpr
2025-10-24 16:09:55.224 DEBUG recordType 419 a241907b-a8d3-4e73-9560-f16259b1fac5 Processing reference: RecordSourceFieldCfg.recordFieldSecurityMembershipFilter
2025-10-24 16:09:55.224 DEBUG recordType 419 a241907b-a8d3-4e73-9560-f16259b1fac5 Processing reference: RecordSourceCfg.sourceContextExpr
2025-10-24 16:09:55.224 DEBUG recordType 419 a241907b-a8d3-4e73-9560-f16259b1fac5 Processing reference: RecordSourceCfg.sourceFilterExpr
2025-10-24 16:09:55.224 DEBUG recordType 419 a241907b-a8d3-4e73-9560-f16259b1fac5 Processing reference: RecordRelationshipCfg.relationshipData
2025-10-24 16:09:55.224 DEBUG recordType 419 a241907b-a8d3-4e73-9560-f16259b1fac5 Processing reference: RecordRelationshipCfg.sourceRecordTypeFieldUuid
2025-10-24 16:09:55.224 DEBUG recordType 419 a241907b-a8d3-4e73-9560-f16259b1fac5 Processing reference: RecordRelationshipCfg.targetJoinFieldStoredForm
2025-10-24 16:09:55.224 DEBUG recordType 419 a241907b-a8d3-4e73-9560-f16259b1fac5 Processing reference: RecordRelationshipCfg.targetRecordTypeRef
2025-10-24 16:09:55.228 DEBUG recordType 419 a241907b-a8d3-4e73-9560-f16259b1fac5 Processing reference: RecordRelationshipCfg.relationshipData
2025-10-24 16:09:55.228 DEBUG recordType 419 a241907b-a8d3-4e73-9560-f16259b1fac5 Processing reference: RecordRelationshipCfg.sourceRecordTypeFieldUuid
2025-10-24 16:09:55.228 DEBUG recordType 419 a241907b-a8d3-4e73-9560-f16259b1fac5 Processing reference: RecordRelationshipCfg.targetJoinFieldStoredForm
2025-10-24 16:09:55.228 DEBUG recordType 419 a241907b-a8d3-4e73-9560-f16259b1fac5 Processing reference: RecordRelationshipCfg.targetRecordTypeRef
2025-10-24 16:09:55.23 DEBUG recordType 419 a241907b-a8d3-4e73-9560-f16259b1fac5 Processing reference: RecordTypeSearchCfg.placeholder
2025-10-24 16:09:55.23 DEBUG recordType 419 a241907b-a8d3-4e73-9560-f16259b1fac5 Processing reference: RecordTypeSearchCfg.searchFieldQueryInfos
2025-10-24 16:09:55.23 DEBUG recordType 419 a241907b-a8d3-4e73-9560-f16259b1fac5 Processing reference: RecordTypeDefinition.recordViewSrcExpr
2025-10-24 16:09:55.23 DEBUG recordType 419 a241907b-a8d3-4e73-9560-f16259b1fac5 Processing reference: RecordTypeDefinition.source
2025-10-24 16:09:55.23 DEBUG recordType 419 a241907b-a8d3-4e73-9560-f16259b1fac5 Processing reference: RecordTypeDefinition.titleExpr
2025-10-24 16:09:55.231 DEBUG recordType 419 a241907b-a8d3-4e73-9560-f16259b1fac5 Processing reference: Role[name=record_type_administrator,groupIds=[330]]
2025-10-24 16:09:55.233 DEBUG recordType 419 a241907b-a8d3-4e73-9560-f16259b1fac5 Processing reference: Role[name=record_type_viewer,groupIds=[331]]
2025-10-24 16:09:55.234 DEBUG recordType 419 a241907b-a8d3-4e73-9560-f16259b1fac5 Exporting binary resources.
2025-10-24 16:09:55.234 DEBUG recordType 419 a241907b-a8d3-4e73-9560-f16259b1fac5 Serializing object to XML.
2025-10-24 16:09:55.237 DEBUG recordType 419 a241907b-a8d3-4e73-9560-f16259b1fac5 Object transported.
2025-10-24 16:09:55.379 DEBUG application 207321 9c354868-5dcd-4514-866d-19c6b14ecba7 Exporting binary resources.
2025-10-24 16:09:55.379 DEBUG application 207321 9c354868-5dcd-4514-866d-19c6b14ecba7 Serializing object to XML.
2025-10-24 16:09:55.379 DEBUG application 207321 9c354868-5dcd-4514-866d-19c6b14ecba7 Object transported.
