Éxito (11):
group 330 33e562ab-777e-47f8-a585-33f8e145ebfe "CB Administradores"
group 331 eaa9c8a8-8f07-44ae-a2c0-596aa04c4d48 "CB Usuarios"
content 207317 05026428-f647-445b-bdbb-47ab8fd56011 "CB Reglas y constantes"
content 207318 82024408-941c-495a-bf0f-f2c1de61ed9b "CB Centro de conocimientos"
content 207319 f690b02c-6b42-4c79-863b-8c662a2ee2b4 "CB Documentación de aplicación"
content 207320 e309d5eb-db9e-4dc5-91e2-2a3af5b941de "CB Artefactos"
content 208464 _a-0000ee92-fba5-8000-9c16-011c48011c48_4441473 "CB_const_test"
content 210936 _a-0000ee92-fba5-8000-9c16-011c48011c48_4490793 "CB_cons3"
processModelFolder 71 b108a5a7-0992-4c86-83d1-3d9725c3e0fb "CB Modelos de procesos"
application 207321 9c354868-5dcd-4514-866d-19c6b14ecba7 "CICD-Flow B"
recordType 412 3f2b7f04-cfd2-4cab-9374-7022869c366a "CB aa"

Trace:
2025-10-17 19:41:05.795 DEBUG application 207321 9c354868-5dcd-4514-866d-19c6b14ecba7 Begin transport.
2025-10-17 19:41:05.795 DEBUG application 207321 9c354868-5dcd-4514-866d-19c6b14ecba7 Retrieving object data.
2025-10-17 19:41:05.8 DEBUG application 207321 9c354868-5dcd-4514-866d-19c6b14ecba7 App associated objects: [group=[33e562ab-777e-47f8-a585-33f8e145ebfe, eaa9c8a8-8f07-44ae-a2c0-596aa04c4d48],content=[05026428-f647-445b-bdbb-47ab8fd56011, f690b02c-6b42-4c79-863b-8c662a2ee2b4, e309d5eb-db9e-4dc5-91e2-2a3af5b941de, 82024408-941c-495a-bf0f-f2c1de61ed9b, _a-0000ee92-fba5-8000-9c16-011c48011c48_4423423, _a-0000ee92-fba5-8000-9c16-011c48011c48_4436971, _a-0000ee92-fba5-8000-9c16-011c48011c48_4437432, _a-0000ee92-fba5-8000-9c16-011c48011c48_4439712, _a-0000ee92-fba5-8000-9c16-011c48011c48_4441052, _a-0000ee92-fba5-8000-9c16-011c48011c48_4441473, _a-0000ee92-fba5-8000-9c16-011c48011c48_4461165, _a-0000ee92-fba5-8000-9c16-011c48011c48_4461320, _a-0000ee92-fba5-8000-9c16-011c48011c48_4462250, _a-0000ee92-fba5-8000-9c16-011c48011c48_4489196, _a-0000ee92-fba5-8000-9c16-011c48011c48_4490475, _a-0000ee92-fba5-8000-9c16-011c48011c48_4490787, _a-0000ee92-fba5-8000-9c16-011c48011c48_4490793],processModelFolder=[b108a5a7-0992-4c86-83d1-3d9725c3e0fb],recordType=[3f2b7f04-cfd2-4cab-9374-7022869c366a],connectedSystem=[_a-0000ee92-fba5-8000-9c16-011c48011c48_4423429, _a-0000ee92-fba5-8000-9c16-011c48011c48_4438147, _a-0000ee92-fba5-8000-9c16-011c48011c48_4438154, _a-0000ee92-fba5-8000-9c16-011c48011c48_4439799, _a-0000ee92-fba5-8000-9c16-011c48011c48_4441479, _a-0000ee92-fba5-8000-9c16-011c48011c48_4462292]]
2025-10-17 19:41:05.813 DEBUG application 207321 9c354868-5dcd-4514-866d-19c6b14ecba7 Invalid associated objects: [content=[_a-0000ee92-fba5-8000-9c16-011c48011c48_4423423, _a-0000ee92-fba5-8000-9c16-011c48011c48_4436971, _a-0000ee92-fba5-8000-9c16-011c48011c48_4437432, _a-0000ee92-fba5-8000-9c16-011c48011c48_4439712, _a-0000ee92-fba5-8000-9c16-011c48011c48_4441052, _a-0000ee92-fba5-8000-9c16-011c48011c48_4461165, _a-0000ee92-fba5-8000-9c16-011c48011c48_4461320, _a-0000ee92-fba5-8000-9c16-011c48011c48_4462250, _a-0000ee92-fba5-8000-9c16-011c48011c48_4489196, _a-0000ee92-fba5-8000-9c16-011c48011c48_4490475, _a-0000ee92-fba5-8000-9c16-011c48011c48_4490787],connectedSystem=[_a-0000ee92-fba5-8000-9c16-011c48011c48_4423429, _a-0000ee92-fba5-8000-9c16-011c48011c48_4438147, _a-0000ee92-fba5-8000-9c16-011c48011c48_4438154, _a-0000ee92-fba5-8000-9c16-011c48011c48_4439799, _a-0000ee92-fba5-8000-9c16-011c48011c48_4441479, _a-0000ee92-fba5-8000-9c16-011c48011c48_4462292]]
2025-10-17 19:41:05.813 DEBUG application 207321 9c354868-5dcd-4514-866d-19c6b14ecba7 Adding valid associated objects to be exported: GlobalBindingMap[group={33e562ab-777e-47f8-a585-33f8e145ebfe=330, eaa9c8a8-8f07-44ae-a2c0-596aa04c4d48=331},content={05026428-f647-445b-bdbb-47ab8fd56011=207317, f690b02c-6b42-4c79-863b-8c662a2ee2b4=207319, e309d5eb-db9e-4dc5-91e2-2a3af5b941de=207320, 82024408-941c-495a-bf0f-f2c1de61ed9b=207318, _a-0000ee92-fba5-8000-9c16-011c48011c48_4441473=208464, _a-0000ee92-fba5-8000-9c16-011c48011c48_4490793=210936},processModelFolder={b108a5a7-0992-4c86-83d1-3d9725c3e0fb=71},recordType={3f2b7f04-cfd2-4cab-9374-7022869c366a=412}]
2025-10-17 19:41:05.813 DEBUG application 207321 9c354868-5dcd-4514-866d-19c6b14ecba7 Setting uuids of object references.
2025-10-17 19:41:05.813 DEBUG application 207321 9c354868-5dcd-4514-866d-19c6b14ecba7 Processing reference: Application.forum
2025-10-17 19:41:05.813 DEBUG application 207321 9c354868-5dcd-4514-866d-19c6b14ecba7 Processing reference: Application.parent
2025-10-17 19:41:05.815 DEBUG application 207321 9c354868-5dcd-4514-866d-19c6b14ecba7 Processing reference: com.appiancorp.suiteapi.content.ContentRoleMap@7667bb55[
  ContentRole[name=readers,groupIds=[331],inherit=false,allowForAll=false]
  ContentRole[name=authors,inherit=false,allowForAll=false]
  ContentRole[name=administrators,groupIds=[330],inherit=false,allowForAll=false]
  ContentRole[name=denyReaders,inherit=false,allowForAll=false]
  ContentRole[name=denyAuthors,inherit=false,allowForAll=false]
  ContentRole[name=denyAdministrators,inherit=false,allowForAll=false]
  securityVector=1:SEC_PUBLIC=true,SEC_CREATOR_ADMIN=false,SEC_INH_ADMIN=false,SEC_INH_EDITOR=false,SEC_INH_VIEWER=false,SEC_ALL_ADMIN=false,SEC_ALL_EDITOR=false,SEC_ALL_VIEWER=false
]
2025-10-17 19:41:05.815 DEBUG application 207321 9c354868-5dcd-4514-866d-19c6b14ecba7 Processing reference: ContentRole[name=readers,groupIds=[331],inherit=false,allowForAll=false]
2025-10-17 19:41:05.816 DEBUG group 331 eaa9c8a8-8f07-44ae-a2c0-596aa04c4d48 Begin transport.
2025-10-17 19:41:05.816 DEBUG group 331 eaa9c8a8-8f07-44ae-a2c0-596aa04c4d48 Retrieving object data.
2025-10-17 19:41:05.822 DEBUG group 331 eaa9c8a8-8f07-44ae-a2c0-596aa04c4d48 Setting uuids of object references.
2025-10-17 19:41:05.822 DEBUG group 331 eaa9c8a8-8f07-44ae-a2c0-596aa04c4d48 Processing reference: Role[name=<null>,groupIds=[330]]
2025-10-17 19:41:05.823 DEBUG group 330 33e562ab-777e-47f8-a585-33f8e145ebfe Begin transport.
2025-10-17 19:41:05.823 DEBUG group 330 33e562ab-777e-47f8-a585-33f8e145ebfe Retrieving object data.
2025-10-17 19:41:05.828 DEBUG group 330 33e562ab-777e-47f8-a585-33f8e145ebfe Setting uuids of object references.
2025-10-17 19:41:05.828 DEBUG group 330 33e562ab-777e-47f8-a585-33f8e145ebfe Processing reference: Role[name=<null>,groupIds=[330]]
2025-10-17 19:41:05.83 DEBUG group 330 33e562ab-777e-47f8-a585-33f8e145ebfe Begin transport.
2025-10-17 19:41:05.83 DEBUG group 330 33e562ab-777e-47f8-a585-33f8e145ebfe Loop detected: [group:330]
2025-10-17 19:41:05.83 DEBUG group 330 Breaking loop [group:330]. group:330 will be transported with its reference to 330 nulled out and will require a second pass.
2025-10-17 19:41:05.83 DEBUG group 330 33e562ab-777e-47f8-a585-33f8e145ebfe Processing reference: Attribute[name=ADGroup,type=STRING,value=foobar]
2025-10-17 19:41:05.83 DEBUG group 330 33e562ab-777e-47f8-a585-33f8e145ebfe Processing reference: Attribute[name=ADGroup-QA,type=STRING,value=foobar]
2025-10-17 19:41:05.83 DEBUG group 330 33e562ab-777e-47f8-a585-33f8e145ebfe Processing reference: Attribute[name=ADGroup-DEV,type=STRING,value=foobar]
2025-10-17 19:41:05.83 DEBUG group 330 33e562ab-777e-47f8-a585-33f8e145ebfe Processing reference: Group.groupTypeId
2025-10-17 19:41:05.831 DEBUG group 330 33e562ab-777e-47f8-a585-33f8e145ebfe Processing reference: Group.parentId
2025-10-17 19:41:05.831 DEBUG group 330 33e562ab-777e-47f8-a585-33f8e145ebfe Processing reference: Group.homePageId
2025-10-17 19:41:05.831 DEBUG group 330 33e562ab-777e-47f8-a585-33f8e145ebfe Processing reference: Role[name=<null>]
2025-10-17 19:41:05.831 DEBUG group 330 33e562ab-777e-47f8-a585-33f8e145ebfe Object transported with these references nulled out: [group:330]
2025-10-17 19:41:05.831 DEBUG group 330 33e562ab-777e-47f8-a585-33f8e145ebfe Binding pending incomplete: group:330
2025-10-17 19:41:05.833 DEBUG group 330 33e562ab-777e-47f8-a585-33f8e145ebfe Begin transport.
2025-10-17 19:41:05.833 DEBUG group 330 33e562ab-777e-47f8-a585-33f8e145ebfe Retrieving object data.
2025-10-17 19:41:05.841 DEBUG group 330 33e562ab-777e-47f8-a585-33f8e145ebfe Setting uuids of object references.
2025-10-17 19:41:05.841 DEBUG group 330 33e562ab-777e-47f8-a585-33f8e145ebfe Processing reference: Role[name=<null>,groupIds=[330]]
2025-10-17 19:41:05.842 DEBUG group 330 33e562ab-777e-47f8-a585-33f8e145ebfe Processing reference: Attribute[name=ADGroup,type=STRING,value=foobar]
2025-10-17 19:41:05.842 DEBUG group 330 33e562ab-777e-47f8-a585-33f8e145ebfe Processing reference: Attribute[name=ADGroup-QA,type=STRING,value=foobar]
2025-10-17 19:41:05.842 DEBUG group 330 33e562ab-777e-47f8-a585-33f8e145ebfe Processing reference: Attribute[name=ADGroup-DEV,type=STRING,value=foobar]
2025-10-17 19:41:05.842 DEBUG group 330 33e562ab-777e-47f8-a585-33f8e145ebfe Processing reference: Group.groupTypeId
2025-10-17 19:41:05.843 DEBUG group 330 33e562ab-777e-47f8-a585-33f8e145ebfe Processing reference: Group.parentId
2025-10-17 19:41:05.843 DEBUG group 330 33e562ab-777e-47f8-a585-33f8e145ebfe Processing reference: Group.homePageId
2025-10-17 19:41:05.843 DEBUG group 330 33e562ab-777e-47f8-a585-33f8e145ebfe Processing reference: Role[name=<null>]
2025-10-17 19:41:05.843 DEBUG group 330 33e562ab-777e-47f8-a585-33f8e145ebfe Exporting binary resources.
2025-10-17 19:41:05.843 DEBUG group 330 33e562ab-777e-47f8-a585-33f8e145ebfe Serializing object to XML.
2025-10-17 19:41:05.843 DEBUG group 330 33e562ab-777e-47f8-a585-33f8e145ebfe Removed object from incomplete list.
2025-10-17 19:41:05.843 DEBUG group 330 33e562ab-777e-47f8-a585-33f8e145ebfe Object transported.
2025-10-17 19:41:05.843 DEBUG group 330 33e562ab-777e-47f8-a585-33f8e145ebfe Binding pending incomplete: group:330
2025-10-17 19:41:05.844 DEBUG group 331 eaa9c8a8-8f07-44ae-a2c0-596aa04c4d48 Processing reference: Attribute[name=ADGroup,type=STRING,value=foobar]
2025-10-17 19:41:05.844 DEBUG group 331 eaa9c8a8-8f07-44ae-a2c0-596aa04c4d48 Processing reference: Attribute[name=ADGroup-QA,type=STRING,value=foobar]
2025-10-17 19:41:05.844 DEBUG group 331 eaa9c8a8-8f07-44ae-a2c0-596aa04c4d48 Processing reference: Attribute[name=ADGroup-DEV,type=STRING,value=foobar]
2025-10-17 19:41:05.844 DEBUG group 331 eaa9c8a8-8f07-44ae-a2c0-596aa04c4d48 Processing reference: Group.groupTypeId
2025-10-17 19:41:05.845 DEBUG group 331 eaa9c8a8-8f07-44ae-a2c0-596aa04c4d48 Processing reference: Group.parentId
2025-10-17 19:41:05.845 DEBUG group 331 eaa9c8a8-8f07-44ae-a2c0-596aa04c4d48 Processing reference: Group.homePageId
2025-10-17 19:41:05.845 DEBUG group 331 eaa9c8a8-8f07-44ae-a2c0-596aa04c4d48 Processing reference: Role[name=<null>,groupIds=[330]]
2025-10-17 19:41:05.846 DEBUG group 331 eaa9c8a8-8f07-44ae-a2c0-596aa04c4d48 Exporting binary resources.
2025-10-17 19:41:05.846 DEBUG group 331 eaa9c8a8-8f07-44ae-a2c0-596aa04c4d48 Serializing object to XML.
2025-10-17 19:41:05.846 DEBUG group 331 eaa9c8a8-8f07-44ae-a2c0-596aa04c4d48 Object transported.
2025-10-17 19:41:05.846 DEBUG application 207321 9c354868-5dcd-4514-866d-19c6b14ecba7 Processing reference: ContentRole[name=authors,inherit=false,allowForAll=false]
2025-10-17 19:41:05.846 DEBUG application 207321 9c354868-5dcd-4514-866d-19c6b14ecba7 Processing reference: ContentRole[name=administrators,groupIds=[330],inherit=false,allowForAll=false]
2025-10-17 19:41:05.847 DEBUG application 207321 9c354868-5dcd-4514-866d-19c6b14ecba7 Processing reference: ContentRole[name=denyReaders,inherit=false,allowForAll=false]
2025-10-17 19:41:05.847 DEBUG application 207321 9c354868-5dcd-4514-866d-19c6b14ecba7 Processing reference: ContentRole[name=denyAuthors,inherit=false,allowForAll=false]
2025-10-17 19:41:05.847 DEBUG application 207321 9c354868-5dcd-4514-866d-19c6b14ecba7 Processing reference: ContentRole[name=denyAdministrators,inherit=false,allowForAll=false]
2025-10-17 19:41:05.867 DEBUG content 207317 05026428-f647-445b-bdbb-47ab8fd56011 Begin transport.
2025-10-17 19:41:05.867 DEBUG content 207317 05026428-f647-445b-bdbb-47ab8fd56011 Retrieving object data.
2025-10-17 19:41:05.874 DEBUG content 207317 05026428-f647-445b-bdbb-47ab8fd56011 Setting uuids of object references.
2025-10-17 19:41:05.874 DEBUG content 207317 05026428-f647-445b-bdbb-47ab8fd56011 Processing reference: RulesFolder.forum
2025-10-17 19:41:05.874 DEBUG content 207317 05026428-f647-445b-bdbb-47ab8fd56011 Processing reference: RulesFolder.parent
2025-10-17 19:41:05.876 DEBUG content 207317 05026428-f647-445b-bdbb-47ab8fd56011 Processing reference: com.appiancorp.suiteapi.content.ContentRoleMap@39f47cde[
  ContentRole[name=readers,groupIds=[331],inherit=false,allowForAll=false]
  ContentRole[name=authors,inherit=false,allowForAll=false]
  ContentRole[name=administrators,groupIds=[330],inherit=false,allowForAll=false]
  ContentRole[name=denyReaders,inherit=false,allowForAll=false]
  ContentRole[name=denyAuthors,inherit=false,allowForAll=false]
  ContentRole[name=denyAdministrators,inherit=false,allowForAll=false]
  securityVector=1:SEC_PUBLIC=true,SEC_CREATOR_ADMIN=false,SEC_INH_ADMIN=false,SEC_INH_EDITOR=false,SEC_INH_VIEWER=false,SEC_ALL_ADMIN=false,SEC_ALL_EDITOR=false,SEC_ALL_VIEWER=false
]
2025-10-17 19:41:05.876 DEBUG content 207317 05026428-f647-445b-bdbb-47ab8fd56011 Processing reference: ContentRole[name=readers,groupIds=[331],inherit=false,allowForAll=false]
2025-10-17 19:41:05.877 DEBUG content 207317 05026428-f647-445b-bdbb-47ab8fd56011 Processing reference: ContentRole[name=authors,inherit=false,allowForAll=false]
2025-10-17 19:41:05.877 DEBUG content 207317 05026428-f647-445b-bdbb-47ab8fd56011 Processing reference: ContentRole[name=administrators,groupIds=[330],inherit=false,allowForAll=false]
2025-10-17 19:41:05.878 DEBUG content 207317 05026428-f647-445b-bdbb-47ab8fd56011 Processing reference: ContentRole[name=denyReaders,inherit=false,allowForAll=false]
2025-10-17 19:41:05.878 DEBUG content 207317 05026428-f647-445b-bdbb-47ab8fd56011 Processing reference: ContentRole[name=denyAuthors,inherit=false,allowForAll=false]
2025-10-17 19:41:05.878 DEBUG content 207317 05026428-f647-445b-bdbb-47ab8fd56011 Processing reference: ContentRole[name=denyAdministrators,inherit=false,allowForAll=false]
2025-10-17 19:41:05.878 DEBUG content 207317 05026428-f647-445b-bdbb-47ab8fd56011 Exporting binary resources.
2025-10-17 19:41:05.878 DEBUG content 207317 05026428-f647-445b-bdbb-47ab8fd56011 Serializing object to XML.
2025-10-17 19:41:05.878 DEBUG content 207317 05026428-f647-445b-bdbb-47ab8fd56011 Object transported.
2025-10-17 19:41:05.878 DEBUG content 207319 f690b02c-6b42-4c79-863b-8c662a2ee2b4 Begin transport.
2025-10-17 19:41:05.878 DEBUG content 207319 f690b02c-6b42-4c79-863b-8c662a2ee2b4 Retrieving object data.
2025-10-17 19:41:05.884 DEBUG content 207319 f690b02c-6b42-4c79-863b-8c662a2ee2b4 Setting uuids of object references.
2025-10-17 19:41:05.884 DEBUG content 207319 f690b02c-6b42-4c79-863b-8c662a2ee2b4 Processing reference: KnowledgeFolder.forum
2025-10-17 19:41:05.884 DEBUG content 207319 f690b02c-6b42-4c79-863b-8c662a2ee2b4 Processing reference: KnowledgeFolder.parent
2025-10-17 19:41:05.885 DEBUG content 207318 82024408-941c-495a-bf0f-f2c1de61ed9b Begin transport.
2025-10-17 19:41:05.885 DEBUG content 207318 82024408-941c-495a-bf0f-f2c1de61ed9b Retrieving object data.
2025-10-17 19:41:05.89 DEBUG content 207318 82024408-941c-495a-bf0f-f2c1de61ed9b Setting uuids of object references.
2025-10-17 19:41:05.89 DEBUG content 207318 82024408-941c-495a-bf0f-f2c1de61ed9b Processing reference: CommunityKnowledgeCenter.forum
2025-10-17 19:41:05.89 DEBUG content 207318 82024408-941c-495a-bf0f-f2c1de61ed9b Processing reference: CommunityKnowledgeCenter.parent
2025-10-17 19:41:05.891 DEBUG content 207318 82024408-941c-495a-bf0f-f2c1de61ed9b Processing reference: com.appiancorp.suiteapi.content.ContentRoleMap@1c40b9fc[
  ContentRole[name=readers,groupIds=[331],inherit=false,allowForAll=false]
  ContentRole[name=authors,inherit=false,allowForAll=false]
  ContentRole[name=administrators,groupIds=[330],inherit=false,allowForAll=false]
  ContentRole[name=denyReaders,inherit=false,allowForAll=false]
  ContentRole[name=denyAuthors,inherit=false,allowForAll=false]
  ContentRole[name=denyAdministrators,inherit=false,allowForAll=false]
  securityVector=1:SEC_PUBLIC=true,SEC_CREATOR_ADMIN=false,SEC_INH_ADMIN=false,SEC_INH_EDITOR=false,SEC_INH_VIEWER=false,SEC_ALL_ADMIN=false,SEC_ALL_EDITOR=false,SEC_ALL_VIEWER=false
]
2025-10-17 19:41:05.891 DEBUG content 207318 82024408-941c-495a-bf0f-f2c1de61ed9b Processing reference: ContentRole[name=readers,groupIds=[331],inherit=false,allowForAll=false]
2025-10-17 19:41:05.892 DEBUG content 207318 82024408-941c-495a-bf0f-f2c1de61ed9b Processing reference: ContentRole[name=authors,inherit=false,allowForAll=false]
2025-10-17 19:41:05.892 DEBUG content 207318 82024408-941c-495a-bf0f-f2c1de61ed9b Processing reference: ContentRole[name=administrators,groupIds=[330],inherit=false,allowForAll=false]
2025-10-17 19:41:05.893 DEBUG content 207318 82024408-941c-495a-bf0f-f2c1de61ed9b Processing reference: ContentRole[name=denyReaders,inherit=false,allowForAll=false]
2025-10-17 19:41:05.893 DEBUG content 207318 82024408-941c-495a-bf0f-f2c1de61ed9b Processing reference: ContentRole[name=denyAuthors,inherit=false,allowForAll=false]
2025-10-17 19:41:05.893 DEBUG content 207318 82024408-941c-495a-bf0f-f2c1de61ed9b Processing reference: ContentRole[name=denyAdministrators,inherit=false,allowForAll=false]
2025-10-17 19:41:05.893 DEBUG content 207318 82024408-941c-495a-bf0f-f2c1de61ed9b Exporting binary resources.
2025-10-17 19:41:05.893 DEBUG content 207318 82024408-941c-495a-bf0f-f2c1de61ed9b Serializing object to XML.
2025-10-17 19:41:05.893 DEBUG content 207318 82024408-941c-495a-bf0f-f2c1de61ed9b Object transported.
2025-10-17 19:41:05.893 DEBUG content 207319 f690b02c-6b42-4c79-863b-8c662a2ee2b4 Processing reference: com.appiancorp.suiteapi.content.ContentRoleMap@7ad821bf[
  ContentRole[name=readers,inherit=true,allowForAll=false]
  ContentRole[name=authors,inherit=true,allowForAll=false]
  ContentRole[name=administrators,inherit=true,allowForAll=false]
  ContentRole[name=denyReaders,inherit=false,allowForAll=false]
  ContentRole[name=denyAuthors,inherit=false,allowForAll=false]
  ContentRole[name=denyAdministrators,inherit=false,allowForAll=false]
  securityVector=15:SEC_PUBLIC=true,SEC_CREATOR_ADMIN=false,SEC_INH_ADMIN=true,SEC_INH_EDITOR=true,SEC_INH_VIEWER=true,SEC_ALL_ADMIN=false,SEC_ALL_EDITOR=false,SEC_ALL_VIEWER=false
]
2025-10-17 19:41:05.893 DEBUG content 207319 f690b02c-6b42-4c79-863b-8c662a2ee2b4 Processing reference: ContentRole[name=readers,inherit=true,allowForAll=false]
2025-10-17 19:41:05.893 DEBUG content 207319 f690b02c-6b42-4c79-863b-8c662a2ee2b4 Processing reference: ContentRole[name=authors,inherit=true,allowForAll=false]
2025-10-17 19:41:05.893 DEBUG content 207319 f690b02c-6b42-4c79-863b-8c662a2ee2b4 Processing reference: ContentRole[name=administrators,inherit=true,allowForAll=false]
2025-10-17 19:41:05.893 DEBUG content 207319 f690b02c-6b42-4c79-863b-8c662a2ee2b4 Processing reference: ContentRole[name=denyReaders,inherit=false,allowForAll=false]
2025-10-17 19:41:05.893 DEBUG content 207319 f690b02c-6b42-4c79-863b-8c662a2ee2b4 Processing reference: ContentRole[name=denyAuthors,inherit=false,allowForAll=false]
2025-10-17 19:41:05.893 DEBUG content 207319 f690b02c-6b42-4c79-863b-8c662a2ee2b4 Processing reference: ContentRole[name=denyAdministrators,inherit=false,allowForAll=false]
2025-10-17 19:41:05.893 DEBUG content 207319 f690b02c-6b42-4c79-863b-8c662a2ee2b4 Exporting binary resources.
2025-10-17 19:41:05.893 DEBUG content 207319 f690b02c-6b42-4c79-863b-8c662a2ee2b4 Serializing object to XML.
2025-10-17 19:41:05.894 DEBUG content 207319 f690b02c-6b42-4c79-863b-8c662a2ee2b4 Object transported.
2025-10-17 19:41:05.894 DEBUG content 207320 e309d5eb-db9e-4dc5-91e2-2a3af5b941de Begin transport.
2025-10-17 19:41:05.894 DEBUG content 207320 e309d5eb-db9e-4dc5-91e2-2a3af5b941de Retrieving object data.
2025-10-17 19:41:05.899 DEBUG content 207320 e309d5eb-db9e-4dc5-91e2-2a3af5b941de Setting uuids of object references.
2025-10-17 19:41:05.899 DEBUG content 207320 e309d5eb-db9e-4dc5-91e2-2a3af5b941de Processing reference: KnowledgeFolder.forum
2025-10-17 19:41:05.899 DEBUG content 207320 e309d5eb-db9e-4dc5-91e2-2a3af5b941de Processing reference: KnowledgeFolder.parent
2025-10-17 19:41:05.902 DEBUG content 207320 e309d5eb-db9e-4dc5-91e2-2a3af5b941de Processing reference: com.appiancorp.suiteapi.content.ContentRoleMap@139adbc2[
  ContentRole[name=readers,inherit=true,allowForAll=false]
  ContentRole[name=authors,inherit=true,allowForAll=false]
  ContentRole[name=administrators,inherit=true,allowForAll=false]
  ContentRole[name=denyReaders,inherit=false,allowForAll=false]
  ContentRole[name=denyAuthors,inherit=false,allowForAll=false]
  ContentRole[name=denyAdministrators,inherit=false,allowForAll=false]
  securityVector=15:SEC_PUBLIC=true,SEC_CREATOR_ADMIN=false,SEC_INH_ADMIN=true,SEC_INH_EDITOR=true,SEC_INH_VIEWER=true,SEC_ALL_ADMIN=false,SEC_ALL_EDITOR=false,SEC_ALL_VIEWER=false
]
2025-10-17 19:41:05.902 DEBUG content 207320 e309d5eb-db9e-4dc5-91e2-2a3af5b941de Processing reference: ContentRole[name=readers,inherit=true,allowForAll=false]
2025-10-17 19:41:05.902 DEBUG content 207320 e309d5eb-db9e-4dc5-91e2-2a3af5b941de Processing reference: ContentRole[name=authors,inherit=true,allowForAll=false]
2025-10-17 19:41:05.902 DEBUG content 207320 e309d5eb-db9e-4dc5-91e2-2a3af5b941de Processing reference: ContentRole[name=administrators,inherit=true,allowForAll=false]
2025-10-17 19:41:05.902 DEBUG content 207320 e309d5eb-db9e-4dc5-91e2-2a3af5b941de Processing reference: ContentRole[name=denyReaders,inherit=false,allowForAll=false]
2025-10-17 19:41:05.902 DEBUG content 207320 e309d5eb-db9e-4dc5-91e2-2a3af5b941de Processing reference: ContentRole[name=denyAuthors,inherit=false,allowForAll=false]
2025-10-17 19:41:05.902 DEBUG content 207320 e309d5eb-db9e-4dc5-91e2-2a3af5b941de Processing reference: ContentRole[name=denyAdministrators,inherit=false,allowForAll=false]
2025-10-17 19:41:05.902 DEBUG content 207320 e309d5eb-db9e-4dc5-91e2-2a3af5b941de Exporting binary resources.
2025-10-17 19:41:05.902 DEBUG content 207320 e309d5eb-db9e-4dc5-91e2-2a3af5b941de Serializing object to XML.
2025-10-17 19:41:05.902 DEBUG content 207320 e309d5eb-db9e-4dc5-91e2-2a3af5b941de Object transported.
2025-10-17 19:41:05.902 DEBUG content 208464 _a-0000ee92-fba5-8000-9c16-011c48011c48_4441473 Begin transport.
2025-10-17 19:41:05.902 DEBUG content 208464 _a-0000ee92-fba5-8000-9c16-011c48011c48_4441473 Retrieving object data.
2025-10-17 19:41:05.909 DEBUG content 208464 _a-0000ee92-fba5-8000-9c16-011c48011c48_4441473 Setting uuids of object references.
2025-10-17 19:41:05.91 DEBUG content 208464 _a-0000ee92-fba5-8000-9c16-011c48011c48_4441473 Processing reference: [Content:id=208464,versionId=-1,name=CB_const_test,type=32,subtype=0,uuid=_a-0000ee92-fba5-8000-9c16-011c48011c48_4441473,parent=207317]
2025-10-17 19:41:05.91 DEBUG content 208464 _a-0000ee92-fba5-8000-9c16-011c48011c48_4441473 Processing reference: Constant.forum
2025-10-17 19:41:05.91 DEBUG content 208464 _a-0000ee92-fba5-8000-9c16-011c48011c48_4441473 Processing reference: Constant.parent
2025-10-17 19:41:05.913 DEBUG content 208464 _a-0000ee92-fba5-8000-9c16-011c48011c48_4441473 Processing reference: com.appiancorp.suiteapi.content.ContentRoleMap@7fde5ffd[
  ContentRole[name=readers,inherit=true,allowForAll=false]
  ContentRole[name=authors,inherit=true,allowForAll=false]
  ContentRole[name=administrators,inherit=true,allowForAll=false]
  ContentRole[name=denyReaders,inherit=false,allowForAll=false]
  ContentRole[name=denyAuthors,inherit=false,allowForAll=false]
  ContentRole[name=denyAdministrators,inherit=false,allowForAll=false]
  securityVector=15:SEC_PUBLIC=true,SEC_CREATOR_ADMIN=false,SEC_INH_ADMIN=true,SEC_INH_EDITOR=true,SEC_INH_VIEWER=true,SEC_ALL_ADMIN=false,SEC_ALL_EDITOR=false,SEC_ALL_VIEWER=false
]
2025-10-17 19:41:05.913 DEBUG content 208464 _a-0000ee92-fba5-8000-9c16-011c48011c48_4441473 Processing reference: ContentRole[name=readers,inherit=true,allowForAll=false]
2025-10-17 19:41:05.913 DEBUG content 208464 _a-0000ee92-fba5-8000-9c16-011c48011c48_4441473 Processing reference: ContentRole[name=authors,inherit=true,allowForAll=false]
2025-10-17 19:41:05.913 DEBUG content 208464 _a-0000ee92-fba5-8000-9c16-011c48011c48_4441473 Processing reference: ContentRole[name=administrators,inherit=true,allowForAll=false]
2025-10-17 19:41:05.913 DEBUG content 208464 _a-0000ee92-fba5-8000-9c16-011c48011c48_4441473 Processing reference: ContentRole[name=denyReaders,inherit=false,allowForAll=false]
2025-10-17 19:41:05.913 DEBUG content 208464 _a-0000ee92-fba5-8000-9c16-011c48011c48_4441473 Processing reference: ContentRole[name=denyAuthors,inherit=false,allowForAll=false]
2025-10-17 19:41:05.913 DEBUG content 208464 _a-0000ee92-fba5-8000-9c16-011c48011c48_4441473 Processing reference: ContentRole[name=denyAdministrators,inherit=false,allowForAll=false]
2025-10-17 19:41:05.913 DEBUG content 208464 _a-0000ee92-fba5-8000-9c16-011c48011c48_4441473 Registering export properties.
2025-10-17 19:41:05.913 DEBUG content 208464 _a-0000ee92-fba5-8000-9c16-011c48011c48_4441473 Exporting binary resources.
2025-10-17 19:41:05.913 DEBUG content 208464 _a-0000ee92-fba5-8000-9c16-011c48011c48_4441473 Serializing object to XML.
2025-10-17 19:41:05.92 DEBUG content 208464 _a-0000ee92-fba5-8000-9c16-011c48011c48_4441473 Object transported.
2025-10-17 19:41:05.92 DEBUG content 210936 _a-0000ee92-fba5-8000-9c16-011c48011c48_4490793 Begin transport.
2025-10-17 19:41:05.92 DEBUG content 210936 _a-0000ee92-fba5-8000-9c16-011c48011c48_4490793 Retrieving object data.
2025-10-17 19:41:05.929 DEBUG content 210936 _a-0000ee92-fba5-8000-9c16-011c48011c48_4490793 Setting uuids of object references.
2025-10-17 19:41:05.929 DEBUG content 210936 _a-0000ee92-fba5-8000-9c16-011c48011c48_4490793 Processing reference: [Content:id=210936,versionId=-1,name=CB_cons3,type=32,subtype=0,uuid=_a-0000ee92-fba5-8000-9c16-011c48011c48_4490793,parent=207317]
2025-10-17 19:41:05.929 DEBUG content 210936 _a-0000ee92-fba5-8000-9c16-011c48011c48_4490793 Processing reference: Constant.forum
2025-10-17 19:41:05.929 DEBUG content 210936 _a-0000ee92-fba5-8000-9c16-011c48011c48_4490793 Processing reference: Constant.parent
2025-10-17 19:41:05.931 DEBUG content 210936 _a-0000ee92-fba5-8000-9c16-011c48011c48_4490793 Processing reference: com.appiancorp.suiteapi.content.ContentRoleMap@3cf1d29f[
  ContentRole[name=readers,inherit=true,allowForAll=false]
  ContentRole[name=authors,inherit=true,allowForAll=false]
  ContentRole[name=administrators,inherit=true,allowForAll=false]
  ContentRole[name=denyReaders,inherit=false,allowForAll=false]
  ContentRole[name=denyAuthors,inherit=false,allowForAll=false]
  ContentRole[name=denyAdministrators,inherit=false,allowForAll=false]
  securityVector=15:SEC_PUBLIC=true,SEC_CREATOR_ADMIN=false,SEC_INH_ADMIN=true,SEC_INH_EDITOR=true,SEC_INH_VIEWER=true,SEC_ALL_ADMIN=false,SEC_ALL_EDITOR=false,SEC_ALL_VIEWER=false
]
2025-10-17 19:41:05.931 DEBUG content 210936 _a-0000ee92-fba5-8000-9c16-011c48011c48_4490793 Processing reference: ContentRole[name=readers,inherit=true,allowForAll=false]
2025-10-17 19:41:05.931 DEBUG content 210936 _a-0000ee92-fba5-8000-9c16-011c48011c48_4490793 Processing reference: ContentRole[name=authors,inherit=true,allowForAll=false]
2025-10-17 19:41:05.931 DEBUG content 210936 _a-0000ee92-fba5-8000-9c16-011c48011c48_4490793 Processing reference: ContentRole[name=administrators,inherit=true,allowForAll=false]
2025-10-17 19:41:05.931 DEBUG content 210936 _a-0000ee92-fba5-8000-9c16-011c48011c48_4490793 Processing reference: ContentRole[name=denyReaders,inherit=false,allowForAll=false]
2025-10-17 19:41:05.931 DEBUG content 210936 _a-0000ee92-fba5-8000-9c16-011c48011c48_4490793 Processing reference: ContentRole[name=denyAuthors,inherit=false,allowForAll=false]
2025-10-17 19:41:05.931 DEBUG content 210936 _a-0000ee92-fba5-8000-9c16-011c48011c48_4490793 Processing reference: ContentRole[name=denyAdministrators,inherit=false,allowForAll=false]
2025-10-17 19:41:05.931 DEBUG content 210936 _a-0000ee92-fba5-8000-9c16-011c48011c48_4490793 Registering export properties.
2025-10-17 19:41:05.931 DEBUG content 210936 _a-0000ee92-fba5-8000-9c16-011c48011c48_4490793 Exporting binary resources.
2025-10-17 19:41:05.931 DEBUG content 210936 _a-0000ee92-fba5-8000-9c16-011c48011c48_4490793 Serializing object to XML.
2025-10-17 19:41:05.933 DEBUG content 210936 _a-0000ee92-fba5-8000-9c16-011c48011c48_4490793 Object transported.
2025-10-17 19:41:05.944 DEBUG processModelFolder 71 b108a5a7-0992-4c86-83d1-3d9725c3e0fb Begin transport.
2025-10-17 19:41:05.944 DEBUG processModelFolder 71 b108a5a7-0992-4c86-83d1-3d9725c3e0fb Retrieving object data.
2025-10-17 19:41:05.947 DEBUG processModelFolder 71 b108a5a7-0992-4c86-83d1-3d9725c3e0fb Setting uuids of object references.
2025-10-17 19:41:05.947 DEBUG processModelFolder 71 b108a5a7-0992-4c86-83d1-3d9725c3e0fb Processing reference: ProcessModelFolder.parentFolderId
2025-10-17 19:41:05.948 DEBUG processModelFolder 71 b108a5a7-0992-4c86-83d1-3d9725c3e0fb Processing reference: com.appiancorp.suiteapi.process.ProcessRoleMap@78b8f785[
  Role[name=ADMIN_OWNER,groupIds=[330]]
  Role[name=EDITOR]
  Role[name=EXPLICIT_NONMEMBER]
  Role[name=VIEWER,groupIds=[331]]
  Role[name=MANAGER]
  Role[name=INITIATOR]
]
2025-10-17 19:41:05.948 DEBUG processModelFolder 71 b108a5a7-0992-4c86-83d1-3d9725c3e0fb Processing reference: Role[name=ADMIN_OWNER,groupIds=[330]]
2025-10-17 19:41:05.949 DEBUG processModelFolder 71 b108a5a7-0992-4c86-83d1-3d9725c3e0fb Processing reference: Role[name=EDITOR]
2025-10-17 19:41:05.949 DEBUG processModelFolder 71 b108a5a7-0992-4c86-83d1-3d9725c3e0fb Processing reference: Role[name=EXPLICIT_NONMEMBER]
2025-10-17 19:41:05.949 DEBUG processModelFolder 71 b108a5a7-0992-4c86-83d1-3d9725c3e0fb Processing reference: Role[name=VIEWER,groupIds=[331]]
2025-10-17 19:41:05.95 DEBUG processModelFolder 71 b108a5a7-0992-4c86-83d1-3d9725c3e0fb Processing reference: Role[name=MANAGER]
2025-10-17 19:41:05.95 DEBUG processModelFolder 71 b108a5a7-0992-4c86-83d1-3d9725c3e0fb Processing reference: Role[name=INITIATOR]
2025-10-17 19:41:05.95 DEBUG processModelFolder 71 b108a5a7-0992-4c86-83d1-3d9725c3e0fb Exporting binary resources.
2025-10-17 19:41:05.95 DEBUG processModelFolder 71 b108a5a7-0992-4c86-83d1-3d9725c3e0fb Serializing object to XML.
2025-10-17 19:41:05.95 DEBUG processModelFolder 71 b108a5a7-0992-4c86-83d1-3d9725c3e0fb Object transported.
2025-10-17 19:41:05.987 DEBUG recordType 412 3f2b7f04-cfd2-4cab-9374-7022869c366a Begin transport.
2025-10-17 19:41:05.987 DEBUG recordType 412 3f2b7f04-cfd2-4cab-9374-7022869c366a Retrieving object data.
2025-10-17 19:41:06.058 DEBUG recordType 412 3f2b7f04-cfd2-4cab-9374-7022869c366a Setting uuids of object references.
2025-10-17 19:41:06.058 DEBUG recordType 412 3f2b7f04-cfd2-4cab-9374-7022869c366a Processing reference: RecordTypeDefinition.dataSrcExpr
2025-10-17 19:41:06.059 DEBUG recordType 412 3f2b7f04-cfd2-4cab-9374-7022869c366a Processing reference: RecordTypeDefinition.defaultFilters
2025-10-17 19:41:06.059 DEBUG recordType 412 3f2b7f04-cfd2-4cab-9374-7022869c366a Processing reference: RecordTypeDefinition.defaultFiltersExpr
2025-10-17 19:41:06.059 DEBUG recordType 412 3f2b7f04-cfd2-4cab-9374-7022869c366a Processing reference: RecordTypeDefinition.defaultSortInfoAsQueryInfos
2025-10-17 19:41:06.059 DEBUG recordType 412 3f2b7f04-cfd2-4cab-9374-7022869c366a Processing reference: DetailViewCfg.headerExpr
2025-10-17 19:41:06.059 DEBUG recordType 412 3f2b7f04-cfd2-4cab-9374-7022869c366a Processing reference: DetailViewCfg.nameExpr
2025-10-17 19:41:06.059 DEBUG recordType 412 3f2b7f04-cfd2-4cab-9374-7022869c366a Processing reference: DetailViewCfg.uiExpr
2025-10-17 19:41:06.059 DEBUG recordType 412 3f2b7f04-cfd2-4cab-9374-7022869c366a Processing reference: DetailViewCfg.visibilityExpr
2025-10-17 19:41:06.059 DEBUG recordType 412 3f2b7f04-cfd2-4cab-9374-7022869c366a Processing reference: RecordTypeDefinition.facetsListExpr
2025-10-17 19:41:06.06 DEBUG recordType 412 3f2b7f04-cfd2-4cab-9374-7022869c366a Processing reference: RecordTypeDefinition.listViewSrcExpr
2025-10-17 19:41:06.06 DEBUG recordType 412 3f2b7f04-cfd2-4cab-9374-7022869c366a Processing reference: RecordTypeDefinition.listViewTemplateExpr
2025-10-17 19:41:06.08 DEBUG recordType 412 3f2b7f04-cfd2-4cab-9374-7022869c366a Processing reference: com.appiancorp.record.entities.RecordSourceCfg@5a9de3ee
2025-10-17 19:41:06.086 DEBUG recordType 412 3f2b7f04-cfd2-4cab-9374-7022869c366a Processing reference: RecordSourceFieldCfg.customFieldExpr
2025-10-17 19:41:06.086 DEBUG recordType 412 3f2b7f04-cfd2-4cab-9374-7022869c366a Processing reference: RecordSourceFieldCfg.recordFieldSecurityMembershipFilter
2025-10-17 19:41:06.087 DEBUG recordType 412 3f2b7f04-cfd2-4cab-9374-7022869c366a Processing reference: RecordSourceFieldCfg.customFieldExpr
2025-10-17 19:41:06.087 DEBUG recordType 412 3f2b7f04-cfd2-4cab-9374-7022869c366a Processing reference: RecordSourceFieldCfg.recordFieldSecurityMembershipFilter
2025-10-17 19:41:06.087 DEBUG recordType 412 3f2b7f04-cfd2-4cab-9374-7022869c366a Processing reference: RecordSourceFieldCfg.customFieldExpr
2025-10-17 19:41:06.087 DEBUG recordType 412 3f2b7f04-cfd2-4cab-9374-7022869c366a Processing reference: RecordSourceFieldCfg.recordFieldSecurityMembershipFilter
2025-10-17 19:41:06.087 DEBUG recordType 412 3f2b7f04-cfd2-4cab-9374-7022869c366a Processing reference: RecordSourceFieldCfg.customFieldExpr
2025-10-17 19:41:06.087 DEBUG recordType 412 3f2b7f04-cfd2-4cab-9374-7022869c366a Processing reference: RecordSourceFieldCfg.recordFieldSecurityMembershipFilter
2025-10-17 19:41:06.087 DEBUG recordType 412 3f2b7f04-cfd2-4cab-9374-7022869c366a Processing reference: RecordSourceFieldCfg.customFieldExpr
2025-10-17 19:41:06.087 DEBUG recordType 412 3f2b7f04-cfd2-4cab-9374-7022869c366a Processing reference: RecordSourceFieldCfg.recordFieldSecurityMembershipFilter
2025-10-17 19:41:06.087 DEBUG recordType 412 3f2b7f04-cfd2-4cab-9374-7022869c366a Processing reference: RecordSourceCfg.sourceContextExpr
2025-10-17 19:41:06.087 DEBUG recordType 412 3f2b7f04-cfd2-4cab-9374-7022869c366a Processing reference: RecordSourceCfg.sourceFilterExpr
2025-10-17 19:41:06.087 DEBUG recordType 412 3f2b7f04-cfd2-4cab-9374-7022869c366a Processing reference: RecordTypeSearchCfg.placeholder
2025-10-17 19:41:06.087 DEBUG recordType 412 3f2b7f04-cfd2-4cab-9374-7022869c366a Processing reference: RecordTypeSearchCfg.searchFieldQueryInfos
2025-10-17 19:41:06.087 DEBUG recordType 412 3f2b7f04-cfd2-4cab-9374-7022869c366a Processing reference: RecordTypeDefinition.recordViewSrcExpr
2025-10-17 19:41:06.087 DEBUG recordType 412 3f2b7f04-cfd2-4cab-9374-7022869c366a Processing reference: RecordTypeDefinition.source
2025-10-17 19:41:06.087 DEBUG recordType 412 3f2b7f04-cfd2-4cab-9374-7022869c366a Processing reference: RecordTypeDefinition.titleExpr
2025-10-17 19:41:06.087 DEBUG recordType 412 3f2b7f04-cfd2-4cab-9374-7022869c366a Processing reference: Role[name=record_type_administrator,groupIds=[330]]
2025-10-17 19:41:06.089 DEBUG recordType 412 3f2b7f04-cfd2-4cab-9374-7022869c366a Processing reference: Role[name=record_type_viewer,groupIds=[331]]
2025-10-17 19:41:06.09 DEBUG recordType 412 3f2b7f04-cfd2-4cab-9374-7022869c366a Exporting binary resources.
2025-10-17 19:41:06.09 DEBUG recordType 412 3f2b7f04-cfd2-4cab-9374-7022869c366a Serializing object to XML.
2025-10-17 19:41:06.091 DEBUG recordType 412 3f2b7f04-cfd2-4cab-9374-7022869c366a Object transported.
2025-10-17 19:41:06.199 DEBUG application 207321 9c354868-5dcd-4514-866d-19c6b14ecba7 Exporting binary resources.
2025-10-17 19:41:06.199 DEBUG application 207321 9c354868-5dcd-4514-866d-19c6b14ecba7 Serializing object to XML.
2025-10-17 19:41:06.2 DEBUG application 207321 9c354868-5dcd-4514-866d-19c6b14ecba7 Object transported.
