Éxito (14):
group 330 33e562ab-777e-47f8-a585-33f8e145ebfe "CB Administradores"
group 331 eaa9c8a8-8f07-44ae-a2c0-596aa04c4d48 "CB Usuarios"
content 207317 05026428-f647-445b-bdbb-47ab8fd56011 "CB Reglas y constantes"
content 207318 82024408-941c-495a-bf0f-f2c1de61ed9b "CB Centro de conocimientos"
content 207319 f690b02c-6b42-4c79-863b-8c662a2ee2b4 "CB Documentación de aplicación"
content 207320 e309d5eb-db9e-4dc5-91e2-2a3af5b941de "CB Artefactos"
content 208464 _a-0000ee92-fba5-8000-9c16-011c48011c48_4441473 "CB_const_test"
content 209400 _a-0000ee92-fba5-8000-9c16-011c48011c48_4461165 "CB_package_cons"
content 209419 _a-0000ee92-fba5-8000-9c16-011c48011c48_4461320 "CB_cons_no_icf"
content 209436 _a-0000ee92-fba5-8000-9c16-011c48011c48_4462250 "CB_test1"
processModelFolder 71 b108a5a7-0992-4c86-83d1-3d9725c3e0fb "CB Modelos de procesos"
application 207321 9c354868-5dcd-4514-866d-19c6b14ecba7 "CICD-Flow B"
connectedSystem 208465 _a-0000ee92-fba5-8000-9c16-011c48011c48_4441479 "CB Test_connected"
connectedSystem 209440 _a-0000ee92-fba5-8000-9c16-011c48011c48_4462292 "CB Test2"

Trace:
2025-10-17 17:35:52.708 DEBUG application 207321 9c354868-5dcd-4514-866d-19c6b14ecba7 Begin transport.
2025-10-17 17:35:52.708 DEBUG application 207321 9c354868-5dcd-4514-866d-19c6b14ecba7 Retrieving object data.
2025-10-17 17:35:52.713 DEBUG application 207321 9c354868-5dcd-4514-866d-19c6b14ecba7 App associated objects: [group=[33e562ab-777e-47f8-a585-33f8e145ebfe, eaa9c8a8-8f07-44ae-a2c0-596aa04c4d48],content=[05026428-f647-445b-bdbb-47ab8fd56011, f690b02c-6b42-4c79-863b-8c662a2ee2b4, e309d5eb-db9e-4dc5-91e2-2a3af5b941de, 82024408-941c-495a-bf0f-f2c1de61ed9b, _a-0000ee92-fba5-8000-9c16-011c48011c48_4423423, _a-0000ee92-fba5-8000-9c16-011c48011c48_4436971, _a-0000ee92-fba5-8000-9c16-011c48011c48_4437432, _a-0000ee92-fba5-8000-9c16-011c48011c48_4439712, _a-0000ee92-fba5-8000-9c16-011c48011c48_4441052, _a-0000ee92-fba5-8000-9c16-011c48011c48_4441473, _a-0000ee92-fba5-8000-9c16-011c48011c48_4461165, _a-0000ee92-fba5-8000-9c16-011c48011c48_4461320, _a-0000ee92-fba5-8000-9c16-011c48011c48_4462250],processModelFolder=[b108a5a7-0992-4c86-83d1-3d9725c3e0fb],connectedSystem=[_a-0000ee92-fba5-8000-9c16-011c48011c48_4423429, _a-0000ee92-fba5-8000-9c16-011c48011c48_4438147, _a-0000ee92-fba5-8000-9c16-011c48011c48_4438154, _a-0000ee92-fba5-8000-9c16-011c48011c48_4439799, _a-0000ee92-fba5-8000-9c16-011c48011c48_4441479, _a-0000ee92-fba5-8000-9c16-011c48011c48_4462292]]
2025-10-17 17:35:52.728 DEBUG application 207321 9c354868-5dcd-4514-866d-19c6b14ecba7 Invalid associated objects: [content=[_a-0000ee92-fba5-8000-9c16-011c48011c48_4423423, _a-0000ee92-fba5-8000-9c16-011c48011c48_4436971, _a-0000ee92-fba5-8000-9c16-011c48011c48_4437432, _a-0000ee92-fba5-8000-9c16-011c48011c48_4439712, _a-0000ee92-fba5-8000-9c16-011c48011c48_4441052],connectedSystem=[_a-0000ee92-fba5-8000-9c16-011c48011c48_4423429, _a-0000ee92-fba5-8000-9c16-011c48011c48_4438147, _a-0000ee92-fba5-8000-9c16-011c48011c48_4438154, _a-0000ee92-fba5-8000-9c16-011c48011c48_4439799]]
2025-10-17 17:35:52.728 DEBUG application 207321 9c354868-5dcd-4514-866d-19c6b14ecba7 Adding valid associated objects to be exported: GlobalBindingMap[group={33e562ab-777e-47f8-a585-33f8e145ebfe=330, eaa9c8a8-8f07-44ae-a2c0-596aa04c4d48=331},content={05026428-f647-445b-bdbb-47ab8fd56011=207317, f690b02c-6b42-4c79-863b-8c662a2ee2b4=207319, e309d5eb-db9e-4dc5-91e2-2a3af5b941de=207320, 82024408-941c-495a-bf0f-f2c1de61ed9b=207318, _a-0000ee92-fba5-8000-9c16-011c48011c48_4441473=208464, _a-0000ee92-fba5-8000-9c16-011c48011c48_4461165=209400, _a-0000ee92-fba5-8000-9c16-011c48011c48_4461320=209419, _a-0000ee92-fba5-8000-9c16-011c48011c48_4462250=209436},processModelFolder={b108a5a7-0992-4c86-83d1-3d9725c3e0fb=71},connectedSystem={_a-0000ee92-fba5-8000-9c16-011c48011c48_4441479=208465, _a-0000ee92-fba5-8000-9c16-011c48011c48_4462292=209440}]
2025-10-17 17:35:52.728 DEBUG application 207321 9c354868-5dcd-4514-866d-19c6b14ecba7 Setting uuids of object references.
2025-10-17 17:35:52.728 DEBUG application 207321 9c354868-5dcd-4514-866d-19c6b14ecba7 Processing reference: Application.forum
2025-10-17 17:35:52.728 DEBUG application 207321 9c354868-5dcd-4514-866d-19c6b14ecba7 Processing reference: Application.parent
2025-10-17 17:35:52.73 DEBUG application 207321 9c354868-5dcd-4514-866d-19c6b14ecba7 Processing reference: com.appiancorp.suiteapi.content.ContentRoleMap@6b9773c5[
  ContentRole[name=readers,groupIds=[331],inherit=false,allowForAll=false]
  ContentRole[name=authors,inherit=false,allowForAll=false]
  ContentRole[name=administrators,groupIds=[330],inherit=false,allowForAll=false]
  ContentRole[name=denyReaders,inherit=false,allowForAll=false]
  ContentRole[name=denyAuthors,inherit=false,allowForAll=false]
  ContentRole[name=denyAdministrators,inherit=false,allowForAll=false]
  securityVector=1:SEC_PUBLIC=true,SEC_CREATOR_ADMIN=false,SEC_INH_ADMIN=false,SEC_INH_EDITOR=false,SEC_INH_VIEWER=false,SEC_ALL_ADMIN=false,SEC_ALL_EDITOR=false,SEC_ALL_VIEWER=false
]
2025-10-17 17:35:52.73 DEBUG application 207321 9c354868-5dcd-4514-866d-19c6b14ecba7 Processing reference: ContentRole[name=readers,groupIds=[331],inherit=false,allowForAll=false]
2025-10-17 17:35:52.732 DEBUG group 331 eaa9c8a8-8f07-44ae-a2c0-596aa04c4d48 Begin transport.
2025-10-17 17:35:52.732 DEBUG group 331 eaa9c8a8-8f07-44ae-a2c0-596aa04c4d48 Retrieving object data.
2025-10-17 17:35:52.739 DEBUG group 331 eaa9c8a8-8f07-44ae-a2c0-596aa04c4d48 Setting uuids of object references.
2025-10-17 17:35:52.739 DEBUG group 331 eaa9c8a8-8f07-44ae-a2c0-596aa04c4d48 Processing reference: Role[name=<null>,groupIds=[330]]
2025-10-17 17:35:52.74 DEBUG group 330 33e562ab-777e-47f8-a585-33f8e145ebfe Begin transport.
2025-10-17 17:35:52.74 DEBUG group 330 33e562ab-777e-47f8-a585-33f8e145ebfe Retrieving object data.
2025-10-17 17:35:52.747 DEBUG group 330 33e562ab-777e-47f8-a585-33f8e145ebfe Setting uuids of object references.
2025-10-17 17:35:52.747 DEBUG group 330 33e562ab-777e-47f8-a585-33f8e145ebfe Processing reference: Role[name=<null>,groupIds=[330]]
2025-10-17 17:35:52.749 DEBUG group 330 33e562ab-777e-47f8-a585-33f8e145ebfe Begin transport.
2025-10-17 17:35:52.749 DEBUG group 330 33e562ab-777e-47f8-a585-33f8e145ebfe Loop detected: [group:330]
2025-10-17 17:35:52.749 DEBUG group 330 Breaking loop [group:330]. group:330 will be transported with its reference to 330 nulled out and will require a second pass.
2025-10-17 17:35:52.749 DEBUG group 330 33e562ab-777e-47f8-a585-33f8e145ebfe Processing reference: Attribute[name=ADGroup,type=STRING,value=foobar]
2025-10-17 17:35:52.749 DEBUG group 330 33e562ab-777e-47f8-a585-33f8e145ebfe Processing reference: Attribute[name=ADGroup-QA,type=STRING,value=foobar]
2025-10-17 17:35:52.749 DEBUG group 330 33e562ab-777e-47f8-a585-33f8e145ebfe Processing reference: Attribute[name=ADGroup-DEV,type=STRING,value=foobar]
2025-10-17 17:35:52.749 DEBUG group 330 33e562ab-777e-47f8-a585-33f8e145ebfe Processing reference: Group.groupTypeId
2025-10-17 17:35:52.75 DEBUG group 330 33e562ab-777e-47f8-a585-33f8e145ebfe Processing reference: Group.parentId
2025-10-17 17:35:52.75 DEBUG group 330 33e562ab-777e-47f8-a585-33f8e145ebfe Processing reference: Group.homePageId
2025-10-17 17:35:52.75 DEBUG group 330 33e562ab-777e-47f8-a585-33f8e145ebfe Processing reference: Role[name=<null>]
2025-10-17 17:35:52.75 DEBUG group 330 33e562ab-777e-47f8-a585-33f8e145ebfe Object transported with these references nulled out: [group:330]
2025-10-17 17:35:52.75 DEBUG group 330 33e562ab-777e-47f8-a585-33f8e145ebfe Binding pending incomplete: group:330
2025-10-17 17:35:52.751 DEBUG group 330 33e562ab-777e-47f8-a585-33f8e145ebfe Begin transport.
2025-10-17 17:35:52.751 DEBUG group 330 33e562ab-777e-47f8-a585-33f8e145ebfe Retrieving object data.
2025-10-17 17:35:52.758 DEBUG group 330 33e562ab-777e-47f8-a585-33f8e145ebfe Setting uuids of object references.
2025-10-17 17:35:52.758 DEBUG group 330 33e562ab-777e-47f8-a585-33f8e145ebfe Processing reference: Role[name=<null>,groupIds=[330]]
2025-10-17 17:35:52.759 DEBUG group 330 33e562ab-777e-47f8-a585-33f8e145ebfe Processing reference: Attribute[name=ADGroup,type=STRING,value=foobar]
2025-10-17 17:35:52.76 DEBUG group 330 33e562ab-777e-47f8-a585-33f8e145ebfe Processing reference: Attribute[name=ADGroup-QA,type=STRING,value=foobar]
2025-10-17 17:35:52.76 DEBUG group 330 33e562ab-777e-47f8-a585-33f8e145ebfe Processing reference: Attribute[name=ADGroup-DEV,type=STRING,value=foobar]
2025-10-17 17:35:52.76 DEBUG group 330 33e562ab-777e-47f8-a585-33f8e145ebfe Processing reference: Group.groupTypeId
2025-10-17 17:35:52.761 DEBUG group 330 33e562ab-777e-47f8-a585-33f8e145ebfe Processing reference: Group.parentId
2025-10-17 17:35:52.761 DEBUG group 330 33e562ab-777e-47f8-a585-33f8e145ebfe Processing reference: Group.homePageId
2025-10-17 17:35:52.761 DEBUG group 330 33e562ab-777e-47f8-a585-33f8e145ebfe Processing reference: Role[name=<null>]
2025-10-17 17:35:52.761 DEBUG group 330 33e562ab-777e-47f8-a585-33f8e145ebfe Exporting binary resources.
2025-10-17 17:35:52.761 DEBUG group 330 33e562ab-777e-47f8-a585-33f8e145ebfe Serializing object to XML.
2025-10-17 17:35:52.761 DEBUG group 330 33e562ab-777e-47f8-a585-33f8e145ebfe Removed object from incomplete list.
2025-10-17 17:35:52.761 DEBUG group 330 33e562ab-777e-47f8-a585-33f8e145ebfe Object transported.
2025-10-17 17:35:52.761 DEBUG group 330 33e562ab-777e-47f8-a585-33f8e145ebfe Binding pending incomplete: group:330
2025-10-17 17:35:52.762 DEBUG group 331 eaa9c8a8-8f07-44ae-a2c0-596aa04c4d48 Processing reference: Attribute[name=ADGroup,type=STRING,value=foobar]
2025-10-17 17:35:52.762 DEBUG group 331 eaa9c8a8-8f07-44ae-a2c0-596aa04c4d48 Processing reference: Attribute[name=ADGroup-QA,type=STRING,value=foobar]
2025-10-17 17:35:52.762 DEBUG group 331 eaa9c8a8-8f07-44ae-a2c0-596aa04c4d48 Processing reference: Attribute[name=ADGroup-DEV,type=STRING,value=foobar]
2025-10-17 17:35:52.762 DEBUG group 331 eaa9c8a8-8f07-44ae-a2c0-596aa04c4d48 Processing reference: Group.groupTypeId
2025-10-17 17:35:52.763 DEBUG group 331 eaa9c8a8-8f07-44ae-a2c0-596aa04c4d48 Processing reference: Group.parentId
2025-10-17 17:35:52.763 DEBUG group 331 eaa9c8a8-8f07-44ae-a2c0-596aa04c4d48 Processing reference: Group.homePageId
2025-10-17 17:35:52.763 DEBUG group 331 eaa9c8a8-8f07-44ae-a2c0-596aa04c4d48 Processing reference: Role[name=<null>,groupIds=[330]]
2025-10-17 17:35:52.765 DEBUG group 331 eaa9c8a8-8f07-44ae-a2c0-596aa04c4d48 Exporting binary resources.
2025-10-17 17:35:52.765 DEBUG group 331 eaa9c8a8-8f07-44ae-a2c0-596aa04c4d48 Serializing object to XML.
2025-10-17 17:35:52.765 DEBUG group 331 eaa9c8a8-8f07-44ae-a2c0-596aa04c4d48 Object transported.
2025-10-17 17:35:52.765 DEBUG application 207321 9c354868-5dcd-4514-866d-19c6b14ecba7 Processing reference: ContentRole[name=authors,inherit=false,allowForAll=false]
2025-10-17 17:35:52.765 DEBUG application 207321 9c354868-5dcd-4514-866d-19c6b14ecba7 Processing reference: ContentRole[name=administrators,groupIds=[330],inherit=false,allowForAll=false]
2025-10-17 17:35:52.766 DEBUG application 207321 9c354868-5dcd-4514-866d-19c6b14ecba7 Processing reference: ContentRole[name=denyReaders,inherit=false,allowForAll=false]
2025-10-17 17:35:52.766 DEBUG application 207321 9c354868-5dcd-4514-866d-19c6b14ecba7 Processing reference: ContentRole[name=denyAuthors,inherit=false,allowForAll=false]
2025-10-17 17:35:52.766 DEBUG application 207321 9c354868-5dcd-4514-866d-19c6b14ecba7 Processing reference: ContentRole[name=denyAdministrators,inherit=false,allowForAll=false]
2025-10-17 17:35:52.796 DEBUG content 207317 05026428-f647-445b-bdbb-47ab8fd56011 Begin transport.
2025-10-17 17:35:52.796 DEBUG content 207317 05026428-f647-445b-bdbb-47ab8fd56011 Retrieving object data.
2025-10-17 17:35:52.804 DEBUG content 207317 05026428-f647-445b-bdbb-47ab8fd56011 Setting uuids of object references.
2025-10-17 17:35:52.804 DEBUG content 207317 05026428-f647-445b-bdbb-47ab8fd56011 Processing reference: RulesFolder.forum
2025-10-17 17:35:52.805 DEBUG content 207317 05026428-f647-445b-bdbb-47ab8fd56011 Processing reference: RulesFolder.parent
2025-10-17 17:35:52.807 DEBUG content 207317 05026428-f647-445b-bdbb-47ab8fd56011 Processing reference: com.appiancorp.suiteapi.content.ContentRoleMap@6442ef92[
  ContentRole[name=readers,groupIds=[331],inherit=false,allowForAll=false]
  ContentRole[name=authors,inherit=false,allowForAll=false]
  ContentRole[name=administrators,groupIds=[330],inherit=false,allowForAll=false]
  ContentRole[name=denyReaders,inherit=false,allowForAll=false]
  ContentRole[name=denyAuthors,inherit=false,allowForAll=false]
  ContentRole[name=denyAdministrators,inherit=false,allowForAll=false]
  securityVector=1:SEC_PUBLIC=true,SEC_CREATOR_ADMIN=false,SEC_INH_ADMIN=false,SEC_INH_EDITOR=false,SEC_INH_VIEWER=false,SEC_ALL_ADMIN=false,SEC_ALL_EDITOR=false,SEC_ALL_VIEWER=false
]
2025-10-17 17:35:52.807 DEBUG content 207317 05026428-f647-445b-bdbb-47ab8fd56011 Processing reference: ContentRole[name=readers,groupIds=[331],inherit=false,allowForAll=false]
2025-10-17 17:35:52.808 DEBUG content 207317 05026428-f647-445b-bdbb-47ab8fd56011 Processing reference: ContentRole[name=authors,inherit=false,allowForAll=false]
2025-10-17 17:35:52.808 DEBUG content 207317 05026428-f647-445b-bdbb-47ab8fd56011 Processing reference: ContentRole[name=administrators,groupIds=[330],inherit=false,allowForAll=false]
2025-10-17 17:35:52.809 DEBUG content 207317 05026428-f647-445b-bdbb-47ab8fd56011 Processing reference: ContentRole[name=denyReaders,inherit=false,allowForAll=false]
2025-10-17 17:35:52.809 DEBUG content 207317 05026428-f647-445b-bdbb-47ab8fd56011 Processing reference: ContentRole[name=denyAuthors,inherit=false,allowForAll=false]
2025-10-17 17:35:52.809 DEBUG content 207317 05026428-f647-445b-bdbb-47ab8fd56011 Processing reference: ContentRole[name=denyAdministrators,inherit=false,allowForAll=false]
2025-10-17 17:35:52.809 DEBUG content 207317 05026428-f647-445b-bdbb-47ab8fd56011 Exporting binary resources.
2025-10-17 17:35:52.809 DEBUG content 207317 05026428-f647-445b-bdbb-47ab8fd56011 Serializing object to XML.
2025-10-17 17:35:52.809 DEBUG content 207317 05026428-f647-445b-bdbb-47ab8fd56011 Object transported.
2025-10-17 17:35:52.809 DEBUG content 207319 f690b02c-6b42-4c79-863b-8c662a2ee2b4 Begin transport.
2025-10-17 17:35:52.809 DEBUG content 207319 f690b02c-6b42-4c79-863b-8c662a2ee2b4 Retrieving object data.
2025-10-17 17:35:52.816 DEBUG content 207319 f690b02c-6b42-4c79-863b-8c662a2ee2b4 Setting uuids of object references.
2025-10-17 17:35:52.816 DEBUG content 207319 f690b02c-6b42-4c79-863b-8c662a2ee2b4 Processing reference: KnowledgeFolder.forum
2025-10-17 17:35:52.816 DEBUG content 207319 f690b02c-6b42-4c79-863b-8c662a2ee2b4 Processing reference: KnowledgeFolder.parent
2025-10-17 17:35:52.818 DEBUG content 207318 82024408-941c-495a-bf0f-f2c1de61ed9b Begin transport.
2025-10-17 17:35:52.818 DEBUG content 207318 82024408-941c-495a-bf0f-f2c1de61ed9b Retrieving object data.
2025-10-17 17:35:52.823 DEBUG content 207318 82024408-941c-495a-bf0f-f2c1de61ed9b Setting uuids of object references.
2025-10-17 17:35:52.823 DEBUG content 207318 82024408-941c-495a-bf0f-f2c1de61ed9b Processing reference: CommunityKnowledgeCenter.forum
2025-10-17 17:35:52.824 DEBUG content 207318 82024408-941c-495a-bf0f-f2c1de61ed9b Processing reference: CommunityKnowledgeCenter.parent
2025-10-17 17:35:52.825 DEBUG content 207318 82024408-941c-495a-bf0f-f2c1de61ed9b Processing reference: com.appiancorp.suiteapi.content.ContentRoleMap@6b32e87a[
  ContentRole[name=readers,groupIds=[331],inherit=false,allowForAll=false]
  ContentRole[name=authors,inherit=false,allowForAll=false]
  ContentRole[name=administrators,groupIds=[330],inherit=false,allowForAll=false]
  ContentRole[name=denyReaders,inherit=false,allowForAll=false]
  ContentRole[name=denyAuthors,inherit=false,allowForAll=false]
  ContentRole[name=denyAdministrators,inherit=false,allowForAll=false]
  securityVector=1:SEC_PUBLIC=true,SEC_CREATOR_ADMIN=false,SEC_INH_ADMIN=false,SEC_INH_EDITOR=false,SEC_INH_VIEWER=false,SEC_ALL_ADMIN=false,SEC_ALL_EDITOR=false,SEC_ALL_VIEWER=false
]
2025-10-17 17:35:52.825 DEBUG content 207318 82024408-941c-495a-bf0f-f2c1de61ed9b Processing reference: ContentRole[name=readers,groupIds=[331],inherit=false,allowForAll=false]
2025-10-17 17:35:52.826 DEBUG content 207318 82024408-941c-495a-bf0f-f2c1de61ed9b Processing reference: ContentRole[name=authors,inherit=false,allowForAll=false]
2025-10-17 17:35:52.826 DEBUG content 207318 82024408-941c-495a-bf0f-f2c1de61ed9b Processing reference: ContentRole[name=administrators,groupIds=[330],inherit=false,allowForAll=false]
2025-10-17 17:35:52.827 DEBUG content 207318 82024408-941c-495a-bf0f-f2c1de61ed9b Processing reference: ContentRole[name=denyReaders,inherit=false,allowForAll=false]
2025-10-17 17:35:52.827 DEBUG content 207318 82024408-941c-495a-bf0f-f2c1de61ed9b Processing reference: ContentRole[name=denyAuthors,inherit=false,allowForAll=false]
2025-10-17 17:35:52.827 DEBUG content 207318 82024408-941c-495a-bf0f-f2c1de61ed9b Processing reference: ContentRole[name=denyAdministrators,inherit=false,allowForAll=false]
2025-10-17 17:35:52.827 DEBUG content 207318 82024408-941c-495a-bf0f-f2c1de61ed9b Exporting binary resources.
2025-10-17 17:35:52.827 DEBUG content 207318 82024408-941c-495a-bf0f-f2c1de61ed9b Serializing object to XML.
2025-10-17 17:35:52.828 DEBUG content 207318 82024408-941c-495a-bf0f-f2c1de61ed9b Object transported.
2025-10-17 17:35:52.828 DEBUG content 207319 f690b02c-6b42-4c79-863b-8c662a2ee2b4 Processing reference: com.appiancorp.suiteapi.content.ContentRoleMap@4d5f60e6[
  ContentRole[name=readers,inherit=true,allowForAll=false]
  ContentRole[name=authors,inherit=true,allowForAll=false]
  ContentRole[name=administrators,inherit=true,allowForAll=false]
  ContentRole[name=denyReaders,inherit=false,allowForAll=false]
  ContentRole[name=denyAuthors,inherit=false,allowForAll=false]
  ContentRole[name=denyAdministrators,inherit=false,allowForAll=false]
  securityVector=15:SEC_PUBLIC=true,SEC_CREATOR_ADMIN=false,SEC_INH_ADMIN=true,SEC_INH_EDITOR=true,SEC_INH_VIEWER=true,SEC_ALL_ADMIN=false,SEC_ALL_EDITOR=false,SEC_ALL_VIEWER=false
]
2025-10-17 17:35:52.828 DEBUG content 207319 f690b02c-6b42-4c79-863b-8c662a2ee2b4 Processing reference: ContentRole[name=readers,inherit=true,allowForAll=false]
2025-10-17 17:35:52.828 DEBUG content 207319 f690b02c-6b42-4c79-863b-8c662a2ee2b4 Processing reference: ContentRole[name=authors,inherit=true,allowForAll=false]
2025-10-17 17:35:52.828 DEBUG content 207319 f690b02c-6b42-4c79-863b-8c662a2ee2b4 Processing reference: ContentRole[name=administrators,inherit=true,allowForAll=false]
2025-10-17 17:35:52.828 DEBUG content 207319 f690b02c-6b42-4c79-863b-8c662a2ee2b4 Processing reference: ContentRole[name=denyReaders,inherit=false,allowForAll=false]
2025-10-17 17:35:52.828 DEBUG content 207319 f690b02c-6b42-4c79-863b-8c662a2ee2b4 Processing reference: ContentRole[name=denyAuthors,inherit=false,allowForAll=false]
2025-10-17 17:35:52.828 DEBUG content 207319 f690b02c-6b42-4c79-863b-8c662a2ee2b4 Processing reference: ContentRole[name=denyAdministrators,inherit=false,allowForAll=false]
2025-10-17 17:35:52.828 DEBUG content 207319 f690b02c-6b42-4c79-863b-8c662a2ee2b4 Exporting binary resources.
2025-10-17 17:35:52.828 DEBUG content 207319 f690b02c-6b42-4c79-863b-8c662a2ee2b4 Serializing object to XML.
2025-10-17 17:35:52.829 DEBUG content 207319 f690b02c-6b42-4c79-863b-8c662a2ee2b4 Object transported.
2025-10-17 17:35:52.829 DEBUG content 207320 e309d5eb-db9e-4dc5-91e2-2a3af5b941de Begin transport.
2025-10-17 17:35:52.829 DEBUG content 207320 e309d5eb-db9e-4dc5-91e2-2a3af5b941de Retrieving object data.
2025-10-17 17:35:52.845 DEBUG content 207320 e309d5eb-db9e-4dc5-91e2-2a3af5b941de Setting uuids of object references.
2025-10-17 17:35:52.845 DEBUG content 207320 e309d5eb-db9e-4dc5-91e2-2a3af5b941de Processing reference: KnowledgeFolder.forum
2025-10-17 17:35:52.845 DEBUG content 207320 e309d5eb-db9e-4dc5-91e2-2a3af5b941de Processing reference: KnowledgeFolder.parent
2025-10-17 17:35:52.848 DEBUG content 207320 e309d5eb-db9e-4dc5-91e2-2a3af5b941de Processing reference: com.appiancorp.suiteapi.content.ContentRoleMap@5510de5e[
  ContentRole[name=readers,inherit=true,allowForAll=false]
  ContentRole[name=authors,inherit=true,allowForAll=false]
  ContentRole[name=administrators,inherit=true,allowForAll=false]
  ContentRole[name=denyReaders,inherit=false,allowForAll=false]
  ContentRole[name=denyAuthors,inherit=false,allowForAll=false]
  ContentRole[name=denyAdministrators,inherit=false,allowForAll=false]
  securityVector=15:SEC_PUBLIC=true,SEC_CREATOR_ADMIN=false,SEC_INH_ADMIN=true,SEC_INH_EDITOR=true,SEC_INH_VIEWER=true,SEC_ALL_ADMIN=false,SEC_ALL_EDITOR=false,SEC_ALL_VIEWER=false
]
2025-10-17 17:35:52.848 DEBUG content 207320 e309d5eb-db9e-4dc5-91e2-2a3af5b941de Processing reference: ContentRole[name=readers,inherit=true,allowForAll=false]
2025-10-17 17:35:52.848 DEBUG content 207320 e309d5eb-db9e-4dc5-91e2-2a3af5b941de Processing reference: ContentRole[name=authors,inherit=true,allowForAll=false]
2025-10-17 17:35:52.848 DEBUG content 207320 e309d5eb-db9e-4dc5-91e2-2a3af5b941de Processing reference: ContentRole[name=administrators,inherit=true,allowForAll=false]
2025-10-17 17:35:52.848 DEBUG content 207320 e309d5eb-db9e-4dc5-91e2-2a3af5b941de Processing reference: ContentRole[name=denyReaders,inherit=false,allowForAll=false]
2025-10-17 17:35:52.848 DEBUG content 207320 e309d5eb-db9e-4dc5-91e2-2a3af5b941de Processing reference: ContentRole[name=denyAuthors,inherit=false,allowForAll=false]
2025-10-17 17:35:52.848 DEBUG content 207320 e309d5eb-db9e-4dc5-91e2-2a3af5b941de Processing reference: ContentRole[name=denyAdministrators,inherit=false,allowForAll=false]
2025-10-17 17:35:52.848 DEBUG content 207320 e309d5eb-db9e-4dc5-91e2-2a3af5b941de Exporting binary resources.
2025-10-17 17:35:52.848 DEBUG content 207320 e309d5eb-db9e-4dc5-91e2-2a3af5b941de Serializing object to XML.
2025-10-17 17:35:52.849 DEBUG content 207320 e309d5eb-db9e-4dc5-91e2-2a3af5b941de Object transported.
2025-10-17 17:35:52.849 DEBUG content 208464 _a-0000ee92-fba5-8000-9c16-011c48011c48_4441473 Begin transport.
2025-10-17 17:35:52.849 DEBUG content 208464 _a-0000ee92-fba5-8000-9c16-011c48011c48_4441473 Retrieving object data.
2025-10-17 17:35:52.856 DEBUG content 208464 _a-0000ee92-fba5-8000-9c16-011c48011c48_4441473 Setting uuids of object references.
2025-10-17 17:35:52.856 DEBUG content 208464 _a-0000ee92-fba5-8000-9c16-011c48011c48_4441473 Processing reference: [Content:id=208464,versionId=-1,name=CB_const_test,type=32,subtype=0,uuid=_a-0000ee92-fba5-8000-9c16-011c48011c48_4441473,parent=207317]
2025-10-17 17:35:52.856 DEBUG content 208464 _a-0000ee92-fba5-8000-9c16-011c48011c48_4441473 Processing reference: Constant.forum
2025-10-17 17:35:52.856 DEBUG content 208464 _a-0000ee92-fba5-8000-9c16-011c48011c48_4441473 Processing reference: Constant.parent
2025-10-17 17:35:52.859 DEBUG content 208464 _a-0000ee92-fba5-8000-9c16-011c48011c48_4441473 Processing reference: com.appiancorp.suiteapi.content.ContentRoleMap@13aa1b73[
  ContentRole[name=readers,inherit=true,allowForAll=false]
  ContentRole[name=authors,inherit=true,allowForAll=false]
  ContentRole[name=administrators,inherit=true,allowForAll=false]
  ContentRole[name=denyReaders,inherit=false,allowForAll=false]
  ContentRole[name=denyAuthors,inherit=false,allowForAll=false]
  ContentRole[name=denyAdministrators,inherit=false,allowForAll=false]
  securityVector=15:SEC_PUBLIC=true,SEC_CREATOR_ADMIN=false,SEC_INH_ADMIN=true,SEC_INH_EDITOR=true,SEC_INH_VIEWER=true,SEC_ALL_ADMIN=false,SEC_ALL_EDITOR=false,SEC_ALL_VIEWER=false
]
2025-10-17 17:35:52.859 DEBUG content 208464 _a-0000ee92-fba5-8000-9c16-011c48011c48_4441473 Processing reference: ContentRole[name=readers,inherit=true,allowForAll=false]
2025-10-17 17:35:52.859 DEBUG content 208464 _a-0000ee92-fba5-8000-9c16-011c48011c48_4441473 Processing reference: ContentRole[name=authors,inherit=true,allowForAll=false]
2025-10-17 17:35:52.859 DEBUG content 208464 _a-0000ee92-fba5-8000-9c16-011c48011c48_4441473 Processing reference: ContentRole[name=administrators,inherit=true,allowForAll=false]
2025-10-17 17:35:52.859 DEBUG content 208464 _a-0000ee92-fba5-8000-9c16-011c48011c48_4441473 Processing reference: ContentRole[name=denyReaders,inherit=false,allowForAll=false]
2025-10-17 17:35:52.859 DEBUG content 208464 _a-0000ee92-fba5-8000-9c16-011c48011c48_4441473 Processing reference: ContentRole[name=denyAuthors,inherit=false,allowForAll=false]
2025-10-17 17:35:52.859 DEBUG content 208464 _a-0000ee92-fba5-8000-9c16-011c48011c48_4441473 Processing reference: ContentRole[name=denyAdministrators,inherit=false,allowForAll=false]
2025-10-17 17:35:52.859 DEBUG content 208464 _a-0000ee92-fba5-8000-9c16-011c48011c48_4441473 Registering export properties.
2025-10-17 17:35:52.859 DEBUG content 208464 _a-0000ee92-fba5-8000-9c16-011c48011c48_4441473 Exporting binary resources.
2025-10-17 17:35:52.859 DEBUG content 208464 _a-0000ee92-fba5-8000-9c16-011c48011c48_4441473 Serializing object to XML.
2025-10-17 17:35:52.861 DEBUG content 208464 _a-0000ee92-fba5-8000-9c16-011c48011c48_4441473 Object transported.
2025-10-17 17:35:52.861 DEBUG content 209400 _a-0000ee92-fba5-8000-9c16-011c48011c48_4461165 Begin transport.
2025-10-17 17:35:52.861 DEBUG content 209400 _a-0000ee92-fba5-8000-9c16-011c48011c48_4461165 Retrieving object data.
2025-10-17 17:35:52.868 DEBUG content 209400 _a-0000ee92-fba5-8000-9c16-011c48011c48_4461165 Setting uuids of object references.
2025-10-17 17:35:52.868 DEBUG content 209400 _a-0000ee92-fba5-8000-9c16-011c48011c48_4461165 Processing reference: [Content:id=209400,versionId=-1,name=CB_package_cons,type=32,subtype=0,uuid=_a-0000ee92-fba5-8000-9c16-011c48011c48_4461165,parent=207317]
2025-10-17 17:35:52.868 DEBUG content 209400 _a-0000ee92-fba5-8000-9c16-011c48011c48_4461165 Processing reference: Constant.forum
2025-10-17 17:35:52.868 DEBUG content 209400 _a-0000ee92-fba5-8000-9c16-011c48011c48_4461165 Processing reference: Constant.parent
2025-10-17 17:35:52.871 DEBUG content 209400 _a-0000ee92-fba5-8000-9c16-011c48011c48_4461165 Processing reference: com.appiancorp.suiteapi.content.ContentRoleMap@138e2d55[
  ContentRole[name=readers,inherit=true,allowForAll=false]
  ContentRole[name=authors,inherit=true,allowForAll=false]
  ContentRole[name=administrators,inherit=true,allowForAll=false]
  ContentRole[name=denyReaders,inherit=false,allowForAll=false]
  ContentRole[name=denyAuthors,inherit=false,allowForAll=false]
  ContentRole[name=denyAdministrators,inherit=false,allowForAll=false]
  securityVector=15:SEC_PUBLIC=true,SEC_CREATOR_ADMIN=false,SEC_INH_ADMIN=true,SEC_INH_EDITOR=true,SEC_INH_VIEWER=true,SEC_ALL_ADMIN=false,SEC_ALL_EDITOR=false,SEC_ALL_VIEWER=false
]
2025-10-17 17:35:52.871 DEBUG content 209400 _a-0000ee92-fba5-8000-9c16-011c48011c48_4461165 Processing reference: ContentRole[name=readers,inherit=true,allowForAll=false]
2025-10-17 17:35:52.871 DEBUG content 209400 _a-0000ee92-fba5-8000-9c16-011c48011c48_4461165 Processing reference: ContentRole[name=authors,inherit=true,allowForAll=false]
2025-10-17 17:35:52.871 DEBUG content 209400 _a-0000ee92-fba5-8000-9c16-011c48011c48_4461165 Processing reference: ContentRole[name=administrators,inherit=true,allowForAll=false]
2025-10-17 17:35:52.871 DEBUG content 209400 _a-0000ee92-fba5-8000-9c16-011c48011c48_4461165 Processing reference: ContentRole[name=denyReaders,inherit=false,allowForAll=false]
2025-10-17 17:35:52.871 DEBUG content 209400 _a-0000ee92-fba5-8000-9c16-011c48011c48_4461165 Processing reference: ContentRole[name=denyAuthors,inherit=false,allowForAll=false]
2025-10-17 17:35:52.871 DEBUG content 209400 _a-0000ee92-fba5-8000-9c16-011c48011c48_4461165 Processing reference: ContentRole[name=denyAdministrators,inherit=false,allowForAll=false]
2025-10-17 17:35:52.871 DEBUG content 209400 _a-0000ee92-fba5-8000-9c16-011c48011c48_4461165 Registering export properties.
2025-10-17 17:35:52.871 DEBUG content 209400 _a-0000ee92-fba5-8000-9c16-011c48011c48_4461165 Exporting binary resources.
2025-10-17 17:35:52.871 DEBUG content 209400 _a-0000ee92-fba5-8000-9c16-011c48011c48_4461165 Serializing object to XML.
2025-10-17 17:35:52.874 DEBUG content 209400 _a-0000ee92-fba5-8000-9c16-011c48011c48_4461165 Object transported.
2025-10-17 17:35:52.874 DEBUG content 209419 _a-0000ee92-fba5-8000-9c16-011c48011c48_4461320 Begin transport.
2025-10-17 17:35:52.874 DEBUG content 209419 _a-0000ee92-fba5-8000-9c16-011c48011c48_4461320 Retrieving object data.
2025-10-17 17:35:52.882 DEBUG content 209419 _a-0000ee92-fba5-8000-9c16-011c48011c48_4461320 Setting uuids of object references.
2025-10-17 17:35:52.882 DEBUG content 209419 _a-0000ee92-fba5-8000-9c16-011c48011c48_4461320 Processing reference: [Content:id=209419,versionId=-1,name=CB_cons_no_icf,type=32,subtype=0,uuid=_a-0000ee92-fba5-8000-9c16-011c48011c48_4461320,parent=207317]
2025-10-17 17:35:52.882 DEBUG content 209419 _a-0000ee92-fba5-8000-9c16-011c48011c48_4461320 Processing reference: Constant.forum
2025-10-17 17:35:52.882 DEBUG content 209419 _a-0000ee92-fba5-8000-9c16-011c48011c48_4461320 Processing reference: Constant.parent
2025-10-17 17:35:52.885 DEBUG content 209419 _a-0000ee92-fba5-8000-9c16-011c48011c48_4461320 Processing reference: com.appiancorp.suiteapi.content.ContentRoleMap@60907298[
  ContentRole[name=readers,inherit=true,allowForAll=false]
  ContentRole[name=authors,inherit=true,allowForAll=false]
  ContentRole[name=administrators,inherit=true,allowForAll=false]
  ContentRole[name=denyReaders,inherit=false,allowForAll=false]
  ContentRole[name=denyAuthors,inherit=false,allowForAll=false]
  ContentRole[name=denyAdministrators,inherit=false,allowForAll=false]
  securityVector=15:SEC_PUBLIC=true,SEC_CREATOR_ADMIN=false,SEC_INH_ADMIN=true,SEC_INH_EDITOR=true,SEC_INH_VIEWER=true,SEC_ALL_ADMIN=false,SEC_ALL_EDITOR=false,SEC_ALL_VIEWER=false
]
2025-10-17 17:35:52.885 DEBUG content 209419 _a-0000ee92-fba5-8000-9c16-011c48011c48_4461320 Processing reference: ContentRole[name=readers,inherit=true,allowForAll=false]
2025-10-17 17:35:52.885 DEBUG content 209419 _a-0000ee92-fba5-8000-9c16-011c48011c48_4461320 Processing reference: ContentRole[name=authors,inherit=true,allowForAll=false]
2025-10-17 17:35:52.885 DEBUG content 209419 _a-0000ee92-fba5-8000-9c16-011c48011c48_4461320 Processing reference: ContentRole[name=administrators,inherit=true,allowForAll=false]
2025-10-17 17:35:52.885 DEBUG content 209419 _a-0000ee92-fba5-8000-9c16-011c48011c48_4461320 Processing reference: ContentRole[name=denyReaders,inherit=false,allowForAll=false]
2025-10-17 17:35:52.885 DEBUG content 209419 _a-0000ee92-fba5-8000-9c16-011c48011c48_4461320 Processing reference: ContentRole[name=denyAuthors,inherit=false,allowForAll=false]
2025-10-17 17:35:52.885 DEBUG content 209419 _a-0000ee92-fba5-8000-9c16-011c48011c48_4461320 Processing reference: ContentRole[name=denyAdministrators,inherit=false,allowForAll=false]
2025-10-17 17:35:52.885 DEBUG content 209419 _a-0000ee92-fba5-8000-9c16-011c48011c48_4461320 Exporting binary resources.
2025-10-17 17:35:52.885 DEBUG content 209419 _a-0000ee92-fba5-8000-9c16-011c48011c48_4461320 Serializing object to XML.
2025-10-17 17:35:52.886 DEBUG content 209419 _a-0000ee92-fba5-8000-9c16-011c48011c48_4461320 Object transported.
2025-10-17 17:35:52.886 DEBUG content 209436 _a-0000ee92-fba5-8000-9c16-011c48011c48_4462250 Begin transport.
2025-10-17 17:35:52.886 DEBUG content 209436 _a-0000ee92-fba5-8000-9c16-011c48011c48_4462250 Retrieving object data.
2025-10-17 17:35:52.892 DEBUG content 209436 _a-0000ee92-fba5-8000-9c16-011c48011c48_4462250 Setting uuids of object references.
2025-10-17 17:35:52.892 DEBUG content 209436 _a-0000ee92-fba5-8000-9c16-011c48011c48_4462250 Processing reference: [Content:id=209436,versionId=-1,name=CB_test1,type=32,subtype=0,uuid=_a-0000ee92-fba5-8000-9c16-011c48011c48_4462250,parent=207317]
2025-10-17 17:35:52.892 DEBUG content 209436 _a-0000ee92-fba5-8000-9c16-011c48011c48_4462250 Processing reference: Constant.forum
2025-10-17 17:35:52.893 DEBUG content 209436 _a-0000ee92-fba5-8000-9c16-011c48011c48_4462250 Processing reference: Constant.parent
2025-10-17 17:35:52.895 DEBUG content 209436 _a-0000ee92-fba5-8000-9c16-011c48011c48_4462250 Processing reference: com.appiancorp.suiteapi.content.ContentRoleMap@444c9269[
  ContentRole[name=readers,inherit=true,allowForAll=false]
  ContentRole[name=authors,inherit=true,allowForAll=false]
  ContentRole[name=administrators,inherit=true,allowForAll=false]
  ContentRole[name=denyReaders,inherit=false,allowForAll=false]
  ContentRole[name=denyAuthors,inherit=false,allowForAll=false]
  ContentRole[name=denyAdministrators,inherit=false,allowForAll=false]
  securityVector=15:SEC_PUBLIC=true,SEC_CREATOR_ADMIN=false,SEC_INH_ADMIN=true,SEC_INH_EDITOR=true,SEC_INH_VIEWER=true,SEC_ALL_ADMIN=false,SEC_ALL_EDITOR=false,SEC_ALL_VIEWER=false
]
2025-10-17 17:35:52.895 DEBUG content 209436 _a-0000ee92-fba5-8000-9c16-011c48011c48_4462250 Processing reference: ContentRole[name=readers,inherit=true,allowForAll=false]
2025-10-17 17:35:52.895 DEBUG content 209436 _a-0000ee92-fba5-8000-9c16-011c48011c48_4462250 Processing reference: ContentRole[name=authors,inherit=true,allowForAll=false]
2025-10-17 17:35:52.895 DEBUG content 209436 _a-0000ee92-fba5-8000-9c16-011c48011c48_4462250 Processing reference: ContentRole[name=administrators,inherit=true,allowForAll=false]
2025-10-17 17:35:52.895 DEBUG content 209436 _a-0000ee92-fba5-8000-9c16-011c48011c48_4462250 Processing reference: ContentRole[name=denyReaders,inherit=false,allowForAll=false]
2025-10-17 17:35:52.895 DEBUG content 209436 _a-0000ee92-fba5-8000-9c16-011c48011c48_4462250 Processing reference: ContentRole[name=denyAuthors,inherit=false,allowForAll=false]
2025-10-17 17:35:52.895 DEBUG content 209436 _a-0000ee92-fba5-8000-9c16-011c48011c48_4462250 Processing reference: ContentRole[name=denyAdministrators,inherit=false,allowForAll=false]
2025-10-17 17:35:52.895 DEBUG content 209436 _a-0000ee92-fba5-8000-9c16-011c48011c48_4462250 Exporting binary resources.
2025-10-17 17:35:52.895 DEBUG content 209436 _a-0000ee92-fba5-8000-9c16-011c48011c48_4462250 Serializing object to XML.
2025-10-17 17:35:52.896 DEBUG content 209436 _a-0000ee92-fba5-8000-9c16-011c48011c48_4462250 Object transported.
2025-10-17 17:35:52.908 DEBUG processModelFolder 71 b108a5a7-0992-4c86-83d1-3d9725c3e0fb Begin transport.
2025-10-17 17:35:52.908 DEBUG processModelFolder 71 b108a5a7-0992-4c86-83d1-3d9725c3e0fb Retrieving object data.
2025-10-17 17:35:52.911 DEBUG processModelFolder 71 b108a5a7-0992-4c86-83d1-3d9725c3e0fb Setting uuids of object references.
2025-10-17 17:35:52.911 DEBUG processModelFolder 71 b108a5a7-0992-4c86-83d1-3d9725c3e0fb Processing reference: ProcessModelFolder.parentFolderId
2025-10-17 17:35:52.911 DEBUG processModelFolder 71 b108a5a7-0992-4c86-83d1-3d9725c3e0fb Processing reference: com.appiancorp.suiteapi.process.ProcessRoleMap@394bab28[
  Role[name=ADMIN_OWNER,groupIds=[330]]
  Role[name=EDITOR]
  Role[name=EXPLICIT_NONMEMBER]
  Role[name=VIEWER,groupIds=[331]]
  Role[name=MANAGER]
  Role[name=INITIATOR]
]
2025-10-17 17:35:52.911 DEBUG processModelFolder 71 b108a5a7-0992-4c86-83d1-3d9725c3e0fb Processing reference: Role[name=ADMIN_OWNER,groupIds=[330]]
2025-10-17 17:35:52.913 DEBUG processModelFolder 71 b108a5a7-0992-4c86-83d1-3d9725c3e0fb Processing reference: Role[name=EDITOR]
2025-10-17 17:35:52.913 DEBUG processModelFolder 71 b108a5a7-0992-4c86-83d1-3d9725c3e0fb Processing reference: Role[name=EXPLICIT_NONMEMBER]
2025-10-17 17:35:52.913 DEBUG processModelFolder 71 b108a5a7-0992-4c86-83d1-3d9725c3e0fb Processing reference: Role[name=VIEWER,groupIds=[331]]
2025-10-17 17:35:52.914 DEBUG processModelFolder 71 b108a5a7-0992-4c86-83d1-3d9725c3e0fb Processing reference: Role[name=MANAGER]
2025-10-17 17:35:52.914 DEBUG processModelFolder 71 b108a5a7-0992-4c86-83d1-3d9725c3e0fb Processing reference: Role[name=INITIATOR]
2025-10-17 17:35:52.914 DEBUG processModelFolder 71 b108a5a7-0992-4c86-83d1-3d9725c3e0fb Exporting binary resources.
2025-10-17 17:35:52.914 DEBUG processModelFolder 71 b108a5a7-0992-4c86-83d1-3d9725c3e0fb Serializing object to XML.
2025-10-17 17:35:52.915 DEBUG processModelFolder 71 b108a5a7-0992-4c86-83d1-3d9725c3e0fb Object transported.
2025-10-17 17:35:52.982 DEBUG connectedSystem 208465 _a-0000ee92-fba5-8000-9c16-011c48011c48_4441479 Begin transport.
2025-10-17 17:35:52.982 DEBUG connectedSystem 208465 _a-0000ee92-fba5-8000-9c16-011c48011c48_4441479 Retrieving object data.
2025-10-17 17:35:52.987 DEBUG connectedSystem 208465 _a-0000ee92-fba5-8000-9c16-011c48011c48_4441479 Setting uuids of object references.
2025-10-17 17:35:52.987 DEBUG connectedSystem 208465 _a-0000ee92-fba5-8000-9c16-011c48011c48_4441479 Processing reference: ConnectedSystem.forum
2025-10-17 17:35:52.987 DEBUG connectedSystem 208465 _a-0000ee92-fba5-8000-9c16-011c48011c48_4441479 Processing reference: ConnectedSystem.integrationType
2025-10-17 17:35:52.987 DEBUG connectedSystem 208465 _a-0000ee92-fba5-8000-9c16-011c48011c48_4441479 Processing reference: ConnectedSystem.logoId
2025-10-17 17:35:52.988 DEBUG connectedSystem 208465 _a-0000ee92-fba5-8000-9c16-011c48011c48_4441479 Processing reference: ConnectedSystem.sharedConfigParameters
2025-10-17 17:35:52.988 DEBUG connectedSystem 208465 _a-0000ee92-fba5-8000-9c16-011c48011c48_4441479 Processing reference: com.appiancorp.suiteapi.content.ContentRoleMap@5f465430[
  ContentRole[name=readers,groupIds=[331],inherit=false,allowForAll=false]
  ContentRole[name=authors,inherit=false,allowForAll=false]
  ContentRole[name=administrators,groupIds=[330],inherit=false,allowForAll=false]
  ContentRole[name=denyReaders,inherit=false,allowForAll=false]
  ContentRole[name=denyAuthors,inherit=false,allowForAll=false]
  ContentRole[name=denyAdministrators,inherit=false,allowForAll=false]
  securityVector=1:SEC_PUBLIC=true,SEC_CREATOR_ADMIN=false,SEC_INH_ADMIN=false,SEC_INH_EDITOR=false,SEC_INH_VIEWER=false,SEC_ALL_ADMIN=false,SEC_ALL_EDITOR=false,SEC_ALL_VIEWER=false
]
2025-10-17 17:35:52.988 DEBUG connectedSystem 208465 _a-0000ee92-fba5-8000-9c16-011c48011c48_4441479 Processing reference: ContentRole[name=readers,groupIds=[331],inherit=false,allowForAll=false]
2025-10-17 17:35:52.989 DEBUG connectedSystem 208465 _a-0000ee92-fba5-8000-9c16-011c48011c48_4441479 Processing reference: ContentRole[name=authors,inherit=false,allowForAll=false]
2025-10-17 17:35:52.989 DEBUG connectedSystem 208465 _a-0000ee92-fba5-8000-9c16-011c48011c48_4441479 Processing reference: ContentRole[name=administrators,groupIds=[330],inherit=false,allowForAll=false]
2025-10-17 17:35:52.99 DEBUG connectedSystem 208465 _a-0000ee92-fba5-8000-9c16-011c48011c48_4441479 Processing reference: ContentRole[name=denyReaders,inherit=false,allowForAll=false]
2025-10-17 17:35:52.99 DEBUG connectedSystem 208465 _a-0000ee92-fba5-8000-9c16-011c48011c48_4441479 Processing reference: ContentRole[name=denyAuthors,inherit=false,allowForAll=false]
2025-10-17 17:35:52.99 DEBUG connectedSystem 208465 _a-0000ee92-fba5-8000-9c16-011c48011c48_4441479 Processing reference: ContentRole[name=denyAdministrators,inherit=false,allowForAll=false]
2025-10-17 17:35:52.99 DEBUG connectedSystem 208465 _a-0000ee92-fba5-8000-9c16-011c48011c48_4441479 Registering export properties.
2025-10-17 17:35:52.99 DEBUG connectedSystem 208465 _a-0000ee92-fba5-8000-9c16-011c48011c48_4441479 Exporting binary resources.
2025-10-17 17:35:52.99 DEBUG connectedSystem 208465 _a-0000ee92-fba5-8000-9c16-011c48011c48_4441479 Serializing object to XML.
2025-10-17 17:35:52.992 DEBUG connectedSystem 208465 _a-0000ee92-fba5-8000-9c16-011c48011c48_4441479 Object transported.
2025-10-17 17:35:52.992 DEBUG connectedSystem 209440 _a-0000ee92-fba5-8000-9c16-011c48011c48_4462292 Begin transport.
2025-10-17 17:35:52.992 DEBUG connectedSystem 209440 _a-0000ee92-fba5-8000-9c16-011c48011c48_4462292 Retrieving object data.
2025-10-17 17:35:52.997 DEBUG connectedSystem 209440 _a-0000ee92-fba5-8000-9c16-011c48011c48_4462292 Setting uuids of object references.
2025-10-17 17:35:52.997 DEBUG connectedSystem 209440 _a-0000ee92-fba5-8000-9c16-011c48011c48_4462292 Processing reference: ConnectedSystem.forum
2025-10-17 17:35:52.997 DEBUG connectedSystem 209440 _a-0000ee92-fba5-8000-9c16-011c48011c48_4462292 Processing reference: ConnectedSystem.integrationType
2025-10-17 17:35:52.997 DEBUG connectedSystem 209440 _a-0000ee92-fba5-8000-9c16-011c48011c48_4462292 Processing reference: ConnectedSystem.logoId
2025-10-17 17:35:52.997 DEBUG connectedSystem 209440 _a-0000ee92-fba5-8000-9c16-011c48011c48_4462292 Processing reference: ConnectedSystem.sharedConfigParameters
2025-10-17 17:35:52.997 DEBUG connectedSystem 209440 _a-0000ee92-fba5-8000-9c16-011c48011c48_4462292 Processing reference: com.appiancorp.suiteapi.content.ContentRoleMap@22911b77[
  ContentRole[name=readers,groupIds=[331],inherit=false,allowForAll=false]
  ContentRole[name=authors,inherit=false,allowForAll=false]
  ContentRole[name=administrators,groupIds=[330],inherit=false,allowForAll=false]
  ContentRole[name=denyReaders,inherit=false,allowForAll=false]
  ContentRole[name=denyAuthors,inherit=false,allowForAll=false]
  ContentRole[name=denyAdministrators,inherit=false,allowForAll=false]
  securityVector=1:SEC_PUBLIC=true,SEC_CREATOR_ADMIN=false,SEC_INH_ADMIN=false,SEC_INH_EDITOR=false,SEC_INH_VIEWER=false,SEC_ALL_ADMIN=false,SEC_ALL_EDITOR=false,SEC_ALL_VIEWER=false
]
2025-10-17 17:35:52.997 DEBUG connectedSystem 209440 _a-0000ee92-fba5-8000-9c16-011c48011c48_4462292 Processing reference: ContentRole[name=readers,groupIds=[331],inherit=false,allowForAll=false]
2025-10-17 17:35:52.998 DEBUG connectedSystem 209440 _a-0000ee92-fba5-8000-9c16-011c48011c48_4462292 Processing reference: ContentRole[name=authors,inherit=false,allowForAll=false]
2025-10-17 17:35:52.998 DEBUG connectedSystem 209440 _a-0000ee92-fba5-8000-9c16-011c48011c48_4462292 Processing reference: ContentRole[name=administrators,groupIds=[330],inherit=false,allowForAll=false]
2025-10-17 17:35:53.0 DEBUG connectedSystem 209440 _a-0000ee92-fba5-8000-9c16-011c48011c48_4462292 Processing reference: ContentRole[name=denyReaders,inherit=false,allowForAll=false]
2025-10-17 17:35:53.0 DEBUG connectedSystem 209440 _a-0000ee92-fba5-8000-9c16-011c48011c48_4462292 Processing reference: ContentRole[name=denyAuthors,inherit=false,allowForAll=false]
2025-10-17 17:35:53.0 DEBUG connectedSystem 209440 _a-0000ee92-fba5-8000-9c16-011c48011c48_4462292 Processing reference: ContentRole[name=denyAdministrators,inherit=false,allowForAll=false]
2025-10-17 17:35:53.0 DEBUG connectedSystem 209440 _a-0000ee92-fba5-8000-9c16-011c48011c48_4462292 Registering export properties.
2025-10-17 17:35:53.0 DEBUG connectedSystem 209440 _a-0000ee92-fba5-8000-9c16-011c48011c48_4462292 Exporting binary resources.
2025-10-17 17:35:53.0 DEBUG connectedSystem 209440 _a-0000ee92-fba5-8000-9c16-011c48011c48_4462292 Serializing object to XML.
2025-10-17 17:35:53.001 DEBUG connectedSystem 209440 _a-0000ee92-fba5-8000-9c16-011c48011c48_4462292 Object transported.
2025-10-17 17:35:53.07 DEBUG application 207321 9c354868-5dcd-4514-866d-19c6b14ecba7 Exporting binary resources.
2025-10-17 17:35:53.07 DEBUG application 207321 9c354868-5dcd-4514-866d-19c6b14ecba7 Serializing object to XML.
2025-10-17 17:35:53.071 DEBUG application 207321 9c354868-5dcd-4514-866d-19c6b14ecba7 Object transported.
